{"/Users/pascal/Documents/git/track-it/backend/src/cache/index.ts": {"path":"/Users/pascal/Documents/git/track-it/backend/src/cache/index.ts","statementMap":{"0":{"start":{"line":1,"column":0},"end":{"line":1,"column":24}}},"fnMap":{},"branchMap":{},"s":{"0":0},"f":{},"b":{}}
,"/Users/pascal/Documents/git/track-it/backend/src/cache/redis.ts": {"path":"/Users/pascal/Documents/git/track-it/backend/src/cache/redis.ts","statementMap":{"0":{"start":{"line":1,"column":0},"end":{"line":1,"column":28}},"1":{"start":{"line":2,"column":0},"end":{"line":2,"column":35}},"2":{"start":{"line":3,"column":0},"end":{"line":3,"column":35}},"3":{"start":{"line":6,"column":21},"end":{"line":15,"column":2}},"4":{"start":{"line":11,"column":18},"end":{"line":11,"column":44}},"5":{"start":{"line":12,"column":4},"end":{"line":12,"column":17}},"6":{"start":{"line":25,"column":4},"end":{"line":43,"column":5}},"7":{"start":{"line":26,"column":6},"end":{"line":26,"column":53}},"8":{"start":{"line":29,"column":6},"end":{"line":32,"column":9}},"9":{"start":{"line":30,"column":8},"end":{"line":30,"column":37}},"10":{"start":{"line":31,"column":8},"end":{"line":31,"column":46}},"11":{"start":{"line":34,"column":6},"end":{"line":37,"column":9}},"12":{"start":{"line":35,"column":8},"end":{"line":35,"column":38}},"13":{"start":{"line":36,"column":8},"end":{"line":36,"column":52}},"14":{"start":{"line":39,"column":6},"end":{"line":42,"column":9}},"15":{"start":{"line":40,"column":8},"end":{"line":40,"column":38}},"16":{"start":{"line":41,"column":8},"end":{"line":41,"column":49}},"17":{"start":{"line":45,"column":4},"end":{"line":45,"column":32}},"18":{"start":{"line":51,"column":4},"end":{"line":51,"column":23}},"19":{"start":{"line":53,"column":4},"end":{"line":53,"column":29}},"20":{"start":{"line":57,"column":4},"end":{"line":57,"column":66}},"21":{"start":{"line":61,"column":4},"end":{"line":66,"column":5}},"22":{"start":{"line":62,"column":6},"end":{"line":62,"column":40}},"23":{"start":{"line":63,"column":6},"end":{"line":63,"column":34}},"24":{"start":{"line":64,"column":6},"end":{"line":64,"column":36}},"25":{"start":{"line":65,"column":6},"end":{"line":65,"column":47}},"26":{"start":{"line":18,"column":0},"end":{"line":18,"column":13}},"27":{"start":{"line":19,"column":17},"end":{"line":19,"column":47}},"28":{"start":{"line":20,"column":17},"end":{"line":20,"column":44}},"29":{"start":{"line":71,"column":30},"end":{"line":71,"column":68}},"30":{"start":{"line":71,"column":43},"end":{"line":71,"column":68}},"31":{"start":{"line":71,"column":13},"end":{"line":71,"column":30}}},"fnMap":{"0":{"name":"(anonymous_1)","decl":{"start":{"line":10,"column":17},"end":{"line":10,"column":18}},"loc":{"start":{"line":10,"column":35},"end":{"line":13,"column":3}}},"1":{"name":"(anonymous_2)","decl":{"start":{"line":22,"column":2},"end":{"line":22,"column":25}},"loc":{"start":{"line":22,"column":2},"end":{"line":22,"column":26}}},"2":{"name":"(anonymous_3)","decl":{"start":{"line":24,"column":9},"end":{"line":24,"column":15}},"loc":{"start":{"line":24,"column":27},"end":{"line":46,"column":3}}},"3":{"name":"(anonymous_4)","decl":{"start":{"line":29,"column":41},"end":{"line":29,"column":44}},"loc":{"start":{"line":29,"column":46},"end":{"line":32,"column":7}}},"4":{"name":"(anonymous_5)","decl":{"start":{"line":34,"column":39},"end":{"line":34,"column":40}},"loc":{"start":{"line":34,"column":47},"end":{"line":37,"column":7}}},"5":{"name":"(anonymous_6)","decl":{"start":{"line":39,"column":46},"end":{"line":39,"column":49}},"loc":{"start":{"line":39,"column":51},"end":{"line":42,"column":7}}},"6":{"name":"(anonymous_7)","decl":{"start":{"line":49,"column":9},"end":{"line":49,"column":15}},"loc":{"start":{"line":49,"column":29},"end":{"line":54,"column":3}}},"7":{"name":"(anonymous_8)","decl":{"start":{"line":56,"column":9},"end":{"line":56,"column":15}},"loc":{"start":{"line":56,"column":27},"end":{"line":58,"column":3}}},"8":{"name":"(anonymous_9)","decl":{"start":{"line":60,"column":9},"end":{"line":60,"column":15}},"loc":{"start":{"line":60,"column":32},"end":{"line":67,"column":3}}},"9":{"name":"(anonymous_10)","decl":{"start":{"line":71,"column":30},"end":{"line":71,"column":40}},"loc":{"start":{"line":71,"column":43},"end":{"line":71,"column":68}}}},"branchMap":{"0":{"loc":{"start":{"line":9,"column":12},"end":{"line":9,"column":46}},"type":"binary-expr","locations":[{"start":{"line":9,"column":12},"end":{"line":9,"column":33}},{"start":{"line":9,"column":37},"end":{"line":9,"column":46}}]},"1":{"loc":{"start":{"line":25,"column":4},"end":{"line":43,"column":5}},"type":"if","locations":[{"start":{"line":25,"column":4},"end":{"line":43,"column":5}}]},"2":{"loc":{"start":{"line":57,"column":11},"end":{"line":57,"column":65}},"type":"binary-expr","locations":[{"start":{"line":57,"column":11},"end":{"line":57,"column":32}},{"start":{"line":57,"column":36},"end":{"line":57,"column":65}}]},"3":{"loc":{"start":{"line":61,"column":4},"end":{"line":66,"column":5}},"type":"if","locations":[{"start":{"line":61,"column":4},"end":{"line":66,"column":5}}]}},"s":{"0":0,"1":0,"2":0,"3":0,"4":0,"5":0,"6":0,"7":0,"8":0,"9":0,"10":0,"11":0,"12":0,"13":0,"14":0,"15":0,"16":0,"17":0,"18":0,"19":0,"20":0,"21":0,"22":0,"23":0,"24":0,"25":0,"26":0,"27":0,"28":0,"29":0,"30":0,"31":0},"f":{"0":0,"1":0,"2":0,"3":0,"4":0,"5":0,"6":0,"7":0,"8":0,"9":0},"b":{"0":[0,0],"1":[0],"2":[0,0],"3":[0]}}
,"/Users/pascal/Documents/git/track-it/backend/src/config/index.ts": {"path":"/Users/pascal/Documents/git/track-it/backend/src/config/index.ts","statementMap":{"0":{"start":{"line":1,"column":0},"end":{"line":1,"column":28}},"1":{"start":{"line":2,"column":0},"end":{"line":2,"column":24}},"2":{"start":{"line":5,"column":0},"end":{"line":5,"column":16}},"3":{"start":{"line":8,"column":18},"end":{"line":26,"column":2}},"4":{"start":{"line":29,"column":12},"end":{"line":29,"column":44}},"5":{"start":{"line":31,"column":0},"end":{"line":34,"column":1}},"6":{"start":{"line":32,"column":2},"end":{"line":32,"column":72}},"7":{"start":{"line":33,"column":2},"end":{"line":33,"column":51}},"8":{"start":{"line":37,"column":13},"end":{"line":54,"column":2}}},"fnMap":{},"branchMap":{"0":{"loc":{"start":{"line":31,"column":0},"end":{"line":34,"column":1}},"type":"if","locations":[{"start":{"line":31,"column":0},"end":{"line":34,"column":1}}]},"1":{"loc":{"start":{"line":47,"column":12},"end":{"line":47,"column":65}},"type":"cond-expr","locations":[{"start":{"line":47,"column":49},"end":{"line":47,"column":55}},{"start":{"line":47,"column":58},"end":{"line":47,"column":65}}]}},"s":{"0":0,"1":0,"2":0,"3":0,"4":0,"5":0,"6":0,"7":0,"8":0},"f":{},"b":{"0":[0],"1":[0,0]}}
,"/Users/pascal/Documents/git/track-it/backend/src/db/client.ts": {"path":"/Users/pascal/Documents/git/track-it/backend/src/db/client.ts","statementMap":{"0":{"start":{"line":5,"column":0},"end":{"line":5,"column":59}},"1":{"start":{"line":6,"column":0},"end":{"line":6,"column":35}},"2":{"start":{"line":9,"column":24},"end":{"line":9,"column":69}},"3":{"start":{"line":11,"column":13},"end":{"line":18,"column":5}},"4":{"start":{"line":21,"column":1},"end":{"line":27,"column":3}},"5":{"start":{"line":22,"column":2},"end":{"line":26,"column":21}},"6":{"start":{"line":30,"column":0},"end":{"line":42,"column":3}},"7":{"start":{"line":31,"column":20},"end":{"line":31,"column":30}},"8":{"start":{"line":32,"column":2},"end":{"line":41,"column":3}},"9":{"start":{"line":33,"column":4},"end":{"line":33,"column":30}},"10":{"start":{"line":35,"column":4},"end":{"line":39,"column":23}},"11":{"start":{"line":40,"column":4},"end":{"line":40,"column":16}},"12":{"start":{"line":45,"column":0},"end":{"line":47,"column":1}},"13":{"start":{"line":46,"column":2},"end":{"line":46,"column":34}},"14":{"start":{"line":50,"column":0},"end":{"line":50,"column":22}}},"fnMap":{"0":{"name":"(anonymous_0)","decl":{"start":{"line":21,"column":29},"end":{"line":21,"column":30}},"loc":{"start":{"line":21,"column":54},"end":{"line":27,"column":1}}},"1":{"name":"(anonymous_1)","decl":{"start":{"line":30,"column":12},"end":{"line":30,"column":17}},"loc":{"start":{"line":30,"column":35},"end":{"line":42,"column":1}}}},"branchMap":{"0":{"loc":{"start":{"line":11,"column":22},"end":{"line":18,"column":4}},"type":"binary-expr","locations":[{"start":{"line":11,"column":22},"end":{"line":11,"column":44}},{"start":{"line":12,"column":2},"end":{"line":18,"column":4}}]},"1":{"loc":{"start":{"line":45,"column":0},"end":{"line":47,"column":1}},"type":"if","locations":[{"start":{"line":45,"column":0},"end":{"line":47,"column":1}}]}},"s":{"0":0,"1":0,"2":0,"3":0,"4":0,"5":0,"6":0,"7":0,"8":0,"9":0,"10":0,"11":0,"12":0,"13":0,"14":0},"f":{"0":0,"1":0},"b":{"0":[0,0],"1":[0]}}
,"/Users/pascal/Documents/git/track-it/backend/src/db/index.ts": {"path":"/Users/pascal/Documents/git/track-it/backend/src/db/index.ts","statementMap":{"0":{"start":{"line":21,"column":0},"end":{"line":21,"column":7}},"1":{"start":{"line":34,"column":0},"end":{"line":34,"column":7}},"2":{"start":{"line":48,"column":0},"end":{"line":48,"column":7}},"3":{"start":{"line":5,"column":0},"end":{"line":5,"column":7}},"4":{"start":{"line":8,"column":9},"end":{"line":5,"column":30}},"5":{"start":{"line":11,"column":0},"end":{"line":11,"column":55}},"6":{"start":{"line":12,"column":0},"end":{"line":12,"column":63}},"7":{"start":{"line":13,"column":0},"end":{"line":13,"column":55}},"8":{"start":{"line":14,"column":0},"end":{"line":14,"column":61}},"9":{"start":{"line":15,"column":0},"end":{"line":15,"column":67}},"10":{"start":{"line":16,"column":0},"end":{"line":16,"column":71}},"11":{"start":{"line":17,"column":0},"end":{"line":17,"column":65}},"12":{"start":{"line":18,"column":0},"end":{"line":18,"column":59}},"13":{"start":{"line":22,"column":2},"end":{"line":30,"column":3}},"14":{"start":{"line":24,"column":4},"end":{"line":24,"column":28}},"15":{"start":{"line":25,"column":4},"end":{"line":25,"column":51}},"16":{"start":{"line":26,"column":4},"end":{"line":26,"column":16}},"17":{"start":{"line":28,"column":4},"end":{"line":28,"column":59}},"18":{"start":{"line":29,"column":4},"end":{"line":29,"column":17}},"19":{"start":{"line":35,"column":2},"end":{"line":42,"column":3}},"20":{"start":{"line":36,"column":4},"end":{"line":36,"column":31}},"21":{"start":{"line":37,"column":4},"end":{"line":37,"column":54}},"22":{"start":{"line":38,"column":4},"end":{"line":38,"column":16}},"23":{"start":{"line":40,"column":4},"end":{"line":40,"column":64}},"24":{"start":{"line":41,"column":4},"end":{"line":41,"column":17}},"25":{"start":{"line":49,"column":2},"end":{"line":59,"column":3}},"26":{"start":{"line":51,"column":4},"end":{"line":51,"column":37}},"27":{"start":{"line":52,"column":4},"end":{"line":52,"column":74}},"28":{"start":{"line":54,"column":4},"end":{"line":58,"column":6}}},"fnMap":{"0":{"name":"connectToDatabase","decl":{"start":{"line":21,"column":22},"end":{"line":21,"column":39}},"loc":{"start":{"line":21,"column":39},"end":{"line":31,"column":1}}},"1":{"name":"disconnectFromDatabase","decl":{"start":{"line":34,"column":22},"end":{"line":34,"column":44}},"loc":{"start":{"line":34,"column":44},"end":{"line":43,"column":1}}},"2":{"name":"healthCheck","decl":{"start":{"line":48,"column":22},"end":{"line":48,"column":33}},"loc":{"start":{"line":48,"column":33},"end":{"line":60,"column":1}}}},"branchMap":{"0":{"loc":{"start":{"line":57,"column":13},"end":{"line":57,"column":67}},"type":"cond-expr","locations":[{"start":{"line":57,"column":38},"end":{"line":57,"column":51}},{"start":{"line":57,"column":54},"end":{"line":57,"column":67}}]}},"s":{"0":0,"1":0,"2":0,"3":0,"4":0,"5":0,"6":0,"7":0,"8":0,"9":0,"10":0,"11":0,"12":0,"13":0,"14":0,"15":0,"16":0,"17":0,"18":0,"19":0,"20":0,"21":0,"22":0,"23":0,"24":0,"25":0,"26":0,"27":0,"28":0},"f":{"0":0,"1":0,"2":0},"b":{"0":[0,0]}}
,"/Users/pascal/Documents/git/track-it/backend/src/db/services/analytics.service.ts": {"path":"/Users/pascal/Documents/git/track-it/backend/src/db/services/analytics.service.ts","statementMap":{"0":{"start":{"line":14,"column":0},"end":{"line":14,"column":7}},"1":{"start":{"line":82,"column":0},"end":{"line":82,"column":7}},"2":{"start":{"line":123,"column":0},"end":{"line":123,"column":7}},"3":{"start":{"line":161,"column":0},"end":{"line":161,"column":7}},"4":{"start":{"line":4,"column":0},"end":{"line":4,"column":31}},"5":{"start":{"line":5,"column":0},"end":{"line":5,"column":64}},"6":{"start":{"line":7,"column":0},"end":{"line":7,"column":57}},"7":{"start":{"line":15,"column":2},"end":{"line":75,"column":3}},"8":{"start":{"line":16,"column":16},"end":{"line":16,"column":26}},"9":{"start":{"line":20,"column":4},"end":{"line":32,"column":5}},"10":{"start":{"line":22,"column":8},"end":{"line":22,"column":70}},"11":{"start":{"line":23,"column":8},"end":{"line":23,"column":14}},"12":{"start":{"line":25,"column":8},"end":{"line":25,"column":71}},"13":{"start":{"line":26,"column":8},"end":{"line":26,"column":14}},"14":{"start":{"line":28,"column":8},"end":{"line":28,"column":72}},"15":{"start":{"line":29,"column":8},"end":{"line":29,"column":14}},"16":{"start":{"line":31,"column":8},"end":{"line":31,"column":70}},"17":{"start":{"line":35,"column":18},"end":{"line":48,"column":6}},"18":{"start":{"line":51,"column":53},"end":{"line":51,"column":55}},"19":{"start":{"line":53,"column":4},"end":{"line":61,"column":7}},"20":{"start":{"line":54,"column":22},"end":{"line":54,"column":64}},"21":{"start":{"line":56,"column":6},"end":{"line":58,"column":7}},"22":{"start":{"line":57,"column":8},"end":{"line":57,"column":38}},"23":{"start":{"line":60,"column":6},"end":{"line":60,"column":34}},"24":{"start":{"line":64,"column":19},"end":{"line":67,"column":7}},"25":{"start":{"line":64,"column":80},"end":{"line":67,"column":6}},"26":{"start":{"line":70,"column":4},"end":{"line":70,"column":56}},"27":{"start":{"line":70,"column":26},"end":{"line":70,"column":54}},"28":{"start":{"line":72,"column":4},"end":{"line":72,"column":18}},"29":{"start":{"line":74,"column":4},"end":{"line":74,"column":107}},"30":{"start":{"line":83,"column":2},"end":{"line":116,"column":3}},"31":{"start":{"line":85,"column":25},"end":{"line":101,"column":6}},"32":{"start":{"line":104,"column":19},"end":{"line":108,"column":7}},"33":{"start":{"line":104,"column":45},"end":{"line":108,"column":6}},"34":{"start":{"line":111,"column":4},"end":{"line":111,"column":53}},"35":{"start":{"line":111,"column":26},"end":{"line":111,"column":51}},"36":{"start":{"line":113,"column":4},"end":{"line":113,"column":18}},"37":{"start":{"line":115,"column":4},"end":{"line":115,"column":83}},"38":{"start":{"line":124,"column":2},"end":{"line":154,"column":3}},"39":{"start":{"line":126,"column":23},"end":{"line":136,"column":6}},"40":{"start":{"line":139,"column":19},"end":{"line":142,"column":7}},"41":{"start":{"line":139,"column":43},"end":{"line":142,"column":6}},"42":{"start":{"line":145,"column":26},"end":{"line":145,"column":75}},"43":{"start":{"line":146,"column":4},"end":{"line":149,"column":6}},"44":{"start":{"line":147,"column":6},"end":{"line":148,"column":61}},"45":{"start":{"line":151,"column":4},"end":{"line":151,"column":18}},"46":{"start":{"line":153,"column":4},"end":{"line":153,"column":76}},"47":{"start":{"line":162,"column":2},"end":{"line":217,"column":3}},"48":{"start":{"line":164,"column":18},"end":{"line":173,"column":6}},"49":{"start":{"line":176,"column":28},"end":{"line":180,"column":6}},"50":{"start":{"line":182,"column":4},"end":{"line":195,"column":7}},"51":{"start":{"line":183,"column":23},"end":{"line":183,"column":68}},"52":{"start":{"line":185,"column":6},"end":{"line":187,"column":7}},"53":{"start":{"line":186,"column":8},"end":{"line":186,"column":15}},"54":{"start":{"line":190,"column":31},"end":{"line":190,"column":55}},"55":{"start":{"line":191,"column":33},"end":{"line":191,"column":57}},"56":{"start":{"line":192,"column":29},"end":{"line":192,"column":92}},"57":{"start":{"line":194,"column":7},"end":{"line":194,"column":62}},"58":{"start":{"line":198,"column":31},"end":{"line":205,"column":6}},"59":{"start":{"line":200,"column":51},"end":{"line":200,"column":61}},"60":{"start":{"line":202,"column":53},"end":{"line":202,"column":63}},"61":{"start":{"line":204,"column":50},"end":{"line":204,"column":60}},"62":{"start":{"line":207,"column":4},"end":{"line":214,"column":6}},"63":{"start":{"line":216,"column":4},"end":{"line":216,"column":85}}},"fnMap":{"0":{"name":"getTaskCompletionStats","decl":{"start":{"line":14,"column":22},"end":{"line":14,"column":44}},"loc":{"start":{"line":14,"column":81},"end":{"line":76,"column":1}}},"1":{"name":"(anonymous_2)","decl":{"start":{"line":53,"column":18},"end":{"line":53,"column":22}},"loc":{"start":{"line":53,"column":25},"end":{"line":61,"column":5}}},"2":{"name":"(anonymous_3)","decl":{"start":{"line":64,"column":56},"end":{"line":64,"column":57}},"loc":{"start":{"line":64,"column":80},"end":{"line":67,"column":6}}},"3":{"name":"(anonymous_4)","decl":{"start":{"line":70,"column":16},"end":{"line":70,"column":17}},"loc":{"start":{"line":70,"column":26},"end":{"line":70,"column":54}}},"4":{"name":"getUserWorkload","decl":{"start":{"line":82,"column":22},"end":{"line":82,"column":37}},"loc":{"start":{"line":82,"column":37},"end":{"line":117,"column":1}}},"5":{"name":"(anonymous_6)","decl":{"start":{"line":104,"column":36},"end":{"line":104,"column":40}},"loc":{"start":{"line":104,"column":45},"end":{"line":108,"column":6}}},"6":{"name":"(anonymous_7)","decl":{"start":{"line":111,"column":16},"end":{"line":111,"column":17}},"loc":{"start":{"line":111,"column":26},"end":{"line":111,"column":51}}},"7":{"name":"getTasksByPriority","decl":{"start":{"line":123,"column":22},"end":{"line":123,"column":40}},"loc":{"start":{"line":123,"column":40},"end":{"line":155,"column":1}}},"8":{"name":"(anonymous_9)","decl":{"start":{"line":139,"column":34},"end":{"line":139,"column":38}},"loc":{"start":{"line":139,"column":43},"end":{"line":142,"column":6}}},"9":{"name":"(anonymous_10)","decl":{"start":{"line":146,"column":16},"end":{"line":146,"column":17}},"loc":{"start":{"line":147,"column":6},"end":{"line":148,"column":61}}},"10":{"name":"getCompletionTimeByPriority","decl":{"start":{"line":161,"column":22},"end":{"line":161,"column":49}},"loc":{"start":{"line":161,"column":49},"end":{"line":218,"column":1}}},"11":{"name":"(anonymous_12)","decl":{"start":{"line":182,"column":18},"end":{"line":182,"column":22}},"loc":{"start":{"line":182,"column":25},"end":{"line":195,"column":5}}},"12":{"name":"(anonymous_13)","decl":{"start":{"line":200,"column":36},"end":{"line":200,"column":37}},"loc":{"start":{"line":200,"column":51},"end":{"line":200,"column":61}}},"13":{"name":"(anonymous_14)","decl":{"start":{"line":202,"column":38},"end":{"line":202,"column":39}},"loc":{"start":{"line":202,"column":53},"end":{"line":202,"column":63}}},"14":{"name":"(anonymous_15)","decl":{"start":{"line":204,"column":35},"end":{"line":204,"column":36}},"loc":{"start":{"line":204,"column":50},"end":{"line":204,"column":60}}}},"branchMap":{"0":{"loc":{"start":{"line":20,"column":4},"end":{"line":32,"column":5}},"type":"switch","locations":[{"start":{"line":21,"column":6},"end":{"line":23,"column":14}},{"start":{"line":24,"column":6},"end":{"line":26,"column":14}},{"start":{"line":27,"column":6},"end":{"line":29,"column":14}},{"start":{"line":30,"column":6},"end":{"line":31,"column":70}}]},"1":{"loc":{"start":{"line":56,"column":6},"end":{"line":58,"column":7}},"type":"if","locations":[{"start":{"line":56,"column":6},"end":{"line":58,"column":7}}]},"2":{"loc":{"start":{"line":185,"column":6},"end":{"line":187,"column":7}},"type":"if","locations":[{"start":{"line":185,"column":6},"end":{"line":187,"column":7}}]},"3":{"loc":{"start":{"line":185,"column":10},"end":{"line":185,"column":76}},"type":"binary-expr","locations":[{"start":{"line":185,"column":10},"end":{"line":185,"column":29}},{"start":{"line":185,"column":33},"end":{"line":185,"column":54}},{"start":{"line":185,"column":58},"end":{"line":185,"column":76}}]},"4":{"loc":{"start":{"line":199,"column":12},"end":{"line":200,"column":99}},"type":"cond-expr","locations":[{"start":{"line":200,"column":8},"end":{"line":200,"column":95}},{"start":{"line":200,"column":98},"end":{"line":200,"column":99}}]},"5":{"loc":{"start":{"line":201,"column":14},"end":{"line":202,"column":103}},"type":"cond-expr","locations":[{"start":{"line":202,"column":8},"end":{"line":202,"column":99}},{"start":{"line":202,"column":102},"end":{"line":202,"column":103}}]},"6":{"loc":{"start":{"line":203,"column":11},"end":{"line":204,"column":97}},"type":"cond-expr","locations":[{"start":{"line":204,"column":8},"end":{"line":204,"column":93}},{"start":{"line":204,"column":96},"end":{"line":204,"column":97}}]}},"s":{"0":0,"1":0,"2":0,"3":0,"4":0,"5":0,"6":0,"7":0,"8":0,"9":0,"10":0,"11":0,"12":0,"13":0,"14":0,"15":0,"16":0,"17":0,"18":0,"19":0,"20":0,"21":0,"22":0,"23":0,"24":0,"25":0,"26":0,"27":0,"28":0,"29":0,"30":0,"31":0,"32":0,"33":0,"34":0,"35":0,"36":0,"37":0,"38":0,"39":0,"40":0,"41":0,"42":0,"43":0,"44":0,"45":0,"46":0,"47":0,"48":0,"49":0,"50":0,"51":0,"52":0,"53":0,"54":0,"55":0,"56":0,"57":0,"58":0,"59":0,"60":0,"61":0,"62":0,"63":0},"f":{"0":0,"1":0,"2":0,"3":0,"4":0,"5":0,"6":0,"7":0,"8":0,"9":0,"10":0,"11":0,"12":0,"13":0,"14":0},"b":{"0":[0,0,0,0],"1":[0],"2":[0],"3":[0,0,0],"4":[0,0],"5":[0,0],"6":[0,0]}}
,"/Users/pascal/Documents/git/track-it/backend/src/db/services/attachment.service.ts": {"path":"/Users/pascal/Documents/git/track-it/backend/src/db/services/attachment.service.ts","statementMap":{"0":{"start":{"line":11,"column":0},"end":{"line":11,"column":7}},"1":{"start":{"line":27,"column":0},"end":{"line":27,"column":7}},"2":{"start":{"line":51,"column":0},"end":{"line":51,"column":7}},"3":{"start":{"line":65,"column":0},"end":{"line":65,"column":7}},"4":{"start":{"line":83,"column":0},"end":{"line":83,"column":16}},"5":{"start":{"line":101,"column":0},"end":{"line":101,"column":16}},"6":{"start":{"line":5,"column":0},"end":{"line":5,"column":31}},"7":{"start":{"line":6,"column":0},"end":{"line":6,"column":64}},"8":{"start":{"line":12,"column":2},"end":{"line":21,"column":3}},"9":{"start":{"line":13,"column":4},"end":{"line":18,"column":7}},"10":{"start":{"line":20,"column":4},"end":{"line":20,"column":97}},"11":{"start":{"line":28,"column":2},"end":{"line":44,"column":3}},"12":{"start":{"line":29,"column":4},"end":{"line":41,"column":7}},"13":{"start":{"line":43,"column":4},"end":{"line":43,"column":83}},"14":{"start":{"line":52,"column":2},"end":{"line":58,"column":3}},"15":{"start":{"line":53,"column":4},"end":{"line":55,"column":7}},"16":{"start":{"line":57,"column":4},"end":{"line":57,"column":72}},"17":{"start":{"line":66,"column":2},"end":{"line":73,"column":3}},"18":{"start":{"line":67,"column":4},"end":{"line":69,"column":7}},"19":{"start":{"line":70,"column":4},"end":{"line":70,"column":16}},"20":{"start":{"line":72,"column":4},"end":{"line":72,"column":86}},"21":{"start":{"line":85,"column":2},"end":{"line":87,"column":3}},"22":{"start":{"line":86,"column":4},"end":{"line":86,"column":16}},"23":{"start":{"line":91,"column":24},"end":{"line":91,"column":67}},"24":{"start":{"line":92,"column":2},"end":{"line":92,"column":59}},"25":{"start":{"line":104,"column":24},"end":{"line":104,"column":67}},"26":{"start":{"line":105,"column":2},"end":{"line":105,"column":54}}},"fnMap":{"0":{"name":"getAttachmentsByTaskId","decl":{"start":{"line":11,"column":22},"end":{"line":11,"column":44}},"loc":{"start":{"line":11,"column":59},"end":{"line":22,"column":1}}},"1":{"name":"getAttachmentById","decl":{"start":{"line":27,"column":22},"end":{"line":27,"column":39}},"loc":{"start":{"line":27,"column":50},"end":{"line":45,"column":1}}},"2":{"name":"createAttachment","decl":{"start":{"line":51,"column":22},"end":{"line":51,"column":38}},"loc":{"start":{"line":51,"column":73},"end":{"line":59,"column":1}}},"3":{"name":"deleteAttachment","decl":{"start":{"line":65,"column":22},"end":{"line":65,"column":38}},"loc":{"start":{"line":65,"column":49},"end":{"line":74,"column":1}}},"4":{"name":"generateThumbnailUrl","decl":{"start":{"line":83,"column":16},"end":{"line":83,"column":36}},"loc":{"start":{"line":83,"column":71},"end":{"line":93,"column":1}}},"5":{"name":"generateFileUrl","decl":{"start":{"line":101,"column":16},"end":{"line":101,"column":31}},"loc":{"start":{"line":101,"column":48},"end":{"line":106,"column":1}}}},"branchMap":{"0":{"loc":{"start":{"line":85,"column":2},"end":{"line":87,"column":3}},"type":"if","locations":[{"start":{"line":85,"column":2},"end":{"line":87,"column":3}}]}},"s":{"0":0,"1":0,"2":0,"3":0,"4":0,"5":0,"6":0,"7":0,"8":0,"9":0,"10":0,"11":0,"12":0,"13":0,"14":0,"15":0,"16":0,"17":0,"18":0,"19":0,"20":0,"21":0,"22":0,"23":0,"24":0,"25":0,"26":0},"f":{"0":0,"1":0,"2":0,"3":0,"4":0,"5":0},"b":{"0":[0]}}
,"/Users/pascal/Documents/git/track-it/backend/src/db/services/comment.service.ts": {"path":"/Users/pascal/Documents/git/track-it/backend/src/db/services/comment.service.ts","statementMap":{"0":{"start":{"line":11,"column":0},"end":{"line":11,"column":7}},"1":{"start":{"line":48,"column":0},"end":{"line":48,"column":7}},"2":{"start":{"line":61,"column":0},"end":{"line":61,"column":7}},"3":{"start":{"line":84,"column":0},"end":{"line":84,"column":7}},"4":{"start":{"line":115,"column":0},"end":{"line":115,"column":7}},"5":{"start":{"line":139,"column":0},"end":{"line":139,"column":7}},"6":{"start":{"line":155,"column":0},"end":{"line":155,"column":16}},"7":{"start":{"line":166,"column":0},"end":{"line":166,"column":7}},"8":{"start":{"line":5,"column":0},"end":{"line":5,"column":31}},"9":{"start":{"line":6,"column":0},"end":{"line":6,"column":64}},"10":{"start":{"line":12,"column":2},"end":{"line":42,"column":3}},"11":{"start":{"line":13,"column":4},"end":{"line":39,"column":7}},"12":{"start":{"line":41,"column":4},"end":{"line":41,"column":94}},"13":{"start":{"line":49,"column":2},"end":{"line":55,"column":3}},"14":{"start":{"line":50,"column":4},"end":{"line":52,"column":7}},"15":{"start":{"line":54,"column":4},"end":{"line":54,"column":99}},"16":{"start":{"line":62,"column":2},"end":{"line":78,"column":3}},"17":{"start":{"line":63,"column":4},"end":{"line":75,"column":7}},"18":{"start":{"line":77,"column":4},"end":{"line":77,"column":69}},"19":{"start":{"line":85,"column":2},"end":{"line":109,"column":3}},"20":{"start":{"line":86,"column":4},"end":{"line":106,"column":7}},"21":{"start":{"line":108,"column":4},"end":{"line":108,"column":80}},"22":{"start":{"line":116,"column":2},"end":{"line":133,"column":3}},"23":{"start":{"line":117,"column":4},"end":{"line":130,"column":7}},"24":{"start":{"line":132,"column":4},"end":{"line":132,"column":83}},"25":{"start":{"line":140,"column":2},"end":{"line":147,"column":3}},"26":{"start":{"line":141,"column":4},"end":{"line":143,"column":7}},"27":{"start":{"line":144,"column":4},"end":{"line":144,"column":16}},"28":{"start":{"line":146,"column":4},"end":{"line":146,"column":83}},"29":{"start":{"line":156,"column":23},"end":{"line":156,"column":32}},"30":{"start":{"line":157,"column":25},"end":{"line":157,"column":57}},"31":{"start":{"line":158,"column":2},"end":{"line":158,"column":47}},"32":{"start":{"line":158,"column":37},"end":{"line":158,"column":45}},"33":{"start":{"line":167,"column":2},"end":{"line":187,"column":3}},"34":{"start":{"line":168,"column":4},"end":{"line":168,"column":42}},"35":{"start":{"line":168,"column":32},"end":{"line":168,"column":42}},"36":{"start":{"line":170,"column":18},"end":{"line":182,"column":6}},"37":{"start":{"line":172,"column":35},"end":{"line":177,"column":10}},"38":{"start":{"line":184,"column":4},"end":{"line":184,"column":38}},"39":{"start":{"line":184,"column":29},"end":{"line":184,"column":36}},"40":{"start":{"line":186,"column":4},"end":{"line":186,"column":86}}},"fnMap":{"0":{"name":"getCommentsByTaskId","decl":{"start":{"line":11,"column":22},"end":{"line":11,"column":41}},"loc":{"start":{"line":11,"column":56},"end":{"line":43,"column":1}}},"1":{"name":"getCommentCount","decl":{"start":{"line":48,"column":22},"end":{"line":48,"column":37}},"loc":{"start":{"line":48,"column":52},"end":{"line":56,"column":1}}},"2":{"name":"createComment","decl":{"start":{"line":61,"column":22},"end":{"line":61,"column":35}},"loc":{"start":{"line":61,"column":67},"end":{"line":79,"column":1}}},"3":{"name":"getCommentById","decl":{"start":{"line":84,"column":22},"end":{"line":84,"column":36}},"loc":{"start":{"line":84,"column":47},"end":{"line":110,"column":1}}},"4":{"name":"updateComment","decl":{"start":{"line":115,"column":22},"end":{"line":115,"column":35}},"loc":{"start":{"line":115,"column":79},"end":{"line":134,"column":1}}},"5":{"name":"deleteComment","decl":{"start":{"line":139,"column":22},"end":{"line":139,"column":35}},"loc":{"start":{"line":139,"column":46},"end":{"line":148,"column":1}}},"6":{"name":"extractMentions","decl":{"start":{"line":155,"column":16},"end":{"line":155,"column":31}},"loc":{"start":{"line":155,"column":44},"end":{"line":159,"column":1}}},"7":{"name":"(anonymous_8)","decl":{"start":{"line":158,"column":28},"end":{"line":158,"column":33}},"loc":{"start":{"line":158,"column":37},"end":{"line":158,"column":45}}},"8":{"name":"resolveUserIds","decl":{"start":{"line":166,"column":22},"end":{"line":166,"column":36}},"loc":{"start":{"line":166,"column":56},"end":{"line":188,"column":1}}},"9":{"name":"(anonymous_10)","decl":{"start":{"line":172,"column":26},"end":{"line":172,"column":30}},"loc":{"start":{"line":172,"column":35},"end":{"line":177,"column":10}}},"10":{"name":"(anonymous_11)","decl":{"start":{"line":184,"column":21},"end":{"line":184,"column":25}},"loc":{"start":{"line":184,"column":29},"end":{"line":184,"column":36}}}},"branchMap":{"0":{"loc":{"start":{"line":168,"column":4},"end":{"line":168,"column":42}},"type":"if","locations":[{"start":{"line":168,"column":4},"end":{"line":168,"column":42}}]}},"s":{"0":0,"1":0,"2":0,"3":0,"4":0,"5":0,"6":0,"7":0,"8":0,"9":0,"10":0,"11":0,"12":0,"13":0,"14":0,"15":0,"16":0,"17":0,"18":0,"19":0,"20":0,"21":0,"22":0,"23":0,"24":0,"25":0,"26":0,"27":0,"28":0,"29":0,"30":0,"31":0,"32":0,"33":0,"34":0,"35":0,"36":0,"37":0,"38":0,"39":0,"40":0},"f":{"0":0,"1":0,"2":0,"3":0,"4":0,"5":0,"6":0,"7":0,"8":0,"9":0,"10":0},"b":{"0":[0]}}
,"/Users/pascal/Documents/git/track-it/backend/src/db/services/google.service.ts": {"path":"/Users/pascal/Documents/git/track-it/backend/src/db/services/google.service.ts","statementMap":{"0":{"start":{"line":12,"column":0},"end":{"line":12,"column":7}},"1":{"start":{"line":51,"column":0},"end":{"line":51,"column":7}},"2":{"start":{"line":91,"column":0},"end":{"line":91,"column":7}},"3":{"start":{"line":140,"column":0},"end":{"line":140,"column":7}},"4":{"start":{"line":201,"column":0},"end":{"line":201,"column":7}},"5":{"start":{"line":244,"column":0},"end":{"line":244,"column":7}},"6":{"start":{"line":283,"column":0},"end":{"line":283,"column":7}},"7":{"start":{"line":4,"column":0},"end":{"line":4,"column":31}},"8":{"start":{"line":5,"column":0},"end":{"line":5,"column":92}},"9":{"start":{"line":13,"column":2},"end":{"line":43,"column":3}},"10":{"start":{"line":14,"column":17},"end":{"line":24,"column":6}},"11":{"start":{"line":26,"column":4},"end":{"line":28,"column":5}},"12":{"start":{"line":27,"column":6},"end":{"line":27,"column":68}},"13":{"start":{"line":30,"column":24},"end":{"line":30,"column":68}},"14":{"start":{"line":32,"column":4},"end":{"line":40,"column":6}},"15":{"start":{"line":42,"column":4},"end":{"line":42,"column":110}},"16":{"start":{"line":52,"column":2},"end":{"line":82,"column":3}},"17":{"start":{"line":54,"column":29},"end":{"line":54,"column":62}},"18":{"start":{"line":56,"column":4},"end":{"line":58,"column":5}},"19":{"start":{"line":57,"column":6},"end":{"line":57,"column":81}},"20":{"start":{"line":62,"column":19},"end":{"line":64,"column":6}},"21":{"start":{"line":66,"column":4},"end":{"line":76,"column":8}},"22":{"start":{"line":66,"column":32},"end":{"line":76,"column":6}},"23":{"start":{"line":78,"column":4},"end":{"line":80,"column":5}},"24":{"start":{"line":79,"column":6},"end":{"line":79,"column":18}},"25":{"start":{"line":81,"column":4},"end":{"line":81,"column":127}},"26":{"start":{"line":92,"column":2},"end":{"line":130,"column":3}},"27":{"start":{"line":94,"column":29},"end":{"line":94,"column":62}},"28":{"start":{"line":96,"column":4},"end":{"line":98,"column":5}},"29":{"start":{"line":97,"column":6},"end":{"line":97,"column":81}},"30":{"start":{"line":102,"column":21},"end":{"line":113,"column":6}},"31":{"start":{"line":115,"column":4},"end":{"line":124,"column":6}},"32":{"start":{"line":126,"column":4},"end":{"line":128,"column":5}},"33":{"start":{"line":127,"column":6},"end":{"line":127,"column":18}},"34":{"start":{"line":129,"column":4},"end":{"line":129,"column":129}},"35":{"start":{"line":141,"column":2},"end":{"line":192,"column":3}},"36":{"start":{"line":143,"column":29},"end":{"line":143,"column":62}},"37":{"start":{"line":145,"column":4},"end":{"line":147,"column":5}},"38":{"start":{"line":146,"column":6},"end":{"line":146,"column":81}},"39":{"start":{"line":150,"column":18},"end":{"line":158,"column":6}},"40":{"start":{"line":160,"column":4},"end":{"line":162,"column":5}},"41":{"start":{"line":161,"column":6},"end":{"line":161,"column":79}},"42":{"start":{"line":165,"column":25},"end":{"line":175,"column":6}},"43":{"start":{"line":177,"column":4},"end":{"line":186,"column":6}},"44":{"start":{"line":188,"column":4},"end":{"line":190,"column":5}},"45":{"start":{"line":189,"column":6},"end":{"line":189,"column":18}},"46":{"start":{"line":191,"column":4},"end":{"line":191,"column":121}},"47":{"start":{"line":202,"column":2},"end":{"line":236,"column":3}},"48":{"start":{"line":204,"column":29},"end":{"line":204,"column":62}},"49":{"start":{"line":206,"column":4},"end":{"line":208,"column":5}},"50":{"start":{"line":207,"column":6},"end":{"line":207,"column":81}},"51":{"start":{"line":211,"column":18},"end":{"line":219,"column":6}},"52":{"start":{"line":221,"column":4},"end":{"line":223,"column":5}},"53":{"start":{"line":222,"column":6},"end":{"line":222,"column":79}},"54":{"start":{"line":226,"column":4},"end":{"line":228,"column":7}},"55":{"start":{"line":230,"column":4},"end":{"line":230,"column":42}},"56":{"start":{"line":232,"column":4},"end":{"line":234,"column":5}},"57":{"start":{"line":233,"column":6},"end":{"line":233,"column":18}},"58":{"start":{"line":235,"column":4},"end":{"line":235,"column":121}},"59":{"start":{"line":245,"column":2},"end":{"line":273,"column":3}},"60":{"start":{"line":247,"column":29},"end":{"line":247,"column":62}},"61":{"start":{"line":249,"column":4},"end":{"line":251,"column":5}},"62":{"start":{"line":250,"column":6},"end":{"line":250,"column":81}},"63":{"start":{"line":257,"column":31},"end":{"line":259,"column":6}},"64":{"start":{"line":261,"column":4},"end":{"line":267,"column":6}},"65":{"start":{"line":269,"column":4},"end":{"line":271,"column":5}},"66":{"start":{"line":270,"column":6},"end":{"line":270,"column":18}},"67":{"start":{"line":272,"column":4},"end":{"line":272,"column":121}},"68":{"start":{"line":284,"column":2},"end":{"line":333,"column":3}},"69":{"start":{"line":286,"column":29},"end":{"line":286,"column":62}},"70":{"start":{"line":288,"column":4},"end":{"line":290,"column":5}},"71":{"start":{"line":289,"column":6},"end":{"line":289,"column":81}},"72":{"start":{"line":296,"column":20},"end":{"line":307,"column":6}},"73":{"start":{"line":309,"column":4},"end":{"line":327,"column":6}},"74":{"start":{"line":329,"column":4},"end":{"line":331,"column":5}},"75":{"start":{"line":330,"column":6},"end":{"line":330,"column":18}},"76":{"start":{"line":332,"column":4},"end":{"line":332,"column":120}}},"fnMap":{"0":{"name":"getConnectionStatus","decl":{"start":{"line":12,"column":22},"end":{"line":12,"column":41}},"loc":{"start":{"line":12,"column":56},"end":{"line":44,"column":1}}},"1":{"name":"getCalendarEvents","decl":{"start":{"line":51,"column":22},"end":{"line":51,"column":39}},"loc":{"start":{"line":51,"column":54},"end":{"line":83,"column":1}}},"2":{"name":"(anonymous_3)","decl":{"start":{"line":66,"column":22},"end":{"line":66,"column":27}},"loc":{"start":{"line":66,"column":32},"end":{"line":76,"column":6}}},"3":{"name":"createCalendarEvent","decl":{"start":{"line":91,"column":22},"end":{"line":91,"column":41}},"loc":{"start":{"line":91,"column":72},"end":{"line":131,"column":1}}},"4":{"name":"updateCalendarEvent","decl":{"start":{"line":140,"column":22},"end":{"line":140,"column":41}},"loc":{"start":{"line":140,"column":89},"end":{"line":193,"column":1}}},"5":{"name":"deleteCalendarEvent","decl":{"start":{"line":201,"column":22},"end":{"line":201,"column":41}},"loc":{"start":{"line":201,"column":73},"end":{"line":237,"column":1}}},"6":{"name":"syncCalendar","decl":{"start":{"line":244,"column":22},"end":{"line":244,"column":34}},"loc":{"start":{"line":244,"column":49},"end":{"line":274,"column":1}}},"7":{"name":"importGoogleTaskAsTask","decl":{"start":{"line":283,"column":22},"end":{"line":283,"column":44}},"loc":{"start":{"line":283,"column":101},"end":{"line":334,"column":1}}}},"branchMap":{"0":{"loc":{"start":{"line":26,"column":4},"end":{"line":28,"column":5}},"type":"if","locations":[{"start":{"line":26,"column":4},"end":{"line":28,"column":5}}]},"1":{"loc":{"start":{"line":30,"column":24},"end":{"line":30,"column":68}},"type":"binary-expr","locations":[{"start":{"line":30,"column":24},"end":{"line":30,"column":39}},{"start":{"line":30,"column":43},"end":{"line":30,"column":68}}]},"2":{"loc":{"start":{"line":34,"column":13},"end":{"line":34,"column":44}},"type":"cond-expr","locations":[{"start":{"line":34,"column":27},"end":{"line":34,"column":37}},{"start":{"line":34,"column":40},"end":{"line":34,"column":44}}]},"3":{"loc":{"start":{"line":56,"column":4},"end":{"line":58,"column":5}},"type":"if","locations":[{"start":{"line":56,"column":4},"end":{"line":58,"column":5}}]},"4":{"loc":{"start":{"line":75,"column":14},"end":{"line":75,"column":39}},"type":"binary-expr","locations":[{"start":{"line":75,"column":14},"end":{"line":75,"column":26}},{"start":{"line":75,"column":30},"end":{"line":75,"column":39}}]},"5":{"loc":{"start":{"line":78,"column":4},"end":{"line":80,"column":5}},"type":"if","locations":[{"start":{"line":78,"column":4},"end":{"line":80,"column":5}}]},"6":{"loc":{"start":{"line":78,"column":8},"end":{"line":78,"column":59}},"type":"binary-expr","locations":[{"start":{"line":78,"column":8},"end":{"line":78,"column":30}},{"start":{"line":78,"column":34},"end":{"line":78,"column":59}}]},"7":{"loc":{"start":{"line":96,"column":4},"end":{"line":98,"column":5}},"type":"if","locations":[{"start":{"line":96,"column":4},"end":{"line":98,"column":5}}]},"8":{"loc":{"start":{"line":126,"column":4},"end":{"line":128,"column":5}},"type":"if","locations":[{"start":{"line":126,"column":4},"end":{"line":128,"column":5}}]},"9":{"loc":{"start":{"line":126,"column":8},"end":{"line":126,"column":59}},"type":"binary-expr","locations":[{"start":{"line":126,"column":8},"end":{"line":126,"column":30}},{"start":{"line":126,"column":34},"end":{"line":126,"column":59}}]},"10":{"loc":{"start":{"line":145,"column":4},"end":{"line":147,"column":5}},"type":"if","locations":[{"start":{"line":145,"column":4},"end":{"line":147,"column":5}}]},"11":{"loc":{"start":{"line":160,"column":4},"end":{"line":162,"column":5}},"type":"if","locations":[{"start":{"line":160,"column":4},"end":{"line":162,"column":5}}]},"12":{"loc":{"start":{"line":168,"column":15},"end":{"line":168,"column":47}},"type":"binary-expr","locations":[{"start":{"line":168,"column":15},"end":{"line":168,"column":32}},{"start":{"line":168,"column":36},"end":{"line":168,"column":47}}]},"13":{"loc":{"start":{"line":169,"column":21},"end":{"line":169,"column":63}},"type":"binary-expr","locations":[{"start":{"line":169,"column":21},"end":{"line":169,"column":42}},{"start":{"line":169,"column":46},"end":{"line":169,"column":63}}]},"14":{"loc":{"start":{"line":170,"column":19},"end":{"line":170,"column":80}},"type":"cond-expr","locations":[{"start":{"line":170,"column":37},"end":{"line":170,"column":62}},{"start":{"line":170,"column":65},"end":{"line":170,"column":80}}]},"15":{"loc":{"start":{"line":171,"column":17},"end":{"line":171,"column":72}},"type":"cond-expr","locations":[{"start":{"line":171,"column":33},"end":{"line":171,"column":56}},{"start":{"line":171,"column":59},"end":{"line":171,"column":72}}]},"16":{"loc":{"start":{"line":172,"column":18},"end":{"line":172,"column":54}},"type":"binary-expr","locations":[{"start":{"line":172,"column":18},"end":{"line":172,"column":36}},{"start":{"line":172,"column":40},"end":{"line":172,"column":54}}]},"17":{"loc":{"start":{"line":173,"column":21},"end":{"line":173,"column":63}},"type":"binary-expr","locations":[{"start":{"line":173,"column":21},"end":{"line":173,"column":42}},{"start":{"line":173,"column":46},"end":{"line":173,"column":63}}]},"18":{"loc":{"start":{"line":188,"column":4},"end":{"line":190,"column":5}},"type":"if","locations":[{"start":{"line":188,"column":4},"end":{"line":190,"column":5}}]},"19":{"loc":{"start":{"line":188,"column":8},"end":{"line":188,"column":59}},"type":"binary-expr","locations":[{"start":{"line":188,"column":8},"end":{"line":188,"column":30}},{"start":{"line":188,"column":34},"end":{"line":188,"column":59}}]},"20":{"loc":{"start":{"line":206,"column":4},"end":{"line":208,"column":5}},"type":"if","locations":[{"start":{"line":206,"column":4},"end":{"line":208,"column":5}}]},"21":{"loc":{"start":{"line":221,"column":4},"end":{"line":223,"column":5}},"type":"if","locations":[{"start":{"line":221,"column":4},"end":{"line":223,"column":5}}]},"22":{"loc":{"start":{"line":232,"column":4},"end":{"line":234,"column":5}},"type":"if","locations":[{"start":{"line":232,"column":4},"end":{"line":234,"column":5}}]},"23":{"loc":{"start":{"line":232,"column":8},"end":{"line":232,"column":59}},"type":"binary-expr","locations":[{"start":{"line":232,"column":8},"end":{"line":232,"column":30}},{"start":{"line":232,"column":34},"end":{"line":232,"column":59}}]},"24":{"loc":{"start":{"line":249,"column":4},"end":{"line":251,"column":5}},"type":"if","locations":[{"start":{"line":249,"column":4},"end":{"line":251,"column":5}}]},"25":{"loc":{"start":{"line":269,"column":4},"end":{"line":271,"column":5}},"type":"if","locations":[{"start":{"line":269,"column":4},"end":{"line":271,"column":5}}]},"26":{"loc":{"start":{"line":269,"column":8},"end":{"line":269,"column":59}},"type":"binary-expr","locations":[{"start":{"line":269,"column":8},"end":{"line":269,"column":30}},{"start":{"line":269,"column":34},"end":{"line":269,"column":59}}]},"27":{"loc":{"start":{"line":283,"column":83},"end":{"line":283,"column":101}},"type":"default-arg","locations":[{"start":{"line":283,"column":99},"end":{"line":283,"column":101}}]},"28":{"loc":{"start":{"line":288,"column":4},"end":{"line":290,"column":5}},"type":"if","locations":[{"start":{"line":288,"column":4},"end":{"line":290,"column":5}}]},"29":{"loc":{"start":{"line":298,"column":15},"end":{"line":298,"column":55}},"type":"binary-expr","locations":[{"start":{"line":298,"column":15},"end":{"line":298,"column":29}},{"start":{"line":298,"column":33},"end":{"line":298,"column":55}}]},"30":{"loc":{"start":{"line":299,"column":21},"end":{"line":299,"column":47}},"type":"binary-expr","locations":[{"start":{"line":299,"column":21},"end":{"line":299,"column":41}},{"start":{"line":299,"column":45},"end":{"line":299,"column":47}}]},"31":{"loc":{"start":{"line":303,"column":17},"end":{"line":303,"column":69}},"type":"cond-expr","locations":[{"start":{"line":303,"column":36},"end":{"line":303,"column":62}},{"start":{"line":303,"column":65},"end":{"line":303,"column":69}}]},"32":{"loc":{"start":{"line":317,"column":17},"end":{"line":317,"column":71}},"type":"cond-expr","locations":[{"start":{"line":317,"column":35},"end":{"line":317,"column":64}},{"start":{"line":317,"column":67},"end":{"line":317,"column":71}}]},"33":{"loc":{"start":{"line":323,"column":15},"end":{"line":323,"column":46}},"type":"binary-expr","locations":[{"start":{"line":323,"column":15},"end":{"line":323,"column":29}},{"start":{"line":323,"column":33},"end":{"line":323,"column":46}}]},"34":{"loc":{"start":{"line":324,"column":15},"end":{"line":324,"column":41}},"type":"binary-expr","locations":[{"start":{"line":324,"column":15},"end":{"line":324,"column":35}},{"start":{"line":324,"column":39},"end":{"line":324,"column":41}}]},"35":{"loc":{"start":{"line":325,"column":13},"end":{"line":325,"column":37}},"type":"binary-expr","locations":[{"start":{"line":325,"column":13},"end":{"line":325,"column":29}},{"start":{"line":325,"column":33},"end":{"line":325,"column":37}}]},"36":{"loc":{"start":{"line":329,"column":4},"end":{"line":331,"column":5}},"type":"if","locations":[{"start":{"line":329,"column":4},"end":{"line":331,"column":5}}]},"37":{"loc":{"start":{"line":329,"column":8},"end":{"line":329,"column":59}},"type":"binary-expr","locations":[{"start":{"line":329,"column":8},"end":{"line":329,"column":30}},{"start":{"line":329,"column":34},"end":{"line":329,"column":59}}]}},"s":{"0":0,"1":0,"2":0,"3":0,"4":0,"5":0,"6":0,"7":0,"8":0,"9":0,"10":0,"11":0,"12":0,"13":0,"14":0,"15":0,"16":0,"17":0,"18":0,"19":0,"20":0,"21":0,"22":0,"23":0,"24":0,"25":0,"26":0,"27":0,"28":0,"29":0,"30":0,"31":0,"32":0,"33":0,"34":0,"35":0,"36":0,"37":0,"38":0,"39":0,"40":0,"41":0,"42":0,"43":0,"44":0,"45":0,"46":0,"47":0,"48":0,"49":0,"50":0,"51":0,"52":0,"53":0,"54":0,"55":0,"56":0,"57":0,"58":0,"59":0,"60":0,"61":0,"62":0,"63":0,"64":0,"65":0,"66":0,"67":0,"68":0,"69":0,"70":0,"71":0,"72":0,"73":0,"74":0,"75":0,"76":0},"f":{"0":0,"1":0,"2":0,"3":0,"4":0,"5":0,"6":0,"7":0},"b":{"0":[0],"1":[0,0],"2":[0,0],"3":[0],"4":[0,0],"5":[0],"6":[0,0],"7":[0],"8":[0],"9":[0,0],"10":[0],"11":[0],"12":[0,0],"13":[0,0],"14":[0,0],"15":[0,0],"16":[0,0],"17":[0,0],"18":[0],"19":[0,0],"20":[0],"21":[0],"22":[0],"23":[0,0],"24":[0],"25":[0],"26":[0,0],"27":[0],"28":[0],"29":[0,0],"30":[0,0],"31":[0,0],"32":[0,0],"33":[0,0],"34":[0,0],"35":[0,0],"36":[0],"37":[0,0]}}
,"/Users/pascal/Documents/git/track-it/backend/src/db/services/index.ts": {"path":"/Users/pascal/Documents/git/track-it/backend/src/db/services/index.ts","statementMap":{"0":{"start":{"line":6,"column":0},"end":{"line":6,"column":31}},"1":{"start":{"line":7,"column":0},"end":{"line":7,"column":31}},"2":{"start":{"line":8,"column":0},"end":{"line":8,"column":35}},"3":{"start":{"line":9,"column":0},"end":{"line":9,"column":34}},"4":{"start":{"line":10,"column":0},"end":{"line":10,"column":37}},"5":{"start":{"line":11,"column":0},"end":{"line":11,"column":39}},"6":{"start":{"line":12,"column":0},"end":{"line":12,"column":36}},"7":{"start":{"line":13,"column":0},"end":{"line":13,"column":33}}},"fnMap":{},"branchMap":{},"s":{"0":0,"1":0,"2":0,"3":0,"4":0,"5":0,"6":0,"7":0},"f":{},"b":{}}
,"/Users/pascal/Documents/git/track-it/backend/src/db/services/notification.service.ts": {"path":"/Users/pascal/Documents/git/track-it/backend/src/db/services/notification.service.ts","statementMap":{"0":{"start":{"line":12,"column":0},"end":{"line":12,"column":7}},"1":{"start":{"line":28,"column":0},"end":{"line":28,"column":7}},"2":{"start":{"line":41,"column":0},"end":{"line":41,"column":7}},"3":{"start":{"line":54,"column":0},"end":{"line":54,"column":7}},"4":{"start":{"line":70,"column":0},"end":{"line":70,"column":7}},"5":{"start":{"line":91,"column":0},"end":{"line":91,"column":7}},"6":{"start":{"line":107,"column":0},"end":{"line":107,"column":7}},"7":{"start":{"line":130,"column":0},"end":{"line":130,"column":7}},"8":{"start":{"line":153,"column":0},"end":{"line":153,"column":7}},"9":{"start":{"line":176,"column":0},"end":{"line":176,"column":7}},"10":{"start":{"line":4,"column":0},"end":{"line":4,"column":92}},"11":{"start":{"line":5,"column":0},"end":{"line":5,"column":31}},"12":{"start":{"line":6,"column":0},"end":{"line":6,"column":64}},"13":{"start":{"line":13,"column":2},"end":{"line":22,"column":3}},"14":{"start":{"line":14,"column":4},"end":{"line":19,"column":7}},"15":{"start":{"line":21,"column":4},"end":{"line":21,"column":99}},"16":{"start":{"line":29,"column":2},"end":{"line":35,"column":3}},"17":{"start":{"line":30,"column":4},"end":{"line":32,"column":7}},"18":{"start":{"line":34,"column":4},"end":{"line":34,"column":85}},"19":{"start":{"line":42,"column":2},"end":{"line":48,"column":3}},"20":{"start":{"line":43,"column":4},"end":{"line":45,"column":7}},"21":{"start":{"line":47,"column":4},"end":{"line":47,"column":74}},"22":{"start":{"line":55,"column":2},"end":{"line":64,"column":3}},"23":{"start":{"line":56,"column":4},"end":{"line":61,"column":7}},"24":{"start":{"line":63,"column":4},"end":{"line":63,"column":94}},"25":{"start":{"line":71,"column":2},"end":{"line":85,"column":3}},"26":{"start":{"line":72,"column":19},"end":{"line":80,"column":6}},"27":{"start":{"line":82,"column":4},"end":{"line":82,"column":24}},"28":{"start":{"line":84,"column":4},"end":{"line":84,"column":112}},"29":{"start":{"line":92,"column":2},"end":{"line":101,"column":3}},"30":{"start":{"line":93,"column":4},"end":{"line":98,"column":7}},"31":{"start":{"line":100,"column":4},"end":{"line":100,"column":111}},"32":{"start":{"line":108,"column":2},"end":{"line":124,"column":3}},"33":{"start":{"line":109,"column":4},"end":{"line":121,"column":7}},"34":{"start":{"line":123,"column":4},"end":{"line":123,"column":88}},"35":{"start":{"line":131,"column":2},"end":{"line":147,"column":3}},"36":{"start":{"line":132,"column":4},"end":{"line":144,"column":7}},"37":{"start":{"line":146,"column":4},"end":{"line":146,"column":90}},"38":{"start":{"line":154,"column":2},"end":{"line":170,"column":3}},"39":{"start":{"line":155,"column":4},"end":{"line":167,"column":7}},"40":{"start":{"line":169,"column":4},"end":{"line":169,"column":87}},"41":{"start":{"line":177,"column":2},"end":{"line":193,"column":3}},"42":{"start":{"line":178,"column":4},"end":{"line":190,"column":7}},"43":{"start":{"line":192,"column":4},"end":{"line":192,"column":92}}},"fnMap":{"0":{"name":"getUserNotifications","decl":{"start":{"line":12,"column":22},"end":{"line":12,"column":42}},"loc":{"start":{"line":12,"column":57},"end":{"line":23,"column":1}}},"1":{"name":"getNotificationById","decl":{"start":{"line":28,"column":22},"end":{"line":28,"column":41}},"loc":{"start":{"line":28,"column":52},"end":{"line":36,"column":1}}},"2":{"name":"createNotification","decl":{"start":{"line":41,"column":22},"end":{"line":41,"column":40}},"loc":{"start":{"line":41,"column":77},"end":{"line":49,"column":1}}},"3":{"name":"markAsRead","decl":{"start":{"line":54,"column":22},"end":{"line":54,"column":32}},"loc":{"start":{"line":54,"column":43},"end":{"line":65,"column":1}}},"4":{"name":"markAllAsRead","decl":{"start":{"line":70,"column":22},"end":{"line":70,"column":35}},"loc":{"start":{"line":70,"column":50},"end":{"line":86,"column":1}}},"5":{"name":"getUnreadCount","decl":{"start":{"line":91,"column":22},"end":{"line":91,"column":36}},"loc":{"start":{"line":91,"column":51},"end":{"line":102,"column":1}}},"6":{"name":"createTaskAssignedNotification","decl":{"start":{"line":107,"column":22},"end":{"line":107,"column":52}},"loc":{"start":{"line":107,"column":126},"end":{"line":125,"column":1}}},"7":{"name":"createCommentMentionNotification","decl":{"start":{"line":130,"column":22},"end":{"line":130,"column":54}},"loc":{"start":{"line":130,"column":170},"end":{"line":148,"column":1}}},"8":{"name":"createTaskUpdatedNotification","decl":{"start":{"line":153,"column":22},"end":{"line":153,"column":51}},"loc":{"start":{"line":153,"column":122},"end":{"line":171,"column":1}}},"9":{"name":"createDueDateReminderNotification","decl":{"start":{"line":176,"column":22},"end":{"line":176,"column":55}},"loc":{"start":{"line":176,"column":128},"end":{"line":194,"column":1}}}},"branchMap":{"0":{"loc":{"start":{"line":182,"column":70},"end":{"line":182,"column":100}},"type":"cond-expr","locations":[{"start":{"line":182,"column":92},"end":{"line":182,"column":95}},{"start":{"line":182,"column":98},"end":{"line":182,"column":100}}]}},"s":{"0":0,"1":0,"2":0,"3":0,"4":0,"5":0,"6":0,"7":0,"8":0,"9":0,"10":0,"11":0,"12":0,"13":0,"14":0,"15":0,"16":0,"17":0,"18":0,"19":0,"20":0,"21":0,"22":0,"23":0,"24":0,"25":0,"26":0,"27":0,"28":0,"29":0,"30":0,"31":0,"32":0,"33":0,"34":0,"35":0,"36":0,"37":0,"38":0,"39":0,"40":0,"41":0,"42":0,"43":0},"f":{"0":0,"1":0,"2":0,"3":0,"4":0,"5":0,"6":0,"7":0,"8":0,"9":0},"b":{"0":[0,0]}}
,"/Users/pascal/Documents/git/track-it/backend/src/db/services/task.service.ts": {"path":"/Users/pascal/Documents/git/track-it/backend/src/db/services/task.service.ts","statementMap":{"0":{"start":{"line":11,"column":0},"end":{"line":11,"column":7}},"1":{"start":{"line":52,"column":0},"end":{"line":52,"column":7}},"2":{"start":{"line":100,"column":0},"end":{"line":100,"column":7}},"3":{"start":{"line":150,"column":0},"end":{"line":150,"column":7}},"4":{"start":{"line":180,"column":0},"end":{"line":180,"column":7}},"5":{"start":{"line":209,"column":0},"end":{"line":209,"column":7}},"6":{"start":{"line":239,"column":0},"end":{"line":239,"column":7}},"7":{"start":{"line":253,"column":0},"end":{"line":253,"column":7}},"8":{"start":{"line":275,"column":0},"end":{"line":275,"column":7}},"9":{"start":{"line":297,"column":0},"end":{"line":297,"column":7}},"10":{"start":{"line":319,"column":0},"end":{"line":319,"column":7}},"11":{"start":{"line":5,"column":0},"end":{"line":5,"column":31}},"12":{"start":{"line":6,"column":0},"end":{"line":6,"column":64}},"13":{"start":{"line":12,"column":2},"end":{"line":46,"column":3}},"14":{"start":{"line":13,"column":4},"end":{"line":43,"column":7}},"15":{"start":{"line":45,"column":4},"end":{"line":45,"column":64}},"16":{"start":{"line":53,"column":2},"end":{"line":94,"column":3}},"17":{"start":{"line":54,"column":4},"end":{"line":91,"column":7}},"18":{"start":{"line":93,"column":4},"end":{"line":93,"column":77}},"19":{"start":{"line":101,"column":2},"end":{"line":144,"column":3}},"20":{"start":{"line":104,"column":24},"end":{"line":114,"column":10}},"21":{"start":{"line":116,"column":4},"end":{"line":141,"column":7}},"22":{"start":{"line":143,"column":4},"end":{"line":143,"column":86}},"23":{"start":{"line":151,"column":2},"end":{"line":174,"column":3}},"24":{"start":{"line":152,"column":4},"end":{"line":171,"column":7}},"25":{"start":{"line":173,"column":4},"end":{"line":173,"column":87}},"26":{"start":{"line":181,"column":2},"end":{"line":203,"column":3}},"27":{"start":{"line":182,"column":4},"end":{"line":200,"column":7}},"28":{"start":{"line":202,"column":4},"end":{"line":202,"column":66}},"29":{"start":{"line":210,"column":2},"end":{"line":233,"column":3}},"30":{"start":{"line":211,"column":4},"end":{"line":230,"column":7}},"31":{"start":{"line":232,"column":4},"end":{"line":232,"column":80}},"32":{"start":{"line":240,"column":2},"end":{"line":247,"column":3}},"33":{"start":{"line":241,"column":4},"end":{"line":243,"column":7}},"34":{"start":{"line":244,"column":4},"end":{"line":244,"column":16}},"35":{"start":{"line":246,"column":4},"end":{"line":246,"column":80}},"36":{"start":{"line":254,"column":2},"end":{"line":269,"column":3}},"37":{"start":{"line":255,"column":4},"end":{"line":266,"column":7}},"38":{"start":{"line":268,"column":4},"end":{"line":268,"column":91}},"39":{"start":{"line":276,"column":2},"end":{"line":291,"column":3}},"40":{"start":{"line":277,"column":4},"end":{"line":288,"column":7}},"41":{"start":{"line":290,"column":4},"end":{"line":290,"column":93}},"42":{"start":{"line":298,"column":2},"end":{"line":313,"column":3}},"43":{"start":{"line":299,"column":4},"end":{"line":310,"column":7}},"44":{"start":{"line":312,"column":4},"end":{"line":312,"column":97}},"45":{"start":{"line":320,"column":2},"end":{"line":356,"column":3}},"46":{"start":{"line":322,"column":17},"end":{"line":328,"column":6}},"47":{"start":{"line":330,"column":4},"end":{"line":332,"column":5}},"48":{"start":{"line":331,"column":6},"end":{"line":331,"column":64}},"49":{"start":{"line":335,"column":16},"end":{"line":335,"column":26}},"50":{"start":{"line":336,"column":29},"end":{"line":336,"column":98}},"51":{"start":{"line":337,"column":29},"end":{"line":337,"column":72}},"52":{"start":{"line":340,"column":4},"end":{"line":353,"column":7}},"53":{"start":{"line":355,"column":4},"end":{"line":355,"column":96}}},"fnMap":{"0":{"name":"getAllTasks","decl":{"start":{"line":11,"column":22},"end":{"line":11,"column":33}},"loc":{"start":{"line":11,"column":48},"end":{"line":47,"column":1}}},"1":{"name":"getTaskById","decl":{"start":{"line":52,"column":22},"end":{"line":52,"column":33}},"loc":{"start":{"line":52,"column":44},"end":{"line":95,"column":1}}},"2":{"name":"getTasksByStatus","decl":{"start":{"line":100,"column":22},"end":{"line":100,"column":38}},"loc":{"start":{"line":100,"column":69},"end":{"line":145,"column":1}}},"3":{"name":"searchTasks","decl":{"start":{"line":150,"column":22},"end":{"line":150,"column":33}},"loc":{"start":{"line":150,"column":63},"end":{"line":175,"column":1}}},"4":{"name":"createTask","decl":{"start":{"line":180,"column":22},"end":{"line":180,"column":32}},"loc":{"start":{"line":180,"column":61},"end":{"line":204,"column":1}}},"5":{"name":"updateTask","decl":{"start":{"line":209,"column":22},"end":{"line":209,"column":32}},"loc":{"start":{"line":209,"column":73},"end":{"line":234,"column":1}}},"6":{"name":"deleteTask","decl":{"start":{"line":239,"column":22},"end":{"line":239,"column":32}},"loc":{"start":{"line":239,"column":43},"end":{"line":248,"column":1}}},"7":{"name":"updateTaskStatus","decl":{"start":{"line":253,"column":22},"end":{"line":253,"column":38}},"loc":{"start":{"line":253,"column":65},"end":{"line":270,"column":1}}},"8":{"name":"updateTaskAssignee","decl":{"start":{"line":275,"column":22},"end":{"line":275,"column":40}},"loc":{"start":{"line":275,"column":78},"end":{"line":292,"column":1}}},"9":{"name":"startTimeTracking","decl":{"start":{"line":297,"column":22},"end":{"line":297,"column":39}},"loc":{"start":{"line":297,"column":50},"end":{"line":314,"column":1}}},"10":{"name":"stopTimeTracking","decl":{"start":{"line":319,"column":22},"end":{"line":319,"column":38}},"loc":{"start":{"line":319,"column":49},"end":{"line":357,"column":1}}}},"branchMap":{"0":{"loc":{"start":{"line":104,"column":24},"end":{"line":114,"column":10}},"type":"cond-expr","locations":[{"start":{"line":105,"column":8},"end":{"line":107,"column":null}},{"start":{"line":108,"column":8},"end":{"line":114,"column":10}}]},"1":{"loc":{"start":{"line":159,"column":14},"end":{"line":159,"column":77}},"type":"cond-expr","locations":[{"start":{"line":159,"column":39},"end":{"line":159,"column":41}},{"start":{"line":159,"column":44},"end":{"line":159,"column":77}}]},"2":{"loc":{"start":{"line":330,"column":4},"end":{"line":332,"column":5}},"type":"if","locations":[{"start":{"line":330,"column":4},"end":{"line":332,"column":5}}]},"3":{"loc":{"start":{"line":330,"column":8},"end":{"line":330,"column":40}},"type":"binary-expr","locations":[{"start":{"line":330,"column":8},"end":{"line":330,"column":13}},{"start":{"line":330,"column":17},"end":{"line":330,"column":40}}]}},"s":{"0":0,"1":0,"2":0,"3":0,"4":0,"5":0,"6":0,"7":0,"8":0,"9":0,"10":0,"11":0,"12":0,"13":0,"14":0,"15":0,"16":0,"17":0,"18":0,"19":0,"20":0,"21":0,"22":0,"23":0,"24":0,"25":0,"26":0,"27":0,"28":0,"29":0,"30":0,"31":0,"32":0,"33":0,"34":0,"35":0,"36":0,"37":0,"38":0,"39":0,"40":0,"41":0,"42":0,"43":0,"44":0,"45":0,"46":0,"47":0,"48":0,"49":0,"50":0,"51":0,"52":0,"53":0},"f":{"0":0,"1":0,"2":0,"3":0,"4":0,"5":0,"6":0,"7":0,"8":0,"9":0,"10":0},"b":{"0":[0,0],"1":[0,0],"2":[0],"3":[0,0]}}
,"/Users/pascal/Documents/git/track-it/backend/src/db/services/template.service.ts": {"path":"/Users/pascal/Documents/git/track-it/backend/src/db/services/template.service.ts","statementMap":{"0":{"start":{"line":11,"column":0},"end":{"line":11,"column":7}},"1":{"start":{"line":29,"column":0},"end":{"line":29,"column":7}},"2":{"start":{"line":42,"column":0},"end":{"line":42,"column":7}},"3":{"start":{"line":58,"column":0},"end":{"line":58,"column":7}},"4":{"start":{"line":80,"column":0},"end":{"line":80,"column":7}},"5":{"start":{"line":103,"column":0},"end":{"line":103,"column":7}},"6":{"start":{"line":116,"column":0},"end":{"line":116,"column":7}},"7":{"start":{"line":130,"column":0},"end":{"line":130,"column":7}},"8":{"start":{"line":144,"column":0},"end":{"line":144,"column":7}},"9":{"start":{"line":5,"column":0},"end":{"line":5,"column":31}},"10":{"start":{"line":6,"column":0},"end":{"line":6,"column":64}},"11":{"start":{"line":12,"column":2},"end":{"line":23,"column":3}},"12":{"start":{"line":13,"column":4},"end":{"line":20,"column":7}},"13":{"start":{"line":22,"column":4},"end":{"line":22,"column":68}},"14":{"start":{"line":30,"column":2},"end":{"line":36,"column":3}},"15":{"start":{"line":31,"column":4},"end":{"line":33,"column":7}},"16":{"start":{"line":35,"column":4},"end":{"line":35,"column":81}},"17":{"start":{"line":43,"column":2},"end":{"line":52,"column":3}},"18":{"start":{"line":44,"column":4},"end":{"line":49,"column":7}},"19":{"start":{"line":51,"column":4},"end":{"line":51,"column":92}},"20":{"start":{"line":59,"column":2},"end":{"line":74,"column":3}},"21":{"start":{"line":60,"column":29},"end":{"line":67,"column":6}},"22":{"start":{"line":69,"column":4},"end":{"line":71,"column":67}},"23":{"start":{"line":70,"column":21},"end":{"line":70,"column":36}},"24":{"start":{"line":71,"column":48},"end":{"line":71,"column":65}},"25":{"start":{"line":73,"column":4},"end":{"line":73,"column":78}},"26":{"start":{"line":81,"column":2},"end":{"line":97,"column":3}},"27":{"start":{"line":82,"column":4},"end":{"line":94,"column":7}},"28":{"start":{"line":96,"column":4},"end":{"line":96,"column":91}},"29":{"start":{"line":104,"column":2},"end":{"line":110,"column":3}},"30":{"start":{"line":105,"column":4},"end":{"line":107,"column":7}},"31":{"start":{"line":109,"column":4},"end":{"line":109,"column":70}},"32":{"start":{"line":117,"column":2},"end":{"line":124,"column":3}},"33":{"start":{"line":118,"column":4},"end":{"line":121,"column":7}},"34":{"start":{"line":123,"column":4},"end":{"line":123,"column":84}},"35":{"start":{"line":131,"column":2},"end":{"line":138,"column":3}},"36":{"start":{"line":132,"column":4},"end":{"line":134,"column":7}},"37":{"start":{"line":135,"column":4},"end":{"line":135,"column":16}},"38":{"start":{"line":137,"column":4},"end":{"line":137,"column":84}},"39":{"start":{"line":145,"column":2},"end":{"line":156,"column":3}},"40":{"start":{"line":146,"column":4},"end":{"line":153,"column":7}},"41":{"start":{"line":155,"column":4},"end":{"line":155,"column":103}}},"fnMap":{"0":{"name":"getAllTemplates","decl":{"start":{"line":11,"column":22},"end":{"line":11,"column":37}},"loc":{"start":{"line":11,"column":52},"end":{"line":24,"column":1}}},"1":{"name":"getTemplateById","decl":{"start":{"line":29,"column":22},"end":{"line":29,"column":37}},"loc":{"start":{"line":29,"column":48},"end":{"line":37,"column":1}}},"2":{"name":"getTemplatesByCategory","decl":{"start":{"line":42,"column":22},"end":{"line":42,"column":44}},"loc":{"start":{"line":42,"column":77},"end":{"line":53,"column":1}}},"3":{"name":"getTemplateCategories","decl":{"start":{"line":58,"column":22},"end":{"line":58,"column":43}},"loc":{"start":{"line":58,"column":43},"end":{"line":75,"column":1}}},"4":{"name":"(anonymous_5)","decl":{"start":{"line":70,"column":11},"end":{"line":70,"column":17}},"loc":{"start":{"line":70,"column":21},"end":{"line":70,"column":36}}},"5":{"name":"(anonymous_6)","decl":{"start":{"line":71,"column":14},"end":{"line":71,"column":15}},"loc":{"start":{"line":71,"column":48},"end":{"line":71,"column":65}}},"6":{"name":"searchTemplates","decl":{"start":{"line":80,"column":22},"end":{"line":80,"column":37}},"loc":{"start":{"line":80,"column":67},"end":{"line":98,"column":1}}},"7":{"name":"createTemplate","decl":{"start":{"line":103,"column":22},"end":{"line":103,"column":36}},"loc":{"start":{"line":103,"column":73},"end":{"line":111,"column":1}}},"8":{"name":"updateTemplate","decl":{"start":{"line":116,"column":22},"end":{"line":116,"column":36}},"loc":{"start":{"line":116,"column":85},"end":{"line":125,"column":1}}},"9":{"name":"deleteTemplate","decl":{"start":{"line":130,"column":22},"end":{"line":130,"column":36}},"loc":{"start":{"line":130,"column":47},"end":{"line":139,"column":1}}},"10":{"name":"incrementTemplateUsage","decl":{"start":{"line":144,"column":22},"end":{"line":144,"column":44}},"loc":{"start":{"line":144,"column":55},"end":{"line":157,"column":1}}}},"branchMap":{},"s":{"0":0,"1":0,"2":0,"3":0,"4":0,"5":0,"6":0,"7":0,"8":0,"9":0,"10":0,"11":0,"12":0,"13":0,"14":0,"15":0,"16":0,"17":0,"18":0,"19":0,"20":0,"21":0,"22":0,"23":0,"24":0,"25":0,"26":0,"27":0,"28":0,"29":0,"30":0,"31":0,"32":0,"33":0,"34":0,"35":0,"36":0,"37":0,"38":0,"39":0,"40":0,"41":0},"f":{"0":0,"1":0,"2":0,"3":0,"4":0,"5":0,"6":0,"7":0,"8":0,"9":0,"10":0},"b":{}}
,"/Users/pascal/Documents/git/track-it/backend/src/db/services/user.service.ts": {"path":"/Users/pascal/Documents/git/track-it/backend/src/db/services/user.service.ts","statementMap":{"0":{"start":{"line":13,"column":0},"end":{"line":13,"column":7}},"1":{"start":{"line":46,"column":0},"end":{"line":46,"column":7}},"2":{"start":{"line":81,"column":0},"end":{"line":81,"column":7}},"3":{"start":{"line":108,"column":0},"end":{"line":108,"column":7}},"4":{"start":{"line":134,"column":0},"end":{"line":134,"column":7}},"5":{"start":{"line":187,"column":0},"end":{"line":187,"column":7}},"6":{"start":{"line":213,"column":0},"end":{"line":213,"column":7}},"7":{"start":{"line":227,"column":0},"end":{"line":227,"column":7}},"8":{"start":{"line":249,"column":0},"end":{"line":249,"column":7}},"9":{"start":{"line":260,"column":0},"end":{"line":260,"column":7}},"10":{"start":{"line":276,"column":0},"end":{"line":276,"column":7}},"11":{"start":{"line":307,"column":0},"end":{"line":307,"column":7}},"12":{"start":{"line":331,"column":0},"end":{"line":331,"column":7}},"13":{"start":{"line":4,"column":0},"end":{"line":4,"column":48}},"14":{"start":{"line":5,"column":0},"end":{"line":5,"column":31}},"15":{"start":{"line":6,"column":0},"end":{"line":6,"column":64}},"16":{"start":{"line":7,"column":0},"end":{"line":7,"column":28}},"17":{"start":{"line":14,"column":2},"end":{"line":40,"column":3}},"18":{"start":{"line":15,"column":4},"end":{"line":37,"column":7}},"19":{"start":{"line":39,"column":4},"end":{"line":39,"column":64}},"20":{"start":{"line":47,"column":2},"end":{"line":75,"column":3}},"21":{"start":{"line":48,"column":4},"end":{"line":72,"column":7}},"22":{"start":{"line":74,"column":4},"end":{"line":74,"column":77}},"23":{"start":{"line":82,"column":2},"end":{"line":102,"column":3}},"24":{"start":{"line":83,"column":4},"end":{"line":99,"column":7}},"25":{"start":{"line":101,"column":4},"end":{"line":101,"column":83}},"26":{"start":{"line":109,"column":2},"end":{"line":128,"column":3}},"27":{"start":{"line":110,"column":4},"end":{"line":125,"column":7}},"28":{"start":{"line":127,"column":4},"end":{"line":127,"column":90}},"29":{"start":{"line":135,"column":2},"end":{"line":181,"column":3}},"30":{"start":{"line":137,"column":30},"end":{"line":137,"column":41}},"31":{"start":{"line":140,"column":58},"end":{"line":140,"column":72}},"32":{"start":{"line":141,"column":4},"end":{"line":141,"column":33}},"33":{"start":{"line":144,"column":4},"end":{"line":146,"column":5}},"34":{"start":{"line":145,"column":6},"end":{"line":145,"column":68}},"35":{"start":{"line":149,"column":4},"end":{"line":151,"column":5}},"36":{"start":{"line":150,"column":6},"end":{"line":150,"column":62}},"37":{"start":{"line":154,"column":4},"end":{"line":156,"column":5}},"38":{"start":{"line":155,"column":6},"end":{"line":155,"column":66}},"39":{"start":{"line":158,"column":4},"end":{"line":169,"column":7}},"40":{"start":{"line":171,"column":4},"end":{"line":171,"column":49}},"41":{"start":{"line":174,"column":4},"end":{"line":177,"column":5}},"42":{"start":{"line":176,"column":6},"end":{"line":176,"column":46}},"43":{"start":{"line":180,"column":4},"end":{"line":180,"column":66}},"44":{"start":{"line":188,"column":2},"end":{"line":207,"column":3}},"45":{"start":{"line":189,"column":4},"end":{"line":204,"column":7}},"46":{"start":{"line":206,"column":4},"end":{"line":206,"column":80}},"47":{"start":{"line":214,"column":2},"end":{"line":221,"column":3}},"48":{"start":{"line":215,"column":4},"end":{"line":217,"column":7}},"49":{"start":{"line":218,"column":4},"end":{"line":218,"column":16}},"50":{"start":{"line":220,"column":4},"end":{"line":220,"column":80}},"51":{"start":{"line":228,"column":2},"end":{"line":243,"column":3}},"52":{"start":{"line":229,"column":4},"end":{"line":240,"column":7}},"53":{"start":{"line":242,"column":4},"end":{"line":242,"column":89}},"54":{"start":{"line":250,"column":2},"end":{"line":254,"column":3}},"55":{"start":{"line":251,"column":4},"end":{"line":251,"column":64}},"56":{"start":{"line":253,"column":4},"end":{"line":253,"column":70}},"57":{"start":{"line":261,"column":2},"end":{"line":270,"column":3}},"58":{"start":{"line":262,"column":4},"end":{"line":267,"column":7}},"59":{"start":{"line":269,"column":4},"end":{"line":269,"column":100}},"60":{"start":{"line":283,"column":2},"end":{"line":301,"column":3}},"61":{"start":{"line":284,"column":4},"end":{"line":298,"column":7}},"62":{"start":{"line":300,"column":4},"end":{"line":300,"column":100}},"63":{"start":{"line":308,"column":2},"end":{"line":325,"column":3}},"64":{"start":{"line":309,"column":4},"end":{"line":322,"column":7}},"65":{"start":{"line":324,"column":4},"end":{"line":324,"column":103}},"66":{"start":{"line":332,"column":2},"end":{"line":359,"column":3}},"67":{"start":{"line":334,"column":17},"end":{"line":339,"column":6}},"68":{"start":{"line":342,"column":31},"end":{"line":345,"column":6}},"69":{"start":{"line":347,"column":4},"end":{"line":356,"column":7}},"70":{"start":{"line":358,"column":4},"end":{"line":358,"column":96}}},"fnMap":{"0":{"name":"getAllUsers","decl":{"start":{"line":13,"column":22},"end":{"line":13,"column":33}},"loc":{"start":{"line":13,"column":33},"end":{"line":41,"column":1}}},"1":{"name":"getUserById","decl":{"start":{"line":46,"column":22},"end":{"line":46,"column":33}},"loc":{"start":{"line":46,"column":44},"end":{"line":76,"column":1}}},"2":{"name":"getUserByEmail","decl":{"start":{"line":81,"column":22},"end":{"line":81,"column":36}},"loc":{"start":{"line":81,"column":50},"end":{"line":103,"column":1}}},"3":{"name":"getUserByGoogleId","decl":{"start":{"line":108,"column":22},"end":{"line":108,"column":39}},"loc":{"start":{"line":108,"column":56},"end":{"line":129,"column":1}}},"4":{"name":"createUser","decl":{"start":{"line":134,"column":22},"end":{"line":134,"column":32}},"loc":{"start":{"line":134,"column":42},"end":{"line":182,"column":1}}},"5":{"name":"updateUser","decl":{"start":{"line":187,"column":22},"end":{"line":187,"column":32}},"loc":{"start":{"line":187,"column":73},"end":{"line":208,"column":1}}},"6":{"name":"deleteUser","decl":{"start":{"line":213,"column":22},"end":{"line":213,"column":32}},"loc":{"start":{"line":213,"column":43},"end":{"line":222,"column":1}}},"7":{"name":"updateUserRole","decl":{"start":{"line":227,"column":22},"end":{"line":227,"column":36}},"loc":{"start":{"line":227,"column":61},"end":{"line":244,"column":1}}},"8":{"name":"verifyPassword","decl":{"start":{"line":249,"column":22},"end":{"line":249,"column":36}},"loc":{"start":{"line":249,"column":83},"end":{"line":255,"column":1}}},"9":{"name":"updateLoginTimestamp","decl":{"start":{"line":260,"column":22},"end":{"line":260,"column":42}},"loc":{"start":{"line":260,"column":53},"end":{"line":271,"column":1}}},"10":{"name":"connectGoogleAccount","decl":{"start":{"line":276,"column":22},"end":{"line":276,"column":42}},"loc":{"start":{"line":281,"column":21},"end":{"line":302,"column":1}}},"11":{"name":"disconnectGoogleAccount","decl":{"start":{"line":307,"column":22},"end":{"line":307,"column":45}},"loc":{"start":{"line":307,"column":56},"end":{"line":326,"column":1}}},"12":{"name":"updateUserPreferences","decl":{"start":{"line":331,"column":22},"end":{"line":331,"column":43}},"loc":{"start":{"line":331,"column":72},"end":{"line":360,"column":1}}}},"branchMap":{"0":{"loc":{"start":{"line":144,"column":4},"end":{"line":146,"column":5}},"type":"if","locations":[{"start":{"line":144,"column":4},"end":{"line":146,"column":5}}]},"1":{"loc":{"start":{"line":144,"column":8},"end":{"line":144,"column":61}},"type":"binary-expr","locations":[{"start":{"line":144,"column":8},"end":{"line":144,"column":49}},{"start":{"line":144,"column":53},"end":{"line":144,"column":61}}]},"2":{"loc":{"start":{"line":149,"column":4},"end":{"line":151,"column":5}},"type":"if","locations":[{"start":{"line":149,"column":4},"end":{"line":151,"column":5}}]},"3":{"loc":{"start":{"line":149,"column":8},"end":{"line":149,"column":84}},"type":"binary-expr","locations":[{"start":{"line":149,"column":8},"end":{"line":149,"column":34}},{"start":{"line":149,"column":38},"end":{"line":149,"column":84}}]},"4":{"loc":{"start":{"line":154,"column":4},"end":{"line":156,"column":5}},"type":"if","locations":[{"start":{"line":154,"column":4},"end":{"line":156,"column":5}}]},"5":{"loc":{"start":{"line":154,"column":8},"end":{"line":154,"column":88}},"type":"binary-expr","locations":[{"start":{"line":154,"column":8},"end":{"line":154,"column":36}},{"start":{"line":154,"column":40},"end":{"line":154,"column":88}}]},"6":{"loc":{"start":{"line":174,"column":4},"end":{"line":177,"column":5}},"type":"if","locations":[{"start":{"line":174,"column":4},"end":{"line":177,"column":5}}]},"7":{"loc":{"start":{"line":174,"column":8},"end":{"line":174,"column":71}},"type":"binary-expr","locations":[{"start":{"line":174,"column":8},"end":{"line":174,"column":30}},{"start":{"line":174,"column":34},"end":{"line":174,"column":71}}]},"8":{"loc":{"start":{"line":290,"column":23},"end":{"line":290,"column":73}},"type":"cond-expr","locations":[{"start":{"line":290,"column":39},"end":{"line":290,"column":61}},{"start":{"line":290,"column":64},"end":{"line":290,"column":73}}]},"9":{"loc":{"start":{"line":343,"column":10},"end":{"line":343,"column":43}},"type":"binary-expr","locations":[{"start":{"line":343,"column":10},"end":{"line":343,"column":37}},{"start":{"line":343,"column":41},"end":{"line":343,"column":43}}]}},"s":{"0":0,"1":0,"2":0,"3":0,"4":0,"5":0,"6":0,"7":0,"8":0,"9":0,"10":0,"11":0,"12":0,"13":0,"14":0,"15":0,"16":0,"17":0,"18":0,"19":0,"20":0,"21":0,"22":0,"23":0,"24":0,"25":0,"26":0,"27":0,"28":0,"29":0,"30":0,"31":0,"32":0,"33":0,"34":0,"35":0,"36":0,"37":0,"38":0,"39":0,"40":0,"41":0,"42":0,"43":0,"44":0,"45":0,"46":0,"47":0,"48":0,"49":0,"50":0,"51":0,"52":0,"53":0,"54":0,"55":0,"56":0,"57":0,"58":0,"59":0,"60":0,"61":0,"62":0,"63":0,"64":0,"65":0,"66":0,"67":0,"68":0,"69":0,"70":0},"f":{"0":0,"1":0,"2":0,"3":0,"4":0,"5":0,"6":0,"7":0,"8":0,"9":0,"10":0,"11":0,"12":0},"b":{"0":[0],"1":[0,0],"2":[0],"3":[0,0],"4":[0],"5":[0,0],"6":[0],"7":[0,0],"8":[0,0],"9":[0,0]}}
,"/Users/pascal/Documents/git/track-it/backend/src/routers/analytics.router.ts": {"path":"/Users/pascal/Documents/git/track-it/backend/src/routers/analytics.router.ts","statementMap":{"0":{"start":{"line":1,"column":0},"end":{"line":1,"column":24}},"1":{"start":{"line":2,"column":0},"end":{"line":2,"column":73}},"2":{"start":{"line":3,"column":0},"end":{"line":3,"column":53}},"3":{"start":{"line":4,"column":0},"end":{"line":4,"column":69}},"4":{"start":{"line":8,"column":35},"end":{"line":10,"column":2}},"5":{"start":{"line":12,"column":13},"end":{"line":49,"column":3}},"6":{"start":{"line":15,"column":26},"end":{"line":21,"column":6}},"7":{"start":{"line":16,"column":6},"end":{"line":20,"column":7}},"8":{"start":{"line":17,"column":8},"end":{"line":17,"column":78}},"9":{"start":{"line":19,"column":8},"end":{"line":19,"column":34}},"10":{"start":{"line":24,"column":17},"end":{"line":30,"column":6}},"11":{"start":{"line":25,"column":6},"end":{"line":29,"column":7}},"12":{"start":{"line":26,"column":8},"end":{"line":26,"column":56}},"13":{"start":{"line":28,"column":8},"end":{"line":28,"column":34}},"14":{"start":{"line":33,"column":17},"end":{"line":39,"column":6}},"15":{"start":{"line":34,"column":6},"end":{"line":38,"column":7}},"16":{"start":{"line":35,"column":8},"end":{"line":35,"column":59}},"17":{"start":{"line":37,"column":8},"end":{"line":37,"column":34}},"18":{"start":{"line":42,"column":17},"end":{"line":48,"column":6}},"19":{"start":{"line":43,"column":6},"end":{"line":47,"column":7}},"20":{"start":{"line":44,"column":8},"end":{"line":44,"column":68}},"21":{"start":{"line":46,"column":8},"end":{"line":46,"column":34}}},"fnMap":{"0":{"name":"(anonymous_9)","decl":{"start":{"line":15,"column":11},"end":{"line":15,"column":12}},"loc":{"start":{"line":15,"column":26},"end":{"line":21,"column":6}}},"1":{"name":"(anonymous_10)","decl":{"start":{"line":15,"column":40},"end":{"line":15,"column":45}},"loc":{"start":{"line":15,"column":51},"end":{"line":21,"column":5}}},"2":{"name":"(anonymous_11)","decl":{"start":{"line":24,"column":11},"end":{"line":24,"column":14}},"loc":{"start":{"line":24,"column":17},"end":{"line":30,"column":6}}},"3":{"name":"(anonymous_12)","decl":{"start":{"line":24,"column":31},"end":{"line":24,"column":36}},"loc":{"start":{"line":24,"column":42},"end":{"line":30,"column":5}}},"4":{"name":"(anonymous_13)","decl":{"start":{"line":33,"column":11},"end":{"line":33,"column":14}},"loc":{"start":{"line":33,"column":17},"end":{"line":39,"column":6}}},"5":{"name":"(anonymous_14)","decl":{"start":{"line":33,"column":31},"end":{"line":33,"column":36}},"loc":{"start":{"line":33,"column":42},"end":{"line":39,"column":5}}},"6":{"name":"(anonymous_15)","decl":{"start":{"line":42,"column":11},"end":{"line":42,"column":14}},"loc":{"start":{"line":42,"column":17},"end":{"line":48,"column":6}}},"7":{"name":"(anonymous_16)","decl":{"start":{"line":42,"column":31},"end":{"line":42,"column":36}},"loc":{"start":{"line":42,"column":42},"end":{"line":48,"column":5}}}},"branchMap":{},"s":{"0":0,"1":0,"2":0,"3":0,"4":0,"5":0,"6":0,"7":0,"8":0,"9":0,"10":0,"11":0,"12":0,"13":0,"14":0,"15":0,"16":0,"17":0,"18":0,"19":0,"20":0,"21":0},"f":{"0":0,"1":0,"2":0,"3":0,"4":0,"5":0,"6":0,"7":0},"b":{}}
[...]
}},"40":{"start":{"line":103,"column":2},"end":{"line":103,"column":47}},"41":{"start":{"line":106,"column":21},"end":{"line":115,"column":3}},"42":{"start":{"line":107,"column":4},"end":{"line":114,"column":6}},"43":{"start":{"line":117,"column":2},"end":{"line":182,"column":3}},"44":{"start":{"line":119,"column":4},"end":{"line":123,"column":7}},"45":{"start":{"line":124,"column":9},"end":{"line":182,"column":3}},"46":{"start":{"line":126,"column":28},"end":{"line":126,"column":49}},"47":{"start":{"line":127,"column":20},"end":{"line":129,"column":17}},"48":{"start":{"line":128,"column":33},"end":{"line":128,"column":55}},"49":{"start":{"line":131,"column":4},"end":{"line":135,"column":7}},"50":{"start":{"line":136,"column":9},"end":{"line":182,"column":3}},"51":{"start":{"line":138,"column":4},"end":{"line":138,"column":16}},"52":{"start":{"line":139,"column":9},"end":{"line":182,"column":3}},"53":{"start":{"line":141,"column":4},"end":{"line":170,"column":5}},"54":{"start":{"line":142,"column":6},"end":{"line":146,"column":9}},"55":{"start":{"line":147,"column":11},"end":{"line":170,"column":5}},"56":{"start":{"line":150,"column":6},"end":{"line":154,"column":9}},"57":{"start":{"line":155,"column":11},"end":{"line":170,"column":5}},"58":{"start":{"line":158,"column":6},"end":{"line":162,"column":9}},"59":{"start":{"line":165,"column":6},"end":{"line":169,"column":9}},"60":{"start":{"line":173,"column":20},"end":{"line":175,"column":35}},"61":{"start":{"line":177,"column":4},"end":{"line":181,"column":7}},"62":{"start":{"line":189,"column":20},"end":{"line":189,"column":77}},"63":{"start":{"line":191,"column":2},"end":{"line":228,"column":3}},"64":{"start":{"line":195,"column":6},"end":{"line":195,"column":27}},"65":{"start":{"line":199,"column":6},"end":{"line":199,"column":28}},"66":{"start":{"line":203,"column":6},"end":{"line":203,"column":25}},"67":{"start":{"line":206,"column":6},"end":{"line":206,"column":25}},"68":{"start":{"line":210,"column":6},"end":{"line":210,"column":24}},"69":{"start":{"line":213,"column":6},"end":{"line":213,"column":33}},"70":{"start":{"line":216,"column":6},"end":{"line":216,"column":23}},"71":{"start":{"line":227,"column":6},"end":{"line":227,"column":37}},"72":{"start":{"line":235,"column":50},"end":{"line":235,"column":52}},"73":{"start":{"line":237,"column":2},"end":{"line":240,"column":3}},"74":{"start":{"line":238,"column":17},"end":{"line":238,"column":48}},"75":{"start":{"line":239,"column":4},"end":{"line":239,"column":42}},"76":{"start":{"line":242,"column":2},"end":{"line":242,"column":25}},"77":{"start":{"line":249,"column":18},"end":{"line":251,"column":33}},"78":{"start":{"line":253,"column":2},"end":{"line":256,"column":5}},"79":{"start":{"line":263,"column":2},"end":{"line":266,"column":5}},"80":{"start":{"line":274,"column":2},"end":{"line":276,"column":5}},"81":{"start":{"line":283,"column":2},"end":{"line":285,"column":5}},"82":{"start":{"line":292,"column":2},"end":{"line":295,"column":5}},"83":{"start":{"line":306,"column":2},"end":{"line":312,"column":5}},"84":{"start":{"line":319,"column":2},"end":{"line":322,"column":5}},"85":{"start":{"line":333,"column":26},"end":{"line":336,"column":4}},"86":{"start":{"line":339,"column":21},"end":{"line":348,"column":3}},"87":{"start":{"line":340,"column":4},"end":{"line":347,"column":6}},"88":{"start":{"line":351,"column":2},"end":{"line":405,"column":3}},"89":{"start":{"line":352,"column":4},"end":{"line":355,"column":6}},"90":{"start":{"line":358,"column":7},"end":{"line":405,"column":3}},"91":{"start":{"line":361,"column":4},"end":{"line":376,"column":5}},"92":{"start":{"line":363,"column":8},"end":{"line":363,"column":30}},"93":{"start":{"line":364,"column":8},"end":{"line":364,"column":14}},"94":{"start":{"line":366,"column":8},"end":{"line":366,"column":27}},"95":{"start":{"line":367,"column":8},"end":{"line":367,"column":14}},"96":{"start":{"line":369,"column":8},"end":{"line":369,"column":27}},"97":{"start":{"line":370,"column":8},"end":{"line":370,"column":14}},"98":{"start":{"line":372,"column":8},"end":{"line":372,"column":34}},"99":{"start":{"line":373,"column":8},"end":{"line":373,"column":14}},"100":{"start":{"line":375,"column":8},"end":{"line":375,"column":39}},"101":{"start":{"line":378,"column":4},"end":{"line":381,"column":6}},"102":{"start":{"line":384,"column":7},"end":{"line":405,"column":3}},"103":{"start":{"line":385,"column":15},"end":{"line":385,"column":38}},"104":{"start":{"line":388,"column":4},"end":{"line":399,"column":5}},"105":{"start":{"line":389,"column":6},"end":{"line":389,"column":25}},"106":{"start":{"line":390,"column":11},"end":{"line":399,"column":5}},"107":{"start":{"line":392,"column":6},"end":{"line":392,"column":25}},"108":{"start":{"line":393,"column":11},"end":{"line":399,"column":5}},"109":{"start":{"line":395,"column":6},"end":{"line":395,"column":28}},"110":{"start":{"line":396,"column":11},"end":{"line":399,"column":5}},"111":{"start":{"line":398,"column":6},"end":{"line":398,"column":32}},"112":{"start":{"line":401,"column":4},"end":{"line":404,"column":6}},"113":{"start":{"line":408,"column":2},"end":{"line":408,"column":25}}},"fnMap":{"0":{"name":"(anonymous_0)","decl":{"start":{"line":9,"column":0},"end":{"line":9,"column":12}},"loc":{"start":{"line":9,"column":21},"end":{"line":46,"column":1}}},"1":{"name":"(anonymous_1)","decl":{"start":{"line":61,"column":2},"end":{"line":61,"column":14}},"loc":{"start":{"line":61,"column":86},"end":{"line":68,"column":3}}},"2":{"name":"(anonymous_2)","decl":{"start":{"line":73,"column":2},"end":{"line":73,"column":8}},"loc":{"start":{"line":76,"column":92},"end":{"line":83,"column":3}}},"3":{"name":"(anonymous_3)","decl":{"start":{"line":88,"column":2},"end":{"line":88,"column":8}},"loc":{"start":{"line":88,"column":8},"end":{"line":94,"column":3}}},"4":{"name":"handleError","decl":{"start":{"line":101,"column":16},"end":{"line":101,"column":27}},"loc":{"start":{"line":101,"column":42},"end":{"line":183,"column":1}}},"5":{"name":"(anonymous_5)","decl":{"start":{"line":106,"column":21},"end":{"line":106,"column":22}},"loc":{"start":{"line":106,"column":51},"end":{"line":115,"column":3}}},"6":{"name":"(anonymous_6)","decl":{"start":{"line":128,"column":11},"end":{"line":128,"column":12}},"loc":{"start":{"line":128,"column":33},"end":{"line":128,"column":55}}},"7":{"name":"mapErrorCodeToTRPC","decl":{"start":{"line":188,"column":9},"end":{"line":188,"column":27}},"loc":{"start":{"line":188,"column":52},"end":{"line":229,"column":1}}},"8":{"name":"formatZodError","decl":{"start":{"line":234,"column":9},"end":{"line":234,"column":23}},"loc":{"start":{"line":234,"column":39},"end":{"line":243,"column":1}}},"9":{"name":"createNotFoundError","decl":{"start":{"line":248,"column":16},"end":{"line":248,"column":35}},"loc":{"start":{"line":248,"column":69},"end":{"line":257,"column":1}}},"10":{"name":"createValidationError","decl":{"start":{"line":262,"column":16},"end":{"line":262,"column":37}},"loc":{"start":{"line":262,"column":69},"end":{"line":267,"column":1}}},"11":{"name":"createUnauthorizedError","decl":{"start":{"line":273,"column":16},"end":{"line":273,"column":39}},"loc":{"start":{"line":273,"column":75},"end":{"line":277,"column":1}}},"12":{"name":"createForbiddenError","decl":{"start":{"line":282,"column":16},"end":{"line":282,"column":36}},"loc":{"start":{"line":282,"column":62},"end":{"line":286,"column":1}}},"13":{"name":"createDatabaseError","decl":{"start":{"line":291,"column":16},"end":{"line":291,"column":35}},"loc":{"start":{"line":291,"column":66},"end":{"line":296,"column":1}}},"14":{"name":"createExternalServiceError","decl":{"start":{"line":301,"column":16},"end":{"line":301,"column":42}},"loc":{"start":{"line":304,"column":15},"end":{"line":313,"column":1}}},"15":{"name":"createGoogleApiError","decl":{"start":{"line":318,"column":16},"end":{"line":318,"column":36}},"loc":{"start":{"line":318,"column":67},"end":{"line":323,"column":1}}},"16":{"name":"formatErrorResponse","decl":{"start":{"line":331,"column":16},"end":{"line":331,"column":35}},"loc":{"start":{"line":331,"column":46},"end":{"line":409,"column":1}}},"17":{"name":"(anonymous_17)","decl":{"start":{"line":339,"column":21},"end":{"line":339,"column":22}},"loc":{"start":{"line":339,"column":51},"end":{"line":348,"column":3}}}},"branchMap":{"0":{"loc":{"start":{"line":9,"column":12},"end":{"line":9,"column":null}},"type":"binary-expr","locations":[{"start":{"line":9,"column":12},"end":{"line":9,"column":21}},{"start":{"line":9,"column":21},"end":{"line":9,"column":null}}]},"1":{"loc":{"start":{"line":66,"column":17},"end":{"line":66,"column":62}},"type":"binary-expr","locations":[{"start":{"line":66,"column":17},"end":{"line":66,"column":34}},{"start":{"line":66,"column":38},"end":{"line":66,"column":62}}]},"2":{"loc":{"start":{"line":108,"column":6},"end":{"line":113,"column":27}},"type":"binary-expr","locations":[{"start":{"line":108,"column":6},"end":{"line":108,"column":9}},{"start":{"line":109,"column":6},"end":{"line":109,"column":29}},{"start":{"line":110,"column":6},"end":{"line":110,"column":29}},{"start":{"line":111,"column":6},"end":{"line":111,"column":17}},{"start":{"line":112,"column":6},"end":{"line":112,"column":37}},{"start":{"line":113,"column":6},"end":{"line":113,"column":27}}]},"3":{"loc":{"start":{"line":117,"column":2},"end":{"line":182,"column":3}},"type":"if","locations":[{"start":{"line":117,"column":2},"end":{"line":182,"column":3}},{"start":{"line":124,"column":9},"end":{"line":182,"column":3}}]},"4":{"loc":{"start":{"line":124,"column":9},"end":{"line":182,"column":3}},"type":"if","locations":[{"start":{"line":124,"column":9},"end":{"line":182,"column":3}},{"start":{"line":136,"column":9},"end":{"line":182,"column":3}}]},"5":{"loc":{"start":{"line":136,"column":9},"end":{"line":182,"column":3}},"type":"if","locations":[{"start":{"line":136,"column":9},"end":{"line":182,"column":3}},{"start":{"line":139,"column":9},"end":{"line":182,"column":3}}]},"6":{"loc":{"start":{"line":139,"column":9},"end":{"line":182,"column":3}},"type":"if","locations":[{"start":{"line":139,"column":9},"end":{"line":182,"column":3}},{"start":{"line":171,"column":9},"end":{"line":182,"column":3}}]},"7":{"loc":{"start":{"line":141,"column":4},"end":{"line":170,"column":5}},"type":"if","locations":[{"start":{"line":141,"column":4},"end":{"line":170,"column":5}},{"start":{"line":147,"column":11},"end":{"line":170,"column":5}}]},"8":{"loc":{"start":{"line":141,"column":8},"end":{"line":141,"column":115}},"type":"binary-expr","locations":[{"start":{"line":141,"column":8},"end":{"line":141,"column":57}},{"start":{"line":141,"column":61},"end":{"line":141,"column":115}}]},"9":{"loc":{"start":{"line":147,"column":11},"end":{"line":170,"column":5}},"type":"if","locations":[{"start":{"line":147,"column":11},"end":{"line":170,"column":5}},{"start":{"line":155,"column":11},"end":{"line":170,"column":5}}]},"10":{"loc":{"start":{"line":147,"column":15},"end":{"line":149,"column":64}},"type":"binary-expr","locations":[{"start":{"line":147,"column":15},"end":{"line":147,"column":72}},{"start":{"line":148,"column":15},"end":{"line":148,"column":66}},{"start":{"line":149,"column":15},"end":{"line":149,"column":64}}]},"11":{"loc":{"start":{"line":155,"column":11},"end":{"line":170,"column":5}},"type":"if","locations":[{"start":{"line":155,"column":11},"end":{"line":170,"column":5}},{"start":{"line":163,"column":11},"end":{"line":170,"column":5}}]},"12":{"loc":{"start":{"line":155,"column":15},"end":{"line":157,"column":78}},"type":"binary-expr","locations":[{"start":{"line":155,"column":15},"end":{"line":155,"column":67}},{"start":{"line":156,"column":15},"end":{"line":156,"column":70}},{"start":{"line":157,"column":15},"end":{"line":157,"column":78}}]},"13":{"loc":{"start":{"line":173,"column":20},"end":{"line":175,"column":35}},"type":"cond-expr","locations":[{"start":{"line":174,"column":8},"end":{"line":174,"column":13}},{"start":{"line":175,"column":8},"end":{"line":175,"column":35}}]},"14":{"loc":{"start":{"line":189,"column":20},"end":{"line":189,"column":77}},"type":"cond-expr","locations":[{"start":{"line":189,"column":47},"end":{"line":189,"column":51}},{"start":{"line":189,"column":54},"end":{"line":189,"column":77}}]},"15":{"loc":{"start":{"line":191,"column":2},"end":{"line":228,"column":3}},"type":"switch","locations":[{"start":{"line":192,"column":4},"end":{"line":192,"column":36}},{"start":{"line":193,"column":4},"end":{"line":193,"column":33}},{"start":{"line":194,"column":4},"end":{"line":195,"column":27}},{"start":{"line":197,"column":4},"end":{"line":197,"column":32}},{"start":{"line":198,"column":4},"end":{"line":199,"column":28}},{"start":{"line":201,"column":4},"end":{"line":201,"column":29}},{"start":{"line":202,"column":4},"end":{"line":203,"column":25}},{"start":{"line":205,"column":4},"end":{"line":206,"column":25}},{"start":{"line":208,"column":4},"end":{"line":208,"column":28}},{"start":{"line":209,"column":4},"end":{"line":210,"column":24}},{"start":{"line":212,"column":4},"end":{"line":213,"column":33}},{"start":{"line":215,"column":4},"end":{"line":216,"column":23}},{"start":{"line":218,"column":4},"end":{"line":218,"column":33}},{"start":{"line":219,"column":4},"end":{"line":219,"column":35}},{"start":{"line":220,"column":4},"end":{"line":220,"column":42}},{"start":{"line":221,"column":4},"end":{"line":221,"column":36}},{"start":{"line":222,"column":4},"end":{"line":222,"column":34}},{"start":{"line":223,"column":4},"end":{"line":223,"column":31}},{"start":{"line":224,"column":4},"end":{"line":224,"column":41}},{"start":{"line":225,"column":4},"end":{"line":225,"column":33}},{"start":{"line":226,"column":4},"end":{"line":227,"column":37}}]},"16":{"loc":{"start":{"line":238,"column":17},"end":{"line":238,"column":48}},"type":"binary-expr","locations":[{"start":{"line":238,"column":17},"end":{"line":238,"column":37}},{"start":{"line":238,"column":41},"end":{"line":238,"column":48}}]},"17":{"loc":{"start":{"line":249,"column":18},"end":{"line":251,"column":33}},"type":"cond-expr","locations":[{"start":{"line":250,"column":6},"end":{"line":250,"column":49}},{"start":{"line":251,"column":6},"end":{"line":251,"column":33}}]},"18":{"loc":{"start":{"line":255,"column":11},"end":{"line":255,"column":32}},"type":"cond-expr","locations":[{"start":{"line":255,"column":16},"end":{"line":255,"column":20}},{"start":{"line":255,"column":23},"end":{"line":255,"column":32}}]},"19":{"loc":{"start":{"line":273,"column":40},"end":{"line":273,"column":75}},"type":"default-arg","locations":[{"start":{"line":273,"column":50},"end":{"line":273,"column":75}}]},"20":{"loc":{"start":{"line":282,"column":37},"end":{"line":282,"column":62}},"type":"default-arg","locations":[{"start":{"line":282,"column":47},"end":{"line":282,"column":62}}]},"21":{"loc":{"start":{"line":341,"column":6},"end":{"line":346,"column":27}},"type":"binary-expr","locations":[{"start":{"line":341,"column":6},"end":{"line":341,"column":9}},{"start":{"line":342,"column":6},"end":{"line":342,"column":29}},{"start":{"line":343,"column":6},"end":{"line":343,"column":29}},{"start":{"line":344,"column":6},"end":{"line":344,"column":17}},{"start":{"line":345,"column":6},"end":{"line":345,"column":37}},{"start":{"line":346,"column":6},"end":{"line":346,"column":27}}]},"22":{"loc":{"start":{"line":351,"column":2},"end":{"line":405,"column":3}},"type":"if","locations":[{"start":{"line":351,"column":2},"end":{"line":405,"column":3}},{"start":{"line":358,"column":7},"end":{"line":405,"column":3}}]},"23":{"loc":{"start":{"line":358,"column":7},"end":{"line":405,"column":3}},"type":"if","locations":[{"start":{"line":358,"column":7},"end":{"line":405,"column":3}},{"start":{"line":384,"column":7},"end":{"line":405,"column":3}}]},"24":{"loc":{"start":{"line":358,"column":11},"end":{"line":358,"column":64}},"type":"binary-expr","locations":[{"start":{"line":358,"column":11},"end":{"line":358,"column":16}},{"start":{"line":358,"column":20},"end":{"line":358,"column":45}},{"start":{"line":358,"column":49},"end":{"line":358,"column":64}}]},"25":{"loc":{"start":{"line":361,"column":4},"end":{"line":376,"column":5}},"type":"switch","locations":[{"start":{"line":362,"column":6},"end":{"line":364,"column":14}},{"start":{"line":365,"column":6},"end":{"line":367,"column":14}},{"start":{"line":368,"column":6},"end":{"line":370,"column":14}},{"start":{"line":371,"column":6},"end":{"line":373,"column":14}},{"start":{"line":374,"column":6},"end":{"line":375,"column":39}}]},"26":{"loc":{"start":{"line":379,"column":15},"end":{"line":379,"column":55}},"type":"binary-expr","locations":[{"start":{"line":379,"column":15},"end":{"line":379,"column":28}},{"start":{"line":379,"column":32},"end":{"line":379,"column":55}}]},"27":{"loc":{"start":{"line":384,"column":7},"end":{"line":405,"column":3}},"type":"if","locations":[{"start":{"line":384,"column":7},"end":{"line":405,"column":3}}]},"28":{"loc":{"start":{"line":388,"column":4},"end":{"line":399,"column":5}},"type":"if","locations":[{"start":{"line":388,"column":4},"end":{"line":399,"column":5}},{"start":{"line":390,"column":11},"end":{"line":399,"column":5}}]},"29":{"loc":{"start":{"line":390,"column":11},"end":{"line":399,"column":5}},"type":"if","locations":[{"start":{"line":390,"column":11},"end":{"line":399,"column":5}},{"start":{"line":393,"column":11},"end":{"line":399,"column":5}}]},"30":{"loc":{"start":{"line":390,"column":15},"end":{"line":391,"column":64}},"type":"binary-expr","locations":[{"start":{"line":390,"column":15},"end":{"line":390,"column":65}},{"start":{"line":391,"column":15},"end":{"line":391,"column":64}}]},"31":{"loc":{"start":{"line":393,"column":11},"end":{"line":399,"column":5}},"type":"if","locations":[{"start":{"line":393,"column":11},"end":{"line":399,"column":5}},{"start":{"line":396,"column":11},"end":{"line":399,"column":5}}]},"32":{"loc":{"start":{"line":393,"column":15},"end":{"line":394,"column":69}},"type":"binary-expr","locations":[{"start":{"line":393,"column":15},"end":{"line":393,"column":67}},{"start":{"line":394,"column":15},"end":{"line":394,"column":69}}]},"33":{"loc":{"start":{"line":396,"column":11},"end":{"line":399,"column":5}},"type":"if","locations":[{"start":{"line":396,"column":11},"end":{"line":399,"column":5}}]},"34":{"loc":{"start":{"line":396,"column":15},"end":{"line":397,"column":62}},"type":"binary-expr","locations":[{"start":{"line":396,"column":15},"end":{"line":396,"column":65}},{"start":{"line":397,"column":15},"end":{"line":397,"column":62}}]}},"s":{"0":1,"1":1,"2":1,"3":1,"4":1,"5":1,"6":1,"7":1,"8":1,"9":1,"10":1,"11":1,"12":1,"13":1,"14":1,"15":1,"16":1,"17":1,"18":1,"19":1,"20":1,"21":1,"22":1,"23":1,"24":1,"25":1,"26":1,"27":1,"28":1,"29":1,"30":1,"31":1,"32":1,"33":1,"34":14,"35":14,"36":14,"37":14,"38":1,"39":1,"40":17,"41":17,"42":17,"43":17,"44":2,"45":15,"46":2,"47":2,"48":4,"49":2,"50":13,"51":1,"52":12,"53":8,"54":2,"55":6,"56":2,"57":4,"58":2,"59":2,"60":4,"61":4,"62":2,"63":2,"64":0,"65":0,"66":0,"67":2,"68":0,"69":0,"70":0,"71":0,"72":2,"73":2,"74":4,"75":4,"76":2,"77":2,"78":2,"79":1,"80":2,"81":2,"82":1,"83":1,"84":1,"85":0,"86":0,"87":0,"88":0,"89":0,"90":0,"91":0,"92":0,"93":0,"94":0,"95":0,"96":0,"97":0,"98":0,"99":0,"100":0,"101":0,"102":0,"103":0,"104":0,"105":0,"106":0,"107":0,"108":0,"109":0,"110":0,"111":0,"112":0,"113":0},"f":{"0":1,"1":14,"2":14,"3":1,"4":17,"5":17,"6":4,"7":2,"8":2,"9":2,"10":1,"11":2,"12":2,"13":1,"14":1,"15":1,"16":0,"17":0},"b":{"0":[1,1],"1":[14,14],"2":[17,17,13,2,2,2],"3":[2,15],"4":[2,13],"5":[1,12],"6":[8,4],"7":[2,6],"8":[8,6],"9":[2,4],"10":[6,4,4],"11":[2,2],"12":[4,4,4],"13":[2,2],"14":[2,0],"15":[0,0,0,0,0,0,0,2,0,0,0,0,0,0,0,0,0,0,0,0,0],"16":[4,0],"17":[1,1],"18":[1,1],"19":[1],"20":[1],"21":[0,0,0,0,0,0],"22":[0,0],"23":[0,0],"24":[0,0,0],"25":[0,0,0,0,0],"26":[0,0],"27":[0],"28":[0,0],"29":[0,0],"30":[0,0],"31":[0,0],"32":[0,0],"33":[0],"34":[0,0]}}
}
