TN:
SF:src/cache/index.ts
FNF:0
FNH:0
DA:1,0
LF:1
LH:0
BRF:0
BRH:0
end_of_record
TN:
SF:src/cache/redis.ts
FN:10,(anonymous_1)
FN:22,(anonymous_2)
FN:24,(anonymous_3)
FN:29,(anonymous_4)
FN:34,(anonymous_5)
FN:39,(anonymous_6)
FN:49,(anonymous_7)
FN:56,(anonymous_8)
FN:60,(anonymous_9)
FN:71,(anonymous_10)
FNF:10
FNH:0
FNDA:0,(anonymous_1)
FNDA:0,(anonymous_2)
FNDA:0,(anonymous_3)
FNDA:0,(anonymous_4)
FNDA:0,(anonymous_5)
FNDA:0,(anonymous_6)
FNDA:0,(anonymous_7)
FNDA:0,(anonymous_8)
FNDA:0,(anonymous_9)
FNDA:0,(anonymous_10)
DA:1,0
DA:2,0
DA:3,0
DA:6,0
DA:11,0
DA:12,0
DA:18,0
DA:19,0
DA:20,0
DA:25,0
DA:26,0
DA:29,0
DA:30,0
DA:31,0
DA:34,0
DA:35,0
DA:36,0
DA:39,0
DA:40,0
DA:41,0
DA:45,0
DA:51,0
DA:53,0
DA:57,0
DA:61,0
DA:62,0
DA:63,0
DA:64,0
DA:65,0
DA:71,0
LF:30
LH:0
BRDA:9,0,0,0
BRDA:9,0,1,0
BRDA:25,1,0,0
BRDA:57,2,0,0
BRDA:57,2,1,0
BRDA:61,3,0,0
BRF:6
BRH:0
end_of_record
TN:
SF:src/config/index.ts
FNF:0
FNH:0
DA:1,0
DA:2,0
DA:5,0
DA:8,0
DA:29,0
DA:31,0
DA:32,0
DA:33,0
DA:37,0
LF:9
LH:0
BRDA:31,0,0,0
BRDA:47,1,0,0
BRDA:47,1,1,0
BRF:3
BRH:0
end_of_record
TN:
SF:src/db/client.ts
FN:21,(anonymous_0)
FN:30,(anonymous_1)
FNF:2
FNH:0
FNDA:0,(anonymous_0)
FNDA:0,(anonymous_1)
DA:5,0
DA:6,0
DA:9,0
DA:11,0
DA:21,0
DA:22,0
DA:30,0
DA:31,0
DA:32,0
DA:33,0
DA:35,0
DA:40,0
DA:45,0
DA:46,0
DA:50,0
LF:15
LH:0
BRDA:11,0,0,0
BRDA:11,0,1,0
BRDA:45,1,0,0
BRF:3
BRH:0
end_of_record
TN:
SF:src/db/index.ts
FN:21,connectToDatabase
FN:34,disconnectFromDatabase
FN:48,healthCheck
FNF:3
FNH:0
FNDA:0,connectToDatabase
FNDA:0,disconnectFromDatabase
FNDA:0,healthCheck
DA:5,0
DA:8,0
DA:11,0
DA:12,0
DA:13,0
DA:14,0
DA:15,0
DA:16,0
DA:17,0
DA:18,0
DA:21,0
DA:22,0
DA:24,0
DA:25,0
DA:26,0
DA:28,0
DA:29,0
DA:34,0
DA:35,0
DA:36,0
DA:37,0
DA:38,0
DA:40,0
DA:41,0
DA:48,0
DA:49,0
DA:51,0
DA:52,0
DA:54,0
LF:29
LH:0
BRDA:57,0,0,0
BRDA:57,0,1,0
BRF:2
BRH:0
end_of_record
TN:
SF:src/db/services/analytics.service.ts
FN:14,getTaskCompletionStats
FN:53,(anonymous_2)
FN:64,(anonymous_3)
FN:70,(anonymous_4)
FN:82,getUserWorkload
FN:104,(anonymous_6)
FN:111,(anonymous_7)
FN:123,getTasksByPriority
FN:139,(anonymous_9)
FN:146,(anonymous_10)
FN:161,getCompletionTimeByPriority
FN:182,(anonymous_12)
FN:200,(anonymous_13)
FN:202,(anonymous_14)
FN:204,(anonymous_15)
FNF:15
FNH:0
FNDA:0,getTaskCompletionStats
FNDA:0,(anonymous_2)
FNDA:0,(anonymous_3)
FNDA:0,(anonymous_4)
FNDA:0,getUserWorkload
FNDA:0,(anonymous_6)
FNDA:0,(anonymous_7)
FNDA:0,getTasksByPriority
FNDA:0,(anonymous_9)
FNDA:0,(anonymous_10)
FNDA:0,getCompletionTimeByPriority
FNDA:0,(anonymous_12)
FNDA:0,(anonymous_13)
FNDA:0,(anonymous_14)
FNDA:0,(anonymous_15)
DA:4,0
DA:5,0
DA:7,0
DA:14,0
DA:15,0
DA:16,0
DA:20,0
DA:22,0
DA:23,0
DA:25,0
DA:26,0
DA:28,0
DA:29,0
DA:31,0
DA:35,0
DA:51,0
DA:53,0
DA:54,0
DA:56,0
DA:57,0
DA:60,0
DA:64,0
DA:70,0
DA:72,0
DA:74,0
DA:82,0
DA:83,0
DA:85,0
DA:104,0
DA:111,0
DA:113,0
DA:115,0
DA:123,0
DA:124,0
DA:126,0
DA:139,0
DA:145,0
DA:146,0
DA:147,0
DA:151,0
DA:153,0
DA:161,0
DA:162,0
DA:164,0
DA:176,0
DA:182,0
DA:183,0
DA:185,0
DA:186,0
DA:190,0
DA:191,0
DA:192,0
DA:194,0
DA:198,0
DA:200,0
DA:202,0
DA:204,0
DA:207,0
DA:216,0
LF:59
LH:0
BRDA:20,0,0,0
BRDA:20,0,1,0
BRDA:20,0,2,0
BRDA:20,0,3,0
BRDA:56,1,0,0
BRDA:185,2,0,0
BRDA:185,3,0,0
BRDA:185,3,1,0
BRDA:185,3,2,0
BRDA:199,4,0,0
BRDA:199,4,1,0
BRDA:201,5,0,0
BRDA:201,5,1,0
BRDA:203,6,0,0
BRDA:203,6,1,0
BRF:15
BRH:0
end_of_record
TN:
SF:src/db/services/attachment.service.ts
FN:11,getAttachmentsByTaskId
FN:27,getAttachmentById
FN:51,createAttachment
FN:65,deleteAttachment
FN:83,generateThumbnailUrl
FN:101,generateFileUrl
FNF:6
FNH:0
FNDA:0,getAttachmentsByTaskId
FNDA:0,getAttachmentById
FNDA:0,createAttachment
FNDA:0,deleteAttachment
FNDA:0,generateThumbnailUrl
FNDA:0,generateFileUrl
DA:5,0
DA:6,0
DA:11,0
DA:12,0
DA:13,0
DA:20,0
DA:27,0
DA:28,0
DA:29,0
DA:43,0
DA:51,0
DA:52,0
DA:53,0
DA:57,0
DA:65,0
DA:66,0
DA:67,0
DA:70,0
DA:72,0
DA:83,0
DA:85,0
DA:86,0
DA:91,0
DA:92,0
DA:101,0
DA:104,0
DA:105,0
LF:27
LH:0
BRDA:85,0,0,0
BRF:1
BRH:0
end_of_record
TN:
SF:src/db/services/comment.service.ts
FN:11,getCommentsByTaskId
FN:48,getCommentCount
FN:61,createComment
FN:84,getCommentById
FN:115,updateComment
FN:139,deleteComment
FN:155,extractMentions
FN:158,(anonymous_8)
FN:166,resolveUserIds
FN:172,(anonymous_10)
FN:184,(anonymous_11)
FNF:11
FNH:0
FNDA:0,getCommentsByTaskId
FNDA:0,getCommentCount
FNDA:0,createComment
FNDA:0,getCommentById
FNDA:0,updateComment
FNDA:0,deleteComment
FNDA:0,extractMentions
FNDA:0,(anonymous_8)
FNDA:0,resolveUserIds
FNDA:0,(anonymous_10)
FNDA:0,(anonymous_11)
DA:5,0
DA:6,0
DA:11,0
DA:12,0
DA:13,0
DA:41,0
DA:48,0
DA:49,0
DA:50,0
DA:54,0
DA:61,0
DA:62,0
DA:63,0
DA:77,0
DA:84,0
DA:85,0
DA:86,0
DA:108,0
DA:115,0
DA:116,0
DA:117,0
DA:132,0
DA:139,0
DA:140,0
DA:141,0
DA:144,0
DA:146,0
DA:155,0
DA:156,0
DA:157,0
DA:158,0
DA:166,0
DA:167,0
DA:168,0
DA:170,0
DA:172,0
DA:184,0
DA:186,0
LF:38
LH:0
BRDA:168,0,0,0
BRF:1
BRH:0
end_of_record
TN:
SF:src/db/services/google.service.ts
FN:12,getConnectionStatus
FN:51,getCalendarEvents
FN:66,(anonymous_3)
FN:91,createCalendarEvent
FN:140,updateCalendarEvent
FN:201,deleteCalendarEvent
FN:244,syncCalendar
FN:283,importGoogleTaskAsTask
FNF:8
FNH:0
FNDA:0,getConnectionStatus
FNDA:0,getCalendarEvents
FNDA:0,(anonymous_3)
FNDA:0,createCalendarEvent
FNDA:0,updateCalendarEvent
FNDA:0,deleteCalendarEvent
FNDA:0,syncCalendar
FNDA:0,importGoogleTaskAsTask
DA:4,0
DA:5,0
DA:12,0
DA:13,0
DA:14,0
DA:26,0
DA:27,0
DA:30,0
DA:32,0
DA:42,0
DA:51,0
DA:52,0
DA:54,0
DA:56,0
DA:57,0
DA:62,0
DA:66,0
DA:78,0
DA:79,0
DA:81,0
DA:91,0
DA:92,0
DA:94,0
DA:96,0
DA:97,0
DA:102,0
DA:115,0
DA:126,0
DA:127,0
DA:129,0
DA:140,0
DA:141,0
DA:143,0
DA:145,0
DA:146,0
DA:150,0
DA:160,0
DA:161,0
DA:165,0
DA:177,0
DA:188,0
DA:189,0
DA:191,0
DA:201,0
DA:202,0
DA:204,0
DA:206,0
DA:207,0
DA:211,0
DA:221,0
DA:222,0
DA:226,0
DA:230,0
DA:232,0
DA:233,0
DA:235,0
DA:244,0
DA:245,0
DA:247,0
DA:249,0
DA:250,0
DA:257,0
DA:261,0
DA:269,0
DA:270,0
DA:272,0
DA:283,0
DA:284,0
DA:286,0
DA:288,0
DA:289,0
DA:296,0
DA:309,0
DA:329,0
DA:330,0
DA:332,0
LF:76
LH:0
BRDA:26,0,0,0
BRDA:30,1,0,0
BRDA:30,1,1,0
BRDA:34,2,0,0
BRDA:34,2,1,0
BRDA:56,3,0,0
BRDA:75,4,0,0
BRDA:75,4,1,0
BRDA:78,5,0,0
BRDA:78,6,0,0
BRDA:78,6,1,0
BRDA:96,7,0,0
BRDA:126,8,0,0
BRDA:126,9,0,0
BRDA:126,9,1,0
BRDA:145,10,0,0
BRDA:160,11,0,0
BRDA:168,12,0,0
BRDA:168,12,1,0
BRDA:169,13,0,0
BRDA:169,13,1,0
BRDA:170,14,0,0
BRDA:170,14,1,0
BRDA:171,15,0,0
BRDA:171,15,1,0
BRDA:172,16,0,0
BRDA:172,16,1,0
BRDA:173,17,0,0
BRDA:173,17,1,0
BRDA:188,18,0,0
BRDA:188,19,0,0
BRDA:188,19,1,0
BRDA:206,20,0,0
BRDA:221,21,0,0
BRDA:232,22,0,0
BRDA:232,23,0,0
BRDA:232,23,1,0
BRDA:249,24,0,0
BRDA:269,25,0,0
BRDA:269,26,0,0
BRDA:269,26,1,0
BRDA:283,27,0,0
BRDA:288,28,0,0
BRDA:298,29,0,0
BRDA:298,29,1,0
BRDA:299,30,0,0
BRDA:299,30,1,0
BRDA:303,31,0,0
BRDA:303,31,1,0
BRDA:317,32,0,0
BRDA:317,32,1,0
BRDA:323,33,0,0
BRDA:323,33,1,0
BRDA:324,34,0,0
BRDA:324,34,1,0
BRDA:325,35,0,0
BRDA:325,35,1,0
BRDA:329,36,0,0
BRDA:329,37,0,0
BRDA:329,37,1,0
BRF:60
BRH:0
end_of_record
TN:
SF:src/db/services/index.ts
FNF:0
FNH:0
DA:6,0
DA:7,0
DA:8,0
DA:9,0
DA:10,0
DA:11,0
DA:12,0
DA:13,0
LF:8
LH:0
BRF:0
BRH:0
end_of_record
TN:
SF:src/db/services/notification.service.ts
FN:12,getUserNotifications
FN:28,getNotificationById
FN:41,createNotification
FN:54,markAsRead
FN:70,markAllAsRead
FN:91,getUnreadCount
FN:107,createTaskAssignedNotification
FN:130,createCommentMentionNotification
FN:153,createTaskUpdatedNotification
FN:176,createDueDateReminderNotification
FNF:10
FNH:0
FNDA:0,getUserNotifications
FNDA:0,getNotificationById
FNDA:0,createNotification
FNDA:0,markAsRead
FNDA:0,markAllAsRead
FNDA:0,getUnreadCount
FNDA:0,createTaskAssignedNotification
FNDA:0,createCommentMentionNotification
FNDA:0,createTaskUpdatedNotification
FNDA:0,createDueDateReminderNotification
DA:4,0
DA:5,0
DA:6,0
DA:12,0
DA:13,0
DA:14,0
DA:21,0
DA:28,0
DA:29,0
DA:30,0
DA:34,0
DA:41,0
DA:42,0
DA:43,0
DA:47,0
DA:54,0
DA:55,0
DA:56,0
DA:63,0
DA:70,0
DA:71,0
DA:72,0
DA:82,0
DA:84,0
DA:91,0
DA:92,0
DA:93,0
DA:100,0
DA:107,0
DA:108,0
DA:109,0
DA:123,0
DA:130,0
DA:131,0
DA:132,0
DA:146,0
DA:153,0
DA:154,0
DA:155,0
DA:169,0
DA:176,0
DA:177,0
DA:178,0
DA:192,0
LF:44
LH:0
BRDA:182,0,0,0
BRDA:182,0,1,0
BRF:2
BRH:0
end_of_record
TN:
SF:src/db/services/task.service.ts
FN:11,getAllTasks
FN:52,getTaskById
FN:100,getTasksByStatus
FN:150,searchTasks
FN:180,createTask
FN:209,updateTask
FN:239,deleteTask
FN:253,updateTaskStatus
FN:275,updateTaskAssignee
FN:297,startTimeTracking
FN:319,stopTimeTracking
FNF:11
FNH:0
FNDA:0,getAllTasks
FNDA:0,getTaskById
FNDA:0,getTasksByStatus
FNDA:0,searchTasks
FNDA:0,createTask
FNDA:0,updateTask
FNDA:0,deleteTask
FNDA:0,updateTaskStatus
FNDA:0,updateTaskAssignee
FNDA:0,startTimeTracking
FNDA:0,stopTimeTracking
DA:5,0
DA:6,0
DA:11,0
DA:12,0
DA:13,0
DA:45,0
DA:52,0
DA:53,0
DA:54,0
DA:93,0
DA:100,0
DA:101,0
DA:104,0
DA:116,0
DA:143,0
DA:150,0
DA:151,0
DA:152,0
DA:173,0
DA:180,0
DA:181,0
DA:182,0
DA:202,0
DA:209,0
DA:210,0
DA:211,0
DA:232,0
DA:239,0
DA:240,0
DA:241,0
DA:244,0
DA:246,0
DA:253,0
DA:254,0
DA:255,0
DA:268,0
DA:275,0
DA:276,0
DA:277,0
DA:290,0
DA:297,0
DA:298,0
DA:299,0
DA:312,0
DA:319,0
DA:320,0
DA:322,0
DA:330,0
DA:331,0
DA:335,0
DA:336,0
DA:337,0
DA:340,0
DA:355,0
LF:54
LH:0
BRDA:104,0,0,0
BRDA:104,0,1,0
BRDA:159,1,0,0
BRDA:159,1,1,0
BRDA:330,2,0,0
BRDA:330,3,0,0
BRDA:330,3,1,0
BRF:7
BRH:0
end_of_record
TN:
SF:src/db/services/template.service.ts
FN:11,getAllTemplates
FN:29,getTemplateById
FN:42,getTemplatesByCategory
FN:58,getTemplateCategories
FN:70,(anonymous_5)
FN:71,(anonymous_6)
FN:80,searchTemplates
FN:103,createTemplate
FN:116,updateTemplate
FN:130,deleteTemplate
FN:144,incrementTemplateUsage
FNF:11
FNH:0
FNDA:0,getAllTemplates
FNDA:0,getTemplateById
FNDA:0,getTemplatesByCategory
FNDA:0,getTemplateCategories
FNDA:0,(anonymous_5)
FNDA:0,(anonymous_6)
FNDA:0,searchTemplates
FNDA:0,createTemplate
FNDA:0,updateTemplate
FNDA:0,deleteTemplate
FNDA:0,incrementTemplateUsage
DA:5,0
DA:6,0
DA:11,0
DA:12,0
DA:13,0
DA:22,0
DA:29,0
DA:30,0
DA:31,0
DA:35,0
DA:42,0
DA:43,0
DA:44,0
DA:51,0
DA:58,0
DA:59,0
DA:60,0
DA:69,0
DA:70,0
DA:71,0
DA:73,0
DA:80,0
DA:81,0
DA:82,0
DA:96,0
DA:103,0
DA:104,0
DA:105,0
DA:109,0
DA:116,0
DA:117,0
DA:118,0
DA:123,0
DA:130,0
DA:131,0
DA:132,0
DA:135,0
DA:137,0
DA:144,0
DA:145,0
DA:146,0
DA:155,0
LF:42
LH:0
BRF:0
BRH:0
end_of_record
TN:
SF:src/db/services/user.service.ts
FN:13,getAllUsers
FN:46,getUserById
FN:81,getUserByEmail
FN:108,getUserByGoogleId
FN:134,createUser
FN:187,updateUser
FN:213,deleteUser
FN:227,updateUserRole
FN:249,verifyPassword
FN:260,updateLoginTimestamp
FN:276,connectGoogleAccount
FN:307,disconnectGoogleAccount
FN:331,updateUserPreferences
FNF:13
FNH:0
FNDA:0,getAllUsers
FNDA:0,getUserById
FNDA:0,getUserByEmail
FNDA:0,getUserByGoogleId
FNDA:0,createUser
FNDA:0,updateUser
FNDA:0,deleteUser
FNDA:0,updateUserRole
FNDA:0,verifyPassword
FNDA:0,updateLoginTimestamp
FNDA:0,connectGoogleAccount
FNDA:0,disconnectGoogleAccount
FNDA:0,updateUserPreferences
DA:4,0
DA:5,0
DA:6,0
DA:7,0
DA:13,0
DA:14,0
DA:15,0
DA:39,0
DA:46,0
DA:47,0
DA:48,0
DA:74,0
DA:81,0
DA:82,0
DA:83,0
DA:101,0
DA:108,0
DA:109,0
DA:110,0
DA:127,0
DA:134,0
DA:135,0
DA:137,0
DA:140,0
DA:141,0
DA:144,0
DA:145,0
DA:149,0
DA:150,0
DA:154,0
DA:155,0
DA:158,0
DA:171,0
DA:174,0
DA:176,0
DA:180,0
DA:187,0
DA:188,0
DA:189,0
DA:206,0
DA:213,0
DA:214,0
DA:215,0
DA:218,0
DA:220,0
DA:227,0
DA:228,0
DA:229,0
DA:242,0
DA:249,0
DA:250,0
DA:251,0
DA:253,0
DA:260,0
DA:261,0
DA:262,0
DA:269,0
DA:276,0
DA:283,0
DA:284,0
DA:300,0
DA:307,0
DA:308,0
DA:309,0
DA:324,0
DA:331,0
DA:332,0
DA:334,0
DA:342,0
DA:347,0
DA:358,0
LF:71
LH:0
BRDA:144,0,0,0
BRDA:144,1,0,0
BRDA:144,1,1,0
BRDA:149,2,0,0
BRDA:149,3,0,0
BRDA:149,3,1,0
BRDA:154,4,0,0
BRDA:154,5,0,0
BRDA:154,5,1,0
BRDA:174,6,0,0
BRDA:174,7,0,0
BRDA:174,7,1,0
BRDA:290,8,0,0
BRDA:290,8,1,0
BRDA:343,9,0,0
BRDA:343,9,1,0
BRF:16
BRH:0
end_of_record
TN:
SF:src/routers/analytics.router.ts
FN:15,(anonymous_9)
FN:15,(anonymous_10)
FN:24,(anonymous_11)
FN:24,(anonymous_12)
FN:33,(anonymous_13)
FN:33,(anonymous_14)
FN:42,(anonymous_15)
FN:42,(anonymous_16)
FNF:8
FNH:0
FNDA:0,(anonymous_9)
FNDA:0,(anonymous_10)
FNDA:0,(anonymous_11)
FNDA:0,(anonymous_12)
FNDA:0,(anonymous_13)
FNDA:0,(anonymous_14)
FNDA:0,(anonymous_15)
FNDA:0,(anonymous_16)
DA:1,0
DA:2,0
DA:3,0
DA:4,0
DA:8,0
DA:12,0
DA:15,0
DA:16,0
DA:17,0
DA:19,0
DA:24,0
DA:25,0
DA:26,0
DA:28,0
DA:33,0
DA:34,0
DA:35,0
DA:37,0
DA:42,0
DA:43,0
DA:44,0
DA:46,0
LF:22
LH:0
BRF:0
BRH:0
end_of_record
TN:
SF:src/routers/attachments.router.ts
FN:8,(anonymous_9)
FN:41,(anonymous_10)
FN:41,(anonymous_11)
FN:62,(anonymous_12)
FN:62,(anonymous_13)
FN:101,(anonymous_14)
FN:101,(anonymous_15)
FNF:7
FNH:0
FNDA:0,(anonymous_9)
FNDA:0,(anonymous_10)
FNDA:0,(anonymous_11)
FNDA:0,(anonymous_12)
FNDA:0,(anonymous_13)
FNDA:0,(anonymous_14)
FNDA:0,(anonymous_15)
DA:1,0
DA:2,0
DA:3,0
DA:4,0
DA:5,0
DA:8,0
DA:9,0
DA:21,0
DA:25,0
DA:34,0
DA:38,0
DA:41,0
DA:42,0
DA:44,0
DA:46,0
DA:47,0
DA:51,0
DA:54,0
DA:56,0
DA:62,0
DA:63,0
DA:65,0
DA:67,0
DA:68,0
DA:72,0
DA:73,0
DA:76,0
DA:89,0
DA:95,0
DA:101,0
DA:102,0
DA:104,0
DA:106,0
DA:107,0
DA:111,0
DA:113,0
DA:114,0
DA:118,0
DA:119,0
DA:123,0
DA:126,0
DA:128,0
LF:42
LH:0
BRDA:13,0,0,0
BRDA:13,0,1,0
BRDA:16,1,0,0
BRDA:16,1,1,0
BRDA:46,2,0,0
BRDA:67,3,0,0
BRDA:106,4,0,0
BRDA:113,5,0,0
BRDA:118,6,0,0
BRDA:118,7,0,0
BRDA:118,7,1,0
BRDA:118,7,2,0
BRF:12
BRH:0
end_of_record
TN:
SF:src/routers/comments.router.ts
FN:9,(anonymous_9)
FN:44,(anonymous_10)
FN:44,(anonymous_11)
FN:65,(anonymous_12)
FN:65,(anonymous_13)
FN:86,(anonymous_14)
FN:86,(anonymous_15)
FN:127,(anonymous_16)
FN:127,(anonymous_17)
FN:167,(anonymous_18)
FN:167,(anonymous_19)
FNF:11
FNH:0
FNDA:0,(anonymous_9)
FNDA:0,(anonymous_10)
FNDA:0,(anonymous_11)
FNDA:0,(anonymous_12)
FNDA:0,(anonymous_13)
FNDA:0,(anonymous_14)
FNDA:0,(anonymous_15)
FNDA:0,(anonymous_16)
FNDA:0,(anonymous_17)
FNDA:0,(anonymous_18)
FNDA:0,(anonymous_19)
DA:1,0
DA:2,0
DA:3,0
DA:4,0
DA:5,0
DA:9,0
DA:10,0
DA:19,0
DA:23,0
DA:27,0
DA:32,0
DA:37,0
DA:41,0
DA:44,0
DA:45,0
DA:47,0
DA:49,0
DA:50,0
DA:54,0
DA:57,0
DA:59,0
DA:65,0
DA:66,0
DA:68,0
DA:70,0
DA:71,0
DA:75,0
DA:78,0
DA:80,0
DA:86,0
DA:87,0
DA:89,0
DA:91,0
DA:92,0
DA:96,0
DA:99,0
DA:111,0
DA:113,0
DA:119,0
DA:121,0
DA:127,0
DA:128,0
DA:130,0
DA:132,0
DA:133,0
DA:137,0
DA:138,0
DA:142,0
DA:145,0
DA:151,0
DA:153,0
DA:159,0
DA:161,0
DA:167,0
DA:168,0
DA:170,0
DA:172,0
DA:173,0
DA:177,0
DA:178,0
DA:182,0
DA:185,0
DA:187,0
LF:63
LH:0
BRDA:13,0,0,0
BRDA:13,0,1,0
BRDA:14,1,0,0
BRDA:14,1,1,0
BRDA:49,2,0,0
BRDA:70,3,0,0
BRDA:91,4,0,0
BRDA:111,5,0,0
BRDA:132,6,0,0
BRDA:137,7,0,0
BRDA:137,8,0,0
BRDA:137,8,1,0
BRDA:151,9,0,0
BRDA:172,10,0,0
BRDA:177,11,0,0
BRDA:177,12,0,0
BRDA:177,12,1,0
BRF:17
BRH:0
end_of_record
TN:
SF:src/routers/google-integration.router.ts
FN:48,(anonymous_9)
FN:48,(anonymous_10)
FN:58,(anonymous_11)
FN:58,(anonymous_12)
FN:68,(anonymous_13)
FN:68,(anonymous_14)
FN:78,(anonymous_15)
FN:78,(anonymous_16)
FN:88,(anonymous_17)
FN:88,(anonymous_18)
FN:97,(anonymous_19)
FN:97,(anonymous_20)
FN:108,(anonymous_21)
FN:108,(anonymous_22)
FN:141,(anonymous_23)
FN:141,(anonymous_24)
FN:151,(anonymous_25)
FN:151,(anonymous_26)
FN:192,(anonymous_27)
FN:192,(anonymous_28)
FNF:20
FNH:0
FNDA:0,(anonymous_9)
FNDA:0,(anonymous_10)
FNDA:0,(anonymous_11)
FNDA:0,(anonymous_12)
FNDA:0,(anonymous_13)
FNDA:0,(anonymous_14)
FNDA:0,(anonymous_15)
FNDA:0,(anonymous_16)
FNDA:0,(anonymous_17)
FNDA:0,(anonymous_18)
FNDA:0,(anonymous_19)
FNDA:0,(anonymous_20)
FNDA:0,(anonymous_21)
FNDA:0,(anonymous_22)
FNDA:0,(anonymous_23)
FNDA:0,(anonymous_24)
FNDA:0,(anonymous_25)
FNDA:0,(anonymous_26)
FNDA:0,(anonymous_27)
FNDA:0,(anonymous_28)
DA:1,0
DA:2,0
DA:3,0
DA:4,0
DA:5,0
DA:10,0
DA:22,0
DA:37,0
DA:41,0
DA:45,0
DA:48,0
DA:49,0
DA:50,0
DA:52,0
DA:58,0
DA:59,0
DA:60,0
DA:62,0
DA:68,0
DA:69,0
DA:70,0
DA:72,0
DA:78,0
DA:79,0
DA:80,0
DA:82,0
DA:88,0
DA:89,0
DA:90,0
DA:92,0
DA:97,0
DA:98,0
DA:99,0
DA:100,0
DA:102,0
DA:108,0
DA:109,0
DA:111,0
DA:113,0
DA:114,0
DA:118,0
DA:135,0
DA:141,0
DA:142,0
DA:143,0
DA:145,0
DA:151,0
DA:152,0
DA:154,0
DA:156,0
DA:157,0
DA:161,0
DA:186,0
DA:192,0
DA:193,0
DA:194,0
DA:196,0
LF:57
LH:0
BRDA:113,0,0,0
BRDA:156,1,0,0
BRF:2
BRH:0
end_of_record
TN:
SF:src/routers/notifications.router.ts
FN:8,(anonymous_9)
FN:28,(anonymous_10)
FN:28,(anonymous_11)
FN:42,(anonymous_12)
FN:42,(anonymous_13)
FN:69,(anonymous_14)
FN:69,(anonymous_15)
FN:84,(anonymous_16)
FN:84,(anonymous_17)
FNF:9
FNH:0
FNDA:0,(anonymous_9)
FNDA:0,(anonymous_10)
FNDA:0,(anonymous_11)
FNDA:0,(anonymous_12)
FNDA:0,(anonymous_13)
FNDA:0,(anonymous_14)
FNDA:0,(anonymous_15)
FNDA:0,(anonymous_16)
FNDA:0,(anonymous_17)
DA:1,0
DA:2,0
DA:3,0
DA:4,0
DA:5,0
DA:8,0
DA:9,0
DA:22,0
DA:26,0
DA:28,0
DA:29,0
DA:31,0
DA:34,0
DA:36,0
DA:42,0
DA:43,0
DA:45,0
DA:47,0
DA:48,0
DA:52,0
DA:53,0
DA:57,0
DA:59,0
DA:64,0
DA:69,0
DA:70,0
DA:72,0
DA:74,0
DA:79,0
DA:84,0
DA:85,0
DA:87,0
DA:89,0
DA:91,0
LF:34
LH:0
BRDA:16,0,0,0
BRDA:16,0,1,0
BRDA:47,1,0,0
BRDA:52,2,0,0
BRF:4
BRH:0
end_of_record
TN:
SF:src/routers/tasks.router.ts
FN:11,(anonymous_9)
FN:102,(anonymous_10)
FN:102,(anonymous_11)
FN:113,(anonymous_12)
FN:113,(anonymous_13)
FN:136,(anonymous_14)
FN:136,(anonymous_15)
FN:147,(anonymous_16)
FN:147,(anonymous_17)
FN:162,(anonymous_18)
FN:179,(anonymous_19)
FN:179,(anonymous_20)
FN:221,(anonymous_21)
FN:239,(anonymous_22)
FN:239,(anonymous_23)
FN:264,(anonymous_24)
FN:264,(anonymous_25)
FN:275,(anonymous_26)
FN:275,(anonymous_27)
FN:290,(anonymous_28)
FN:327,(anonymous_29)
FN:327,(anonymous_30)
FN:357,(anonymous_31)
FNF:23
FNH:0
FNDA:0,(anonymous_9)
FNDA:0,(anonymous_10)
FNDA:0,(anonymous_11)
FNDA:0,(anonymous_12)
FNDA:0,(anonymous_13)
FNDA:0,(anonymous_14)
FNDA:0,(anonymous_15)
FNDA:0,(anonymous_16)
FNDA:0,(anonymous_17)
FNDA:0,(anonymous_18)
FNDA:0,(anonymous_19)
FNDA:0,(anonymous_20)
FNDA:0,(anonymous_21)
FNDA:0,(anonymous_22)
FNDA:0,(anonymous_23)
FNDA:0,(anonymous_24)
FNDA:0,(anonymous_25)
FNDA:0,(anonymous_26)
FNDA:0,(anonymous_27)
FNDA:0,(anonymous_28)
FNDA:0,(anonymous_29)
FNDA:0,(anonymous_30)
FNDA:0,(anonymous_31)
DA:1,0
DA:2,0
DA:3,0
DA:5,0
DA:6,0
DA:7,0
DA:8,0
DA:11,0
DA:13,0
DA:25,0
DA:26,0
DA:29,0
DA:44,0
DA:66,0
DA:70,0
DA:74,0
DA:78,0
DA:82,0
DA:88,0
DA:100,0
DA:102,0
DA:103,0
DA:104,0
DA:105,0
DA:107,0
DA:113,0
DA:114,0
DA:115,0
DA:117,0
DA:118,0
DA:122,0
DA:123,0
DA:124,0
DA:128,0
DA:130,0
DA:136,0
DA:137,0
DA:138,0
DA:139,0
DA:141,0
DA:147,0
DA:148,0
DA:150,0
DA:162,0
DA:170,0
DA:171,0
DA:173,0
DA:179,0
DA:180,0
DA:182,0
DA:184,0
DA:185,0
DA:189,0
DA:190,0
DA:191,0
DA:196,0
DA:215,0
DA:219,0
DA:221,0
DA:230,0
DA:231,0
DA:233,0
DA:239,0
DA:240,0
DA:242,0
DA:244,0
DA:245,0
DA:249,0
DA:250,0
DA:254,0
DA:256,0
DA:258,0
DA:264,0
DA:265,0
DA:266,0
DA:267,0
DA:269,0
DA:275,0
DA:276,0
DA:278,0
DA:280,0
DA:281,0
DA:285,0
DA:286,0
DA:290,0
DA:296,0
DA:310,0
DA:313,0
DA:315,0
DA:321,0
DA:327,0
DA:328,0
DA:330,0
DA:332,0
DA:333,0
DA:337,0
DA:338,0
DA:342,0
DA:345,0
DA:357,0
DA:366,0
DA:369,0
DA:371,0
DA:373,0
LF:104
LH:0
BRDA:18,0,0,0
BRDA:18,0,1,0
BRDA:19,1,0,0
BRDA:19,1,1,0
BRDA:20,2,0,0
BRDA:20,2,1,0
BRDA:117,3,0,0
BRDA:122,4,0,0
BRDA:122,5,0,0
BRDA:122,5,1,0
BRDA:123,6,0,0
BRDA:155,7,0,0
BRDA:155,7,1,0
BRDA:156,8,0,0
BRDA:156,8,1,0
BRDA:159,9,0,0
BRDA:159,9,1,0
BRDA:161,10,0,0
BRDA:161,10,1,0
BRDA:164,11,0,0
BRDA:164,11,1,0
BRDA:184,12,0,0
BRDA:189,13,0,0
BRDA:189,14,0,0
BRDA:189,14,1,0
BRDA:190,15,0,0
BRDA:197,16,0,0
BRDA:197,16,1,0
BRDA:198,17,0,0
BRDA:198,17,1,0
BRDA:199,18,0,0
BRDA:199,18,1,0
BRDA:200,19,0,0
BRDA:200,19,1,0
BRDA:201,20,0,0
BRDA:201,20,1,0
BRDA:202,21,0,0
BRDA:202,21,1,0
BRDA:202,22,0,0
BRDA:202,22,1,0
BRDA:203,23,0,0
BRDA:203,23,1,0
BRDA:204,24,0,0
BRDA:204,24,1,0
BRDA:205,25,0,0
BRDA:205,25,1,0
BRDA:206,26,0,0
BRDA:206,26,1,0
BRDA:207,27,0,0
BRDA:207,27,1,0
BRDA:208,28,0,0
BRDA:208,28,1,0
BRDA:215,29,0,0
BRDA:244,30,0,0
BRDA:249,31,0,0
BRDA:249,32,0,0
BRDA:249,32,1,0
BRDA:280,33,0,0
BRDA:285,34,0,0
BRDA:285,35,0,0
BRDA:285,35,1,0
BRDA:303,36,0,0
BRDA:303,36,1,0
BRDA:332,37,0,0
BRDA:337,38,0,0
BRDA:337,39,0,0
BRDA:337,39,1,0
BRDA:346,40,0,0
BRDA:346,40,1,0
BRDA:347,41,0,0
BRDA:347,41,1,0
BRDA:348,42,0,0
BRDA:348,42,1,0
BRDA:349,43,0,0
BRDA:349,43,1,0
BRDA:351,44,0,0
BRDA:351,44,1,0
BRDA:354,45,0,0
BRDA:354,45,1,0
BRF:79
BRH:0
end_of_record
TN:
SF:src/routers/templates.router.ts
FN:9,(anonymous_9)
FN:74,(anonymous_10)
FN:74,(anonymous_11)
FN:85,(anonymous_12)
FN:85,(anonymous_13)
FN:106,(anonymous_14)
FN:106,(anonymous_15)
FN:116,(anonymous_16)
FN:116,(anonymous_17)
FN:127,(anonymous_18)
FN:127,(anonymous_19)
FN:130,(anonymous_20)
FN:158,(anonymous_21)
FN:158,(anonymous_22)
FN:188,(anonymous_23)
FN:209,(anonymous_24)
FN:209,(anonymous_25)
FN:234,(anonymous_26)
FN:234,(anonymous_27)
FNF:19
FNH:0
FNDA:0,(anonymous_9)
FNDA:0,(anonymous_10)
FNDA:0,(anonymous_11)
FNDA:0,(anonymous_12)
FNDA:0,(anonymous_13)
FNDA:0,(anonymous_14)
FNDA:0,(anonymous_15)
FNDA:0,(anonymous_16)
FNDA:0,(anonymous_17)
FNDA:0,(anonymous_18)
FNDA:0,(anonymous_19)
FNDA:0,(anonymous_20)
FNDA:0,(anonymous_21)
FNDA:0,(anonymous_22)
FNDA:0,(anonymous_23)
FNDA:0,(anonymous_24)
FNDA:0,(anonymous_25)
FNDA:0,(anonymous_26)
FNDA:0,(anonymous_27)
DA:1,0
DA:2,0
DA:3,0
DA:4,0
DA:5,0
DA:6,0
DA:9,0
DA:11,0
DA:21,0
DA:24,0
DA:28,0
DA:32,0
DA:46,0
DA:64,0
DA:68,0
DA:72,0
DA:74,0
DA:75,0
DA:76,0
DA:77,0
DA:79,0
DA:85,0
DA:86,0
DA:87,0
DA:89,0
DA:90,0
DA:94,0
DA:95,0
DA:98,0
DA:100,0
DA:106,0
DA:107,0
DA:108,0
DA:109,0
DA:111,0
DA:116,0
DA:117,0
DA:118,0
DA:119,0
DA:121,0
DA:127,0
DA:128,0
DA:130,0
DA:136,0
DA:149,0
DA:150,0
DA:152,0
DA:158,0
DA:159,0
DA:161,0
DA:163,0
DA:164,0
DA:168,0
DA:169,0
DA:173,0
DA:176,0
DA:187,0
DA:188,0
DA:193,0
DA:200,0
DA:201,0
DA:203,0
DA:209,0
DA:210,0
DA:212,0
DA:214,0
DA:215,0
DA:219,0
DA:220,0
DA:224,0
DA:226,0
DA:228,0
DA:234,0
DA:235,0
DA:236,0
DA:237,0
DA:239,0
LF:77
LH:0
BRDA:15,0,0,0
BRDA:15,0,1,0
BRDA:16,1,0,0
BRDA:16,1,1,0
BRDA:89,2,0,0
BRDA:94,3,0,0
BRDA:94,4,0,0
BRDA:94,4,1,0
BRDA:130,5,0,0
BRDA:130,5,1,0
BRDA:132,6,0,0
BRDA:132,6,1,0
BRDA:140,7,0,0
BRDA:140,7,1,0
BRDA:142,8,0,0
BRDA:142,8,1,0
BRDA:143,9,0,0
BRDA:143,9,1,0
BRDA:143,10,0,0
BRDA:143,10,1,0
BRDA:163,11,0,0
BRDA:168,12,0,0
BRDA:168,13,0,0
BRDA:168,13,1,0
BRDA:177,14,0,0
BRDA:177,14,1,0
BRDA:178,15,0,0
BRDA:178,15,1,0
BRDA:179,16,0,0
BRDA:179,16,1,0
BRDA:180,17,0,0
BRDA:180,17,1,0
BRDA:181,18,0,0
BRDA:181,18,1,0
BRDA:182,19,0,0
BRDA:182,19,1,0
BRDA:183,20,0,0
BRDA:183,20,1,0
BRDA:187,21,0,0
BRDA:214,22,0,0
BRDA:219,23,0,0
BRDA:219,24,0,0
BRDA:219,24,1,0
BRF:43
BRH:0
end_of_record
TN:
SF:src/trpc/context.ts
FN:10,createContext
FNF:1
FNH:0
FNDA:0,createContext
DA:4,0
DA:5,0
DA:6,0
DA:7,0
DA:10,0
DA:23,0
DA:26,0
DA:28,0
DA:29,0
DA:32,0
DA:33,0
DA:36,0
DA:37,0
DA:38,0
DA:43,0
DA:47,0
DA:49,0
LF:17
LH:0
BRDA:28,0,0,0
BRDA:28,0,1,0
BRDA:32,1,0,0
BRDA:36,2,0,0
BRDA:36,3,0,0
BRDA:36,3,1,0
BRDA:52,4,0,0
BRDA:52,4,1,0
BRF:8
BRH:0
end_of_record
TN:
SF:src/trpc/router.ts
FNF:0
FNH:0
DA:1,0
DA:2,0
DA:3,0
DA:4,0
DA:5,0
DA:6,0
DA:7,0
DA:8,0
DA:9,0
DA:14,0
LF:10
LH:0
BRF:0
BRH:0
end_of_record
TN:
SF:src/trpc/trpc.ts
FN:13,(anonymous_0)
FN:20,(anonymous_1)
FN:79,getHttpStatusFromError
FN:116,(anonymous_3)
FN:137,(anonymous_4)
FN:176,safeProcedure
FNF:6
FNH:0
FNDA:0,(anonymous_0)
FNDA:0,(anonymous_1)
FNDA:0,getHttpStatusFromError
FNDA:0,(anonymous_3)
FNDA:0,(anonymous_4)
FNDA:0,safeProcedure
DA:1,0
DA:2,0
DA:4,0
DA:12,0
DA:15,0
DA:18,0
DA:20,0
DA:21,0
DA:22,0
DA:25,0
DA:36,0
DA:37,0
DA:48,0
DA:50,0
DA:62,0
DA:65,0
DA:80,0
DA:82,0
DA:84,0
DA:86,0
DA:88,0
DA:90,0
DA:92,0
DA:94,0
DA:96,0
DA:98,0
DA:100,0
DA:102,0
DA:104,0
DA:107,0
DA:112,0
DA:113,0
DA:116,0
DA:117,0
DA:119,0
DA:125,0
DA:134,0
DA:137,0
DA:138,0
DA:139,0
DA:145,0
DA:146,0
DA:152,0
DA:161,0
DA:176,0
DA:177,0
DA:178,0
DA:181,0
LF:48
LH:0
BRDA:18,0,0,0
BRDA:21,1,0,0
BRDA:21,1,1,0
BRDA:29,2,0,0
BRDA:29,2,1,0
BRDA:36,3,0,0
BRDA:36,4,0,0
BRDA:36,4,1,0
BRDA:36,4,2,0
BRDA:41,5,0,0
BRDA:41,5,1,0
BRDA:48,6,0,0
BRDA:48,7,0,0
BRDA:48,7,1,0
BRDA:48,7,2,0
BRDA:48,7,3,0
BRDA:48,7,4,0
BRDA:54,8,0,0
BRDA:54,8,1,0
BRDA:62,9,0,0
BRDA:62,9,1,0
BRDA:80,10,0,0
BRDA:80,10,1,0
BRDA:80,10,2,0
BRDA:80,10,3,0
BRDA:80,10,4,0
BRDA:80,10,5,0
BRDA:80,10,6,0
BRDA:80,10,7,0
BRDA:80,10,8,0
BRDA:80,10,9,0
BRDA:80,10,10,0
BRDA:80,10,11,0
BRDA:80,10,12,0
BRDA:80,10,13,0
BRDA:117,11,0,0
BRDA:138,12,0,0
BRDA:145,13,0,0
BRF:38
BRH:0
end_of_record
TN:
SF:src/utils/constants.ts
FN:76,formatEnumForApi
FN:88,formatEnumForDb
FNF:2
FNH:0
FNDA:0,formatEnumForApi
FNDA:0,formatEnumForDb
DA:13,0
DA:30,0
DA:44,0
DA:57,0
DA:76,0
DA:78,0
DA:88,0
DA:90,0
LF:8
LH:0
BRF:0
BRH:0
end_of_record
TN:
SF:src/utils/error-handler.ts
FN:9,(anonymous_0)
FN:61,(anonymous_1)
FN:73,(anonymous_2)
FN:88,(anonymous_3)
FN:101,handleError
FN:106,(anonymous_5)
FN:128,(anonymous_6)
FN:188,mapErrorCodeToTRPC
FN:234,formatZodError
FN:248,createNotFoundError
FN:262,createValidationError
FN:273,createUnauthorizedError
FN:282,createForbiddenError
FN:291,createDatabaseError
FN:301,createExternalServiceError
FN:318,createGoogleApiError
FN:331,formatErrorResponse
FN:339,(anonymous_17)
FNF:18
FNH:16
FNDA:1,(anonymous_0)
FNDA:14,(anonymous_1)
FNDA:14,(anonymous_2)
FNDA:1,(anonymous_3)
FNDA:17,handleError
FNDA:17,(anonymous_5)
FNDA:4,(anonymous_6)
FNDA:2,mapErrorCodeToTRPC
FNDA:2,formatZodError
FNDA:2,createNotFoundError
FNDA:1,createValidationError
FNDA:2,createUnauthorizedError
FNDA:2,createForbiddenError
FNDA:1,createDatabaseError
FNDA:1,createExternalServiceError
FNDA:1,createGoogleApiError
FNDA:0,formatErrorResponse
FNDA:0,(anonymous_17)
DA:4,1
DA:5,1
DA:6,1
DA:9,1
DA:11,1
DA:12,1
DA:13,1
DA:16,1
DA:17,1
DA:18,1
DA:21,1
DA:22,1
DA:23,1
DA:26,1
DA:27,1
DA:28,1
DA:31,1
DA:32,1
DA:35,1
DA:36,1
DA:37,1
DA:40,1
DA:41,1
DA:44,1
DA:45,1
DA:49,1
DA:62,14
DA:63,14
DA:64,14
DA:78,14
DA:89,1
DA:101,1
DA:103,17
DA:106,17
DA:107,17
DA:117,17
DA:119,2
DA:124,15
DA:126,2
DA:127,2
DA:128,4
DA:131,2
DA:136,13
DA:138,1
DA:139,12
DA:141,8
DA:142,2
DA:147,6
DA:150,2
DA:155,4
DA:158,2
DA:165,2
DA:173,4
DA:177,4
DA:189,2
DA:191,2
DA:195,0
DA:199,0
DA:203,0
DA:206,2
DA:210,0
DA:213,0
DA:216,0
DA:227,0
DA:235,2
DA:237,2
DA:238,4
DA:239,4
DA:242,2
DA:248,1
DA:249,2
DA:253,2
DA:262,1
DA:263,1
DA:273,1
DA:274,2
DA:282,1
DA:283,2
DA:291,1
DA:292,1
DA:301,1
DA:306,1
DA:318,1
DA:319,1
DA:331,1
DA:333,0
DA:339,0
DA:340,0
DA:351,0
DA:352,0
DA:358,0
DA:361,0
DA:363,0
DA:364,0
DA:366,0
DA:367,0
DA:369,0
DA:370,0
DA:372,0
DA:373,0
DA:375,0
DA:378,0
DA:384,0
DA:385,0
DA:388,0
DA:389,0
DA:390,0
DA:392,0
DA:393,0
DA:395,0
DA:396,0
DA:398,0
DA:401,0
DA:408,0
LF:114
LH:78
BRDA:9,0,0,1
BRDA:9,0,1,1
BRDA:66,1,0,14
BRDA:66,1,1,14
BRDA:108,2,0,17
BRDA:108,2,1,17
BRDA:108,2,2,13
BRDA:108,2,3,2
BRDA:108,2,4,2
BRDA:108,2,5,2
BRDA:117,3,0,2
BRDA:117,3,1,15
BRDA:124,4,0,2
BRDA:124,4,1,13
BRDA:136,5,0,1
BRDA:136,5,1,12
BRDA:139,6,0,8
BRDA:139,6,1,4
BRDA:141,7,0,2
BRDA:141,7,1,6
BRDA:141,8,0,8
BRDA:141,8,1,6
BRDA:147,9,0,2
BRDA:147,9,1,4
BRDA:147,10,0,6
BRDA:147,10,1,4
BRDA:147,10,2,4
BRDA:155,11,0,2
BRDA:155,11,1,2
BRDA:155,12,0,4
BRDA:155,12,1,4
BRDA:155,12,2,4
BRDA:173,13,0,2
BRDA:173,13,1,2
BRDA:189,14,0,2
BRDA:189,14,1,0
BRDA:191,15,0,0
BRDA:191,15,1,0
BRDA:191,15,2,0
BRDA:191,15,3,0
BRDA:191,15,4,0
BRDA:191,15,5,0
BRDA:191,15,6,0
BRDA:191,15,7,2
BRDA:191,15,8,0
BRDA:191,15,9,0
BRDA:191,15,10,0
BRDA:191,15,11,0
BRDA:191,15,12,0
BRDA:191,15,13,0
BRDA:191,15,14,0
BRDA:191,15,15,0
BRDA:191,15,16,0
BRDA:191,15,17,0
BRDA:191,15,18,0
BRDA:191,15,19,0
BRDA:191,15,20,0
BRDA:238,16,0,4
BRDA:238,16,1,0
BRDA:249,17,0,1
BRDA:249,17,1,1
BRDA:255,18,0,1
BRDA:255,18,1,1
BRDA:273,19,0,1
BRDA:282,20,0,1
BRDA:341,21,0,0
BRDA:341,21,1,0
BRDA:341,21,2,0
BRDA:341,21,3,0
BRDA:341,21,4,0
BRDA:341,21,5,0
BRDA:351,22,0,0
BRDA:351,22,1,0
BRDA:358,23,0,0
BRDA:358,23,1,0
BRDA:358,24,0,0
BRDA:358,24,1,0
BRDA:358,24,2,0
BRDA:361,25,0,0
BRDA:361,25,1,0
BRDA:361,25,2,0
BRDA:361,25,3,0
BRDA:361,25,4,0
BRDA:379,26,0,0
BRDA:379,26,1,0
BRDA:384,27,0,0
BRDA:388,28,0,0
BRDA:388,28,1,0
BRDA:390,29,0,0
BRDA:390,29,1,0
BRDA:390,30,0,0
BRDA:390,30,1,0
BRDA:393,31,0,0
BRDA:393,31,1,0
BRDA:393,32,0,0
BRDA:393,32,1,0
BRDA:396,33,0,0
BRDA:396,34,0,0
BRDA:396,34,1,0
BRF:99
BRH:43
end_of_record
