TN:
SF:src/cache/index.ts
FNF:0
FNH:0
DA:1,0
LF:1
LH:0
BRF:0
BRH:0
end_of_record
TN:
SF:src/cache/redis.ts
FN:10,(anonymous_1)
FN:22,(anonymous_2)
FN:24,(anonymous_3)
FN:29,(anonymous_4)
FN:34,(anonymous_5)
FN:39,(anonymous_6)
FN:49,(anonymous_7)
FN:56,(anonymous_8)
FN:60,(anonymous_9)
FN:71,(anonymous_10)
FNF:10
FNH:0
FNDA:0,(anonymous_1)
FNDA:0,(anonymous_2)
FNDA:0,(anonymous_3)
FNDA:0,(anonymous_4)
FNDA:0,(anonymous_5)
FNDA:0,(anonymous_6)
FNDA:0,(anonymous_7)
FNDA:0,(anonymous_8)
FNDA:0,(anonymous_9)
FNDA:0,(anonymous_10)
DA:1,0
DA:2,0
DA:3,0
DA:6,0
DA:11,0
DA:12,0
DA:18,0
DA:19,0
DA:20,0
DA:25,0
DA:26,0
DA:29,0
DA:30,0
DA:31,0
DA:34,0
DA:35,0
DA:36,0
DA:39,0
DA:40,0
DA:41,0
DA:45,0
DA:51,0
DA:53,0
DA:57,0
DA:61,0
DA:62,0
DA:63,0
DA:64,0
DA:65,0
DA:71,0
LF:30
LH:0
BRDA:9,0,0,0
BRDA:9,0,1,0
BRDA:25,1,0,0
BRDA:57,2,0,0
BRDA:57,2,1,0
BRDA:61,3,0,0
BRF:6
BRH:0
end_of_record
TN:
SF:src/config/index.ts
FNF:0
FNH:0
DA:1,0
DA:2,0
DA:5,0
DA:8,0
DA:29,0
DA:31,0
DA:32,0
DA:33,0
DA:37,0
LF:9
LH:0
BRDA:31,0,0,0
BRDA:47,1,0,0
BRDA:47,1,1,0
BRF:3
BRH:0
end_of_record
TN:
SF:src/db/client.ts
FN:21,(anonymous_0)
FN:30,(anonymous_1)
FNF:2
FNH:0
FNDA:0,(anonymous_0)
FNDA:0,(anonymous_1)
DA:5,0
DA:6,0
DA:9,0
DA:11,0
DA:21,0
DA:22,0
DA:30,0
DA:31,0
DA:32,0
DA:33,0
DA:35,0
DA:40,0
DA:45,0
DA:46,0
DA:50,0
LF:15
LH:0
BRDA:11,0,0,0
BRDA:11,0,1,0
BRDA:45,1,0,0
BRF:3
BRH:0
end_of_record
TN:
SF:src/db/index.ts
FN:21,connectToDatabase
FN:34,disconnectFromDatabase
FN:48,healthCheck
FNF:3
FNH:0
FNDA:0,connectToDatabase
FNDA:0,disconnectFromDatabase
FNDA:0,healthCheck
DA:5,0
DA:8,0
DA:11,0
DA:12,0
DA:13,0
DA:14,0
DA:15,0
DA:16,0
DA:17,0
DA:18,0
DA:21,0
DA:22,0
DA:24,0
DA:25,0
DA:26,0
DA:28,0
DA:29,0
DA:34,0
DA:35,0
DA:36,0
DA:37,0
DA:38,0
DA:40,0
DA:41,0
DA:48,0
DA:49,0
DA:51,0
DA:52,0
DA:54,0
LF:29
LH:0
BRDA:57,0,0,0
BRDA:57,0,1,0
BRF:2
BRH:0
end_of_record
TN:
SF:src/db/services/analytics.service.ts
FN:14,getTaskCompletionStats
FN:53,(anonymous_2)
FN:64,(anonymous_3)
FN:70,(anonymous_4)
FN:82,getUserWorkload
FN:104,(anonymous_6)
FN:111,(anonymous_7)
FN:123,getTasksByPriority
FN:139,(anonymous_9)
FN:146,(anonymous_10)
FN:161,getCompletionTimeByPriority
FN:182,(anonymous_12)
FN:200,(anonymous_13)
FN:202,(anonymous_14)
FN:204,(anonymous_15)
FNF:15
FNH:0
FNDA:0,getTaskCompletionStats
FNDA:0,(anonymous_2)
FNDA:0,(anonymous_3)
FNDA:0,(anonymous_4)
FNDA:0,getUserWorkload
FNDA:0,(anonymous_6)
FNDA:0,(anonymous_7)
FNDA:0,getTasksByPriority
FNDA:0,(anonymous_9)
FNDA:0,(anonymous_10)
FNDA:0,getCompletionTimeByPriority
FNDA:0,(anonymous_12)
FNDA:0,(anonymous_13)
FNDA:0,(anonymous_14)
FNDA:0,(anonymous_15)
DA:4,0
DA:5,0
DA:7,0
DA:14,0
DA:15,0
DA:16,0
DA:20,0
DA:22,0
DA:23,0
DA:25,0
DA:26,0
DA:28,0
DA:29,0
DA:31,0
DA:35,0
DA:51,0
DA:53,0
DA:54,0
DA:56,0
DA:57,0
DA:60,0
DA:64,0
DA:70,0
DA:72,0
DA:74,0
DA:82,0
DA:83,0
DA:85,0
DA:104,0
DA:111,0
DA:113,0
DA:115,0
DA:123,0
DA:124,0
DA:126,0
DA:139,0
DA:145,0
DA:146,0
DA:147,0
DA:151,0
DA:153,0
DA:161,0
DA:162,0
DA:164,0
DA:176,0
DA:182,0
DA:183,0
DA:185,0
DA:186,0
DA:190,0
DA:191,0
DA:192,0
DA:194,0
DA:198,0
DA:200,0
DA:202,0
DA:204,0
DA:207,0
DA:216,0
LF:59
LH:0
BRDA:20,0,0,0
BRDA:20,0,1,0
BRDA:20,0,2,0
BRDA:20,0,3,0
BRDA:56,1,0,0
BRDA:185,2,0,0
BRDA:185,3,0,0
BRDA:185,3,1,0
BRDA:185,3,2,0
BRDA:199,4,0,0
BRDA:199,4,1,0
BRDA:201,5,0,0
BRDA:201,5,1,0
BRDA:203,6,0,0
BRDA:203,6,1,0
BRF:15
BRH:0
end_of_record
TN:
SF:src/db/services/attachment.service.ts
FN:11,getAttachmentsByTaskId
FN:27,getAttachmentById
FN:51,createAttachment
FN:65,deleteAttachment
FN:83,generateThumbnailUrl
FN:101,generateFileUrl
FNF:6
FNH:0
FNDA:0,getAttachmentsByTaskId
FNDA:0,getAttachmentById
FNDA:0,createAttachment
FNDA:0,deleteAttachment
FNDA:0,generateThumbnailUrl
FNDA:0,generateFileUrl
DA:5,0
DA:6,0
DA:11,0
DA:12,0
DA:13,0
DA:20,0
DA:27,0
DA:28,0
DA:29,0
DA:43,0
DA:51,0
DA:52,0
DA:53,0
DA:57,0
DA:65,0
DA:66,0
DA:67,0
DA:70,0
DA:72,0
DA:83,0
DA:85,0
DA:86,0
DA:91,0
DA:92,0
DA:101,0
DA:104,0
DA:105,0
LF:27
LH:0
BRDA:85,0,0,0
BRF:1
BRH:0
end_of_record
TN:
SF:src/db/services/comment.service.ts
FN:11,getCommentsByTaskId
FN:48,getCommentCount
FN:61,createComment
FN:84,getCommentById
FN:115,updateComment
FN:139,deleteComment
FN:155,extractMentions
FN:158,(anonymous_8)
FN:166,resolveUserIds
FN:172,(anonymous_10)
FN:184,(anonymous_11)
FNF:11
FNH:0
FNDA:0,getCommentsByTaskId
FNDA:0,getCommentCount
FNDA:0,createComment
FNDA:0,getCommentById
FNDA:0,updateComment
FNDA:0,deleteComment
FNDA:0,extractMentions
FNDA:0,(anonymous_8)
FNDA:0,resolveUserIds
FNDA:0,(anonymous_10)
FNDA:0,(anonymous_11)
DA:5,0
DA:6,0
DA:11,0
DA:12,0
DA:13,0
DA:41,0
DA:48,0
DA:49,0
DA:50,0
DA:54,0
DA:61,0
DA:62,0
DA:63,0
DA:77,0
DA:84,0
DA:85,0
DA:86,0
DA:108,0
DA:115,0
DA:116,0
DA:117,0
DA:132,0
DA:139,0
DA:140,0
DA:141,0
DA:144,0
DA:146,0
DA:155,0
DA:156,0
DA:157,0
DA:158,0
DA:166,0
DA:167,0
DA:168,0
DA:170,0
DA:172,0
DA:184,0
DA:186,0
LF:38
LH:0
BRDA:168,0,0,0
BRF:1
BRH:0
end_of_record
TN:
SF:src/db/services/google.service.ts
FN:12,getConnectionStatus
FN:51,getCalendarEvents
FN:66,(anonymous_3)
FN:91,createCalendarEvent
FN:140,updateCalendarEvent
FN:201,deleteCalendarEvent
FN:244,syncCalendar
FN:283,importGoogleTaskAsTask
FNF:8
FNH:0
FNDA:0,getConnectionStatus
FNDA:0,getCalendarEvents
FNDA:0,(anonymous_3)
FNDA:0,createCalendarEvent
FNDA:0,updateCalendarEvent
FNDA:0,deleteCalendarEvent
FNDA:0,syncCalendar
FNDA:0,importGoogleTaskAsTask
DA:4,0
DA:5,0
DA:12,0
DA:13,0
DA:14,0
DA:26,0
DA:27,0
DA:30,0
DA:32,0
DA:42,0
DA:51,0
DA:52,0
DA:54,0
DA:56,0
DA:57,0
DA:62,0
DA:66,0
DA:78,0
DA:79,0
DA:81,0
DA:91,0
DA:92,0
DA:94,0
DA:96,0
DA:97,0
DA:102,0
DA:115,0
DA:126,0
DA:127,0
DA:129,0
DA:140,0
DA:141,0
DA:143,0
DA:145,0
DA:146,0
DA:150,0
DA:160,0
DA:161,0
DA:165,0
DA:177,0
DA:188,0
DA:189,0
DA:191,0
DA:201,0
DA:202,0
DA:204,0
DA:206,0
DA:207,0
DA:211,0
DA:221,0
DA:222,0
DA:226,0
DA:230,0
DA:232,0
DA:233,0
DA:235,0
DA:244,0
DA:245,0
DA:247,0
DA:249,0
DA:250,0
DA:257,0
DA:261,0
DA:269,0
DA:270,0
DA:272,0
DA:283,0
DA:284,0
DA:286,0
DA:288,0
DA:289,0
DA:296,0
DA:309,0
DA:329,0
DA:330,0
DA:332,0
LF:76
LH:0
BRDA:26,0,0,0
BRDA:30,1,0,0
BRDA:30,1,1,0
BRDA:34,2,0,0
BRDA:34,2,1,0
BRDA:56,3,0,0
BRDA:75,4,0,0
BRDA:75,4,1,0
BRDA:78,5,0,0
BRDA:78,6,0,0
BRDA:78,6,1,0
BRDA:96,7,0,0
BRDA:126,8,0,0
BRDA:126,9,0,0
BRDA:126,9,1,0
BRDA:145,10,0,0
BRDA:160,11,0,0
BRDA:168,12,0,0
BRDA:168,12,1,0
BRDA:169,13,0,0
BRDA:169,13,1,0
BRDA:170,14,0,0
BRDA:170,14,1,0
BRDA:171,15,0,0
BRDA:171,15,1,0
BRDA:172,16,0,0
BRDA:172,16,1,0
BRDA:173,17,0,0
BRDA:173,17,1,0
BRDA:188,18,0,0
BRDA:188,19,0,0
BRDA:188,19,1,0
BRDA:206,20,0,0
BRDA:221,21,0,0
BRDA:232,22,0,0
BRDA:232,23,0,0
BRDA:232,23,1,0
BRDA:249,24,0,0
BRDA:269,25,0,0
BRDA:269,26,0,0
BRDA:269,26,1,0
BRDA:283,27,0,0
BRDA:288,28,0,0
BRDA:298,29,0,0
BRDA:298,29,1,0
BRDA:299,30,0,0
BRDA:299,30,1,0
BRDA:303,31,0,0
BRDA:303,31,1,0
BRDA:317,32,0,0
BRDA:317,32,1,0
BRDA:323,33,0,0
BRDA:323,33,1,0
BRDA:324,34,0,0
BRDA:324,34,1,0
BRDA:325,35,0,0
BRDA:325,35,1,0
BRDA:329,36,0,0
BRDA:329,37,0,0
BRDA:329,37,1,0
BRF:60
BRH:0
end_of_record
TN:
SF:src/db/services/index.ts
FNF:0
FNH:0
DA:6,0
DA:7,0
DA:8,0
DA:9,0
DA:10,0
DA:11,0
DA:12,0
DA:13,0
LF:8
LH:0
BRF:0
BRH:0
end_of_record
TN:
SF:src/db/services/notification.service.ts
FN:12,getUserNotifications
FN:28,getNotificationById
FN:41,createNotification
FN:54,markAsRead
FN:70,markAllAsRead
FN:91,getUnreadCount
FN:107,createTaskAssignedNotification
FN:130,createCommentMentionNotification
FN:153,createTaskUpdatedNotification
FN:176,createDueDateReminderNotification
FNF:10
FNH:0
FNDA:0,getUserNotifications
FNDA:0,getNotificationById
FNDA:0,createNotification
FNDA:0,markAsRead
FNDA:0,markAllAsRead
FNDA:0,getUnreadCount
FNDA:0,createTaskAssignedNotification
FNDA:0,createCommentMentionNotification
FNDA:0,createTaskUpdatedNotification
FNDA:0,createDueDateReminderNotification
DA:4,0
DA:5,0
DA:6,0
DA:12,0
DA:13,0
DA:14,0
DA:21,0
DA:28,0
DA:29,0
DA:30,0
DA:34,0
DA:41,0
DA:42,0
DA:43,0
DA:47,0
DA:54,0
DA:55,0
DA:56,0
DA:63,0
DA:70,0
DA:71,0
DA:72,0
DA:82,0
DA:84,0
DA:91,0
DA:92,0
DA:93,0
DA:100,0
DA:107,0
DA:108,0
DA:109,0
DA:123,0
DA:130,0
DA:131,0
DA:132,0
DA:146,0
DA:153,0
DA:154,0
DA:155,0
DA:169,0
DA:176,0
DA:177,0
DA:178,0
DA:192,0
LF:44
LH:0
BRDA:182,0,0,0
BRDA:182,0,1,0
BRF:2
BRH:0
end_of_record
TN:
SF:src/db/services/task.service.ts
FN:11,getAllTasks
FN:52,getTaskById
FN:100,getTasksByStatus
FN:150,searchTasks
FN:180,createTask
FN:209,updateTask
FN:239,deleteTask
FN:253,updateTaskStatus
FN:275,updateTaskAssignee
FN:297,startTimeTracking
FN:319,stopTimeTracking
FNF:11
FNH:0
FNDA:0,getAllTasks
FNDA:0,getTaskById
FNDA:0,getTasksByStatus
FNDA:0,searchTasks
FNDA:0,createTask
FNDA:0,updateTask
FNDA:0,deleteTask
FNDA:0,updateTaskStatus
FNDA:0,updateTaskAssignee
FNDA:0,startTimeTracking
FNDA:0,stopTimeTracking
DA:5,0
DA:6,0
DA:11,0
DA:12,0
DA:13,0
DA:45,0
DA:52,0
DA:53,0
DA:54,0
DA:93,0
DA:100,0
DA:101,0
DA:104,0
DA:116,0
DA:143,0
DA:150,0
DA:151,0
DA:152,0
DA:173,0
DA:180,0
DA:181,0
DA:182,0
DA:202,0
DA:209,0
DA:210,0
DA:211,0
DA:232,0
DA:239,0
DA:240,0
DA:241,0
DA:244,0
DA:246,0
DA:253,0
DA:254,0
DA:255,0
DA:268,0
DA:275,0
DA:276,0
DA:277,0
DA:290,0
DA:297,0
DA:298,0
DA:299,0
DA:312,0
DA:319,0
DA:320,0
DA:322,0
DA:330,0
DA:331,0
DA:335,0
DA:336,0
DA:337,0
DA:340,0
DA:355,0
LF:54
LH:0
BRDA:104,0,0,0
BRDA:104,0,1,0
BRDA:159,1,0,0
BRDA:159,1,1,0
BRDA:330,2,0,0
BRDA:330,3,0,0
BRDA:330,3,1,0
BRF:7
BRH:0
end_of_record
TN:
SF:src/db/services/template.service.ts
FN:11,getAllTemplates
FN:29,getTemplateById
FN:42,getTemplatesByCategory
FN:58,getTemplateCategories
FN:70,(anonymous_5)
FN:71,(anonymous_6)
FN:80,searchTemplates
FN:103,createTemplate
FN:116,updateTemplate
FN:130,deleteTemplate
FN:144,incrementTemplateUsage
FNF:11
FNH:0
FNDA:0,getAllTemplates
FNDA:0,getTemplateById
FNDA:0,getTemplatesByCategory
FNDA:0,getTemplateCategories
FNDA:0,(anonymous_5)
FNDA:0,(anonymous_6)
FNDA:0,searchTemplates
FNDA:0,createTemplate
FNDA:0,updateTemplate
FNDA:0,deleteTemplate
FNDA:0,incrementTemplateUsage
DA:5,0
DA:6,0
DA:11,0
DA:12,0
DA:13,0
DA:22,0
DA:29,0
DA:30,0
DA:31,0
DA:35,0
DA:42,0
DA:43,0
DA:44,0
DA:51,0
DA:58,0
DA:59,0
DA:60,0
DA:69,0
DA:70,0
DA:71,0
DA:73,0
DA:80,0
DA:81,0
DA:82,0
DA:96,0
DA:103,0
DA:104,0
DA:105,0
DA:109,0
DA:116,0
DA:117,0
DA:118,0
DA:123,0
DA:130,0
DA:131,0
DA:132,0
DA:135,0
DA:137,0
DA:144,0
DA:145,0
DA:146,0
DA:155,0
LF:42
LH:0
BRF:0
BRH:0
end_of_record
TN:
SF:src/db/services/user.service.ts
FN:13,getAllUsers
FN:51,getUserById
FN:86,getUserByEmail
FN:113,getUserByGoogleId
FN:139,createUser
FN:192,updateUser
FN:219,deleteUser
FN:222,(anonymous_8)
FN:278,getUserDeletionStats
FN:329,updateUserRole
FN:351,verifyPassword
FN:362,updateUserPassword
FN:381,updateLoginTimestamp
FN:397,connectGoogleAccount
FN:428,disconnectGoogleAccount
FN:452,updateUserPreferences
FN:486,updateUserAvatar
FN:494,(anonymous_18)
FNF:18
FNH:0
FNDA:0,getAllUsers
FNDA:0,getUserById
FNDA:0,getUserByEmail
FNDA:0,getUserByGoogleId
FNDA:0,createUser
FNDA:0,updateUser
FNDA:0,deleteUser
FNDA:0,(anonymous_8)
FNDA:0,getUserDeletionStats
FNDA:0,updateUserRole
FNDA:0,verifyPassword
FNDA:0,updateUserPassword
FNDA:0,updateLoginTimestamp
FNDA:0,connectGoogleAccount
FNDA:0,disconnectGoogleAccount
FNDA:0,updateUserPreferences
FNDA:0,updateUserAvatar
FNDA:0,(anonymous_18)
DA:4,0
DA:5,0
DA:6,0
DA:7,0
DA:13,0
DA:14,0
DA:15,0
DA:44,0
DA:51,0
DA:52,0
DA:53,0
DA:79,0
DA:86,0
DA:87,0
DA:88,0
DA:106,0
DA:113,0
DA:114,0
DA:115,0
DA:132,0
DA:139,0
DA:140,0
DA:142,0
DA:145,0
DA:146,0
DA:149,0
DA:150,0
DA:154,0
DA:155,0
DA:159,0
DA:160,0
DA:163,0
DA:176,0
DA:179,0
DA:181,0
DA:185,0
DA:192,0
DA:193,0
DA:194,0
DA:211,0
DA:219,0
DA:220,0
DA:222,0
DA:224,0
DA:228,0
DA:229,0
DA:240,0
DA:245,0
DA:251,0
DA:257,0
DA:263,0
DA:267,0
DA:270,0
DA:278,0
DA:279,0
DA:280,0
DA:294,0
DA:295,0
DA:298,0
DA:322,0
DA:329,0
DA:330,0
DA:331,0
DA:344,0
DA:351,0
DA:352,0
DA:353,0
DA:355,0
DA:362,0
DA:363,0
DA:364,0
DA:365,0
DA:367,0
DA:374,0
DA:381,0
DA:382,0
DA:383,0
DA:390,0
DA:397,0
DA:404,0
DA:405,0
DA:421,0
DA:428,0
DA:429,0
DA:430,0
DA:445,0
DA:452,0
DA:453,0
DA:455,0
DA:463,0
DA:468,0
DA:479,0
DA:486,0
DA:487,0
DA:489,0
DA:491,0
DA:493,0
DA:494,0
DA:496,0
DA:497,0
DA:501,0
DA:502,0
DA:503,0
DA:505,0
DA:506,0
DA:512,0
DA:532,0
DA:533,0
DA:536,0
LF:109
LH:0
BRDA:149,0,0,0
BRDA:149,1,0,0
BRDA:149,1,1,0
BRDA:154,2,0,0
BRDA:154,3,0,0
BRDA:154,3,1,0
BRDA:159,4,0,0
BRDA:159,5,0,0
BRDA:159,5,1,0
BRDA:179,6,0,0
BRDA:179,7,0,0
BRDA:179,7,1,0
BRDA:228,8,0,0
BRDA:294,9,0,0
BRDA:411,10,0,0
BRDA:411,10,1,0
BRDA:464,11,0,0
BRDA:464,11,1,0
BRDA:489,12,0,0
BRDA:491,13,0,0
BRDA:496,14,0,0
BRDA:505,15,0,0
BRDA:532,16,0,0
BRDA:532,17,0,0
BRDA:532,17,1,0
BRF:25
BRH:0
end_of_record
TN:
SF:src/routers/analytics.router.ts
FN:15,(anonymous_9)
FN:15,(anonymous_10)
FN:24,(anonymous_11)
FN:24,(anonymous_12)
FN:33,(anonymous_13)
FN:33,(anonymous_14)
FN:42,(anonymous_15)
FN:42,(anonymous_16)
FNF:8
FNH:0
FNDA:0,(anonymous_9)
FNDA:0,(anonymous_10)
FNDA:0,(anonymous_11)
FNDA:0,(anonymous_12)
FNDA:0,(anonymous_13)
FNDA:0,(anonymous_14)
FNDA:0,(anonymous_15)
FNDA:0,(anonymous_16)
DA:1,0
DA:2,0
DA:3,0
DA:4,0
DA:8,0
DA:12,0
DA:15,0
DA:16,0
DA:17,0
DA:19,0
DA:24,0
DA:25,0
DA:26,0
DA:28,0
DA:33,0
DA:34,0
DA:35,0
DA:37,0
DA:42,0
DA:43,0
DA:44,0
DA:46,0
LF:22
LH:0
BRF:0
BRH:0
end_of_record
TN:
SF:src/routers/google-integration.router.ts
FN:47,(anonymous_9)
FN:47,(anonymous_10)
FN:57,(anonymous_11)
FN:57,(anonymous_12)
FN:67,(anonymous_13)
FN:67,(anonymous_14)
FN:77,(anonymous_15)
FN:77,(anonymous_16)
FN:87,(anonymous_17)
FN:87,(anonymous_18)
FN:96,(anonymous_19)
FN:96,(anonymous_20)
FN:107,(anonymous_21)
FN:107,(anonymous_22)
FN:140,(anonymous_23)
FN:140,(anonymous_24)
FN:150,(anonymous_25)
FN:150,(anonymous_26)
FN:191,(anonymous_27)
FN:191,(anonymous_28)
FNF:20
FNH:0
FNDA:0,(anonymous_9)
FNDA:0,(anonymous_10)
FNDA:0,(anonymous_11)
FNDA:0,(anonymous_12)
FNDA:0,(anonymous_13)
FNDA:0,(anonymous_14)
FNDA:0,(anonymous_15)
FNDA:0,(anonymous_16)
FNDA:0,(anonymous_17)
FNDA:0,(anonymous_18)
FNDA:0,(anonymous_19)
FNDA:0,(anonymous_20)
FNDA:0,(anonymous_21)
FNDA:0,(anonymous_22)
FNDA:0,(anonymous_23)
FNDA:0,(anonymous_24)
FNDA:0,(anonymous_25)
FNDA:0,(anonymous_26)
FNDA:0,(anonymous_27)
FNDA:0,(anonymous_28)
DA:1,0
DA:2,0
DA:3,0
DA:4,0
DA:5,0
DA:9,0
DA:21,0
DA:36,0
DA:40,0
DA:44,0
DA:47,0
DA:48,0
DA:49,0
DA:51,0
DA:57,0
DA:58,0
DA:59,0
DA:61,0
DA:67,0
DA:68,0
DA:69,0
DA:71,0
DA:77,0
DA:78,0
DA:79,0
DA:81,0
DA:87,0
DA:88,0
DA:89,0
DA:91,0
DA:96,0
DA:97,0
DA:98,0
DA:99,0
DA:101,0
DA:107,0
DA:108,0
DA:110,0
DA:112,0
DA:113,0
DA:117,0
DA:134,0
DA:140,0
DA:141,0
DA:142,0
DA:144,0
DA:150,0
DA:151,0
DA:153,0
DA:155,0
DA:156,0
DA:160,0
DA:185,0
DA:191,0
DA:192,0
DA:193,0
DA:195,0
LF:57
LH:0
BRDA:112,0,0,0
BRDA:155,1,0,0
BRF:2
BRH:0
end_of_record
TN:
SF:src/routers/notifications.router.ts
FN:21,(anonymous_9)
FN:51,(anonymous_10)
FN:51,(anonymous_11)
FN:75,(anonymous_12)
FN:75,(anonymous_13)
FN:105,(anonymous_14)
FN:105,(anonymous_15)
FN:123,(anonymous_16)
FN:123,(anonymous_17)
FNF:9
FNH:0
FNDA:0,(anonymous_9)
FNDA:0,(anonymous_10)
FNDA:0,(anonymous_11)
FNDA:0,(anonymous_12)
FNDA:0,(anonymous_13)
FNDA:0,(anonymous_14)
FNDA:0,(anonymous_15)
FNDA:0,(anonymous_16)
FNDA:0,(anonymous_17)
DA:1,0
DA:2,0
DA:3,0
DA:4,0
DA:5,0
DA:21,0
DA:32,0
DA:45,0
DA:49,0
DA:51,0
DA:62,0
DA:64,0
DA:67,0
DA:69,0
DA:75,0
DA:79,0
DA:81,0
DA:83,0
DA:84,0
DA:88,0
DA:89,0
DA:93,0
DA:95,0
DA:100,0
DA:105,0
DA:109,0
DA:111,0
DA:113,0
DA:118,0
DA:123,0
DA:124,0
DA:126,0
DA:128,0
DA:130,0
LF:34
LH:0
BRDA:39,0,0,0
BRDA:39,0,1,0
BRDA:83,1,0,0
BRDA:88,2,0,0
BRF:4
BRH:0
end_of_record
TN:
SF:src/routers/templates.router.ts
FN:9,(anonymous_9)
FN:74,(anonymous_10)
FN:74,(anonymous_11)
FN:85,(anonymous_12)
FN:85,(anonymous_13)
FN:106,(anonymous_14)
FN:106,(anonymous_15)
FN:116,(anonymous_16)
FN:116,(anonymous_17)
FN:127,(anonymous_18)
FN:127,(anonymous_19)
FN:130,(anonymous_20)
FN:158,(anonymous_21)
FN:158,(anonymous_22)
FN:188,(anonymous_23)
FN:209,(anonymous_24)
FN:209,(anonymous_25)
FN:234,(anonymous_26)
FN:234,(anonymous_27)
FNF:19
FNH:0
FNDA:0,(anonymous_9)
FNDA:0,(anonymous_10)
FNDA:0,(anonymous_11)
FNDA:0,(anonymous_12)
FNDA:0,(anonymous_13)
FNDA:0,(anonymous_14)
FNDA:0,(anonymous_15)
FNDA:0,(anonymous_16)
FNDA:0,(anonymous_17)
FNDA:0,(anonymous_18)
FNDA:0,(anonymous_19)
FNDA:0,(anonymous_20)
FNDA:0,(anonymous_21)
FNDA:0,(anonymous_22)
FNDA:0,(anonymous_23)
FNDA:0,(anonymous_24)
FNDA:0,(anonymous_25)
FNDA:0,(anonymous_26)
FNDA:0,(anonymous_27)
DA:1,0
DA:2,0
DA:3,0
DA:4,0
DA:5,0
DA:6,0
DA:9,0
DA:11,0
DA:21,0
DA:24,0
DA:28,0
DA:32,0
DA:46,0
DA:64,0
DA:68,0
DA:72,0
DA:74,0
DA:75,0
DA:76,0
DA:77,0
DA:79,0
DA:85,0
DA:86,0
DA:87,0
DA:89,0
DA:90,0
DA:94,0
DA:95,0
DA:98,0
DA:100,0
DA:106,0
DA:107,0
DA:108,0
DA:109,0
DA:111,0
DA:116,0
DA:117,0
DA:118,0
DA:119,0
DA:121,0
DA:127,0
DA:128,0
DA:130,0
DA:136,0
DA:149,0
DA:150,0
DA:152,0
DA:158,0
DA:159,0
DA:161,0
DA:163,0
DA:164,0
DA:168,0
DA:169,0
DA:173,0
DA:176,0
DA:187,0
DA:188,0
DA:193,0
DA:200,0
DA:201,0
DA:203,0
DA:209,0
DA:210,0
DA:212,0
DA:214,0
DA:215,0
DA:219,0
DA:220,0
DA:224,0
DA:226,0
DA:228,0
DA:234,0
DA:235,0
DA:236,0
DA:237,0
DA:239,0
LF:77
LH:0
BRDA:15,0,0,0
BRDA:15,0,1,0
BRDA:16,1,0,0
BRDA:16,1,1,0
BRDA:89,2,0,0
BRDA:94,3,0,0
BRDA:94,4,0,0
BRDA:94,4,1,0
BRDA:130,5,0,0
BRDA:130,5,1,0
BRDA:132,6,0,0
BRDA:132,6,1,0
BRDA:140,7,0,0
BRDA:140,7,1,0
BRDA:142,8,0,0
BRDA:142,8,1,0
BRDA:143,9,0,0
BRDA:143,9,1,0
BRDA:143,10,0,0
BRDA:143,10,1,0
BRDA:163,11,0,0
BRDA:168,12,0,0
BRDA:168,13,0,0
BRDA:168,13,1,0
BRDA:177,14,0,0
BRDA:177,14,1,0
BRDA:178,15,0,0
BRDA:178,15,1,0
BRDA:179,16,0,0
BRDA:179,16,1,0
BRDA:180,17,0,0
BRDA:180,17,1,0
BRDA:181,18,0,0
BRDA:181,18,1,0
BRDA:182,19,0,0
BRDA:182,19,1,0
BRDA:183,20,0,0
BRDA:183,20,1,0
BRDA:187,21,0,0
BRDA:214,22,0,0
BRDA:219,23,0,0
BRDA:219,24,0,0
BRDA:219,24,1,0
BRF:43
BRH:0
end_of_record
TN:
SF:src/trpc/context.ts
FN:10,createContext
FNF:1
FNH:0
FNDA:0,createContext
DA:4,0
DA:5,0
DA:6,0
DA:7,0
DA:10,0
DA:23,0
DA:26,0
DA:28,0
DA:29,0
DA:32,0
DA:33,0
DA:36,0
DA:37,0
DA:38,0
DA:43,0
DA:47,0
DA:49,0
LF:17
LH:0
BRDA:28,0,0,0
BRDA:28,0,1,0
BRDA:32,1,0,0
BRDA:36,2,0,0
BRDA:36,3,0,0
BRDA:36,3,1,0
BRDA:52,4,0,0
BRDA:52,4,1,0
BRF:8
BRH:0
end_of_record
TN:
SF:src/trpc/router.ts
FNF:0
FNH:0
DA:1,0
DA:2,0
DA:3,0
DA:4,0
DA:5,0
DA:6,0
DA:7,0
DA:8,0
DA:9,0
DA:14,0
LF:10
LH:0
BRF:0
BRH:0
end_of_record
TN:
SF:src/trpc/trpc.ts
FN:13,(anonymous_0)
FN:20,(anonymous_1)
FN:79,getHttpStatusFromError
FN:116,(anonymous_3)
FN:137,(anonymous_4)
FN:176,safeProcedure
FNF:6
FNH:0
FNDA:0,(anonymous_0)
FNDA:0,(anonymous_1)
FNDA:0,getHttpStatusFromError
FNDA:0,(anonymous_3)
FNDA:0,(anonymous_4)
FNDA:0,safeProcedure
DA:1,0
DA:2,0
DA:4,0
DA:12,0
DA:15,0
DA:18,0
DA:20,0
DA:21,0
DA:22,0
DA:25,0
DA:36,0
DA:37,0
DA:48,0
DA:50,0
DA:62,0
DA:65,0
DA:80,0
DA:82,0
DA:84,0
DA:86,0
DA:88,0
DA:90,0
DA:92,0
DA:94,0
DA:96,0
DA:98,0
DA:100,0
DA:102,0
DA:104,0
DA:107,0
DA:112,0
DA:113,0
DA:116,0
DA:117,0
DA:119,0
DA:125,0
DA:134,0
DA:137,0
DA:138,0
DA:139,0
DA:145,0
DA:146,0
DA:152,0
DA:161,0
DA:176,0
DA:177,0
DA:178,0
DA:181,0
LF:48
LH:0
BRDA:18,0,0,0
BRDA:21,1,0,0
BRDA:21,1,1,0
BRDA:29,2,0,0
BRDA:29,2,1,0
BRDA:36,3,0,0
BRDA:36,4,0,0
BRDA:36,4,1,0
BRDA:36,4,2,0
BRDA:41,5,0,0
BRDA:41,5,1,0
BRDA:48,6,0,0
BRDA:48,7,0,0
BRDA:48,7,1,0
BRDA:48,7,2,0
BRDA:48,7,3,0
BRDA:48,7,4,0
BRDA:54,8,0,0
BRDA:54,8,1,0
BRDA:62,9,0,0
BRDA:62,9,1,0
BRDA:80,10,0,0
BRDA:80,10,1,0
BRDA:80,10,2,0
BRDA:80,10,3,0
BRDA:80,10,4,0
BRDA:80,10,5,0
BRDA:80,10,6,0
BRDA:80,10,7,0
BRDA:80,10,8,0
BRDA:80,10,9,0
BRDA:80,10,10,0
BRDA:80,10,11,0
BRDA:80,10,12,0
BRDA:80,10,13,0
BRDA:117,11,0,0
BRDA:138,12,0,0
BRDA:145,13,0,0
BRF:38
BRH:0
end_of_record
TN:
SF:src/utils/constants.ts
FN:76,formatEnumForApi
FN:88,formatEnumForDb
FNF:2
FNH:0
FNDA:0,formatEnumForApi
FNDA:0,formatEnumForDb
DA:13,0
DA:30,0
DA:44,0
DA:57,0
DA:76,0
DA:78,0
DA:88,0
DA:90,0
LF:8
LH:0
BRF:0
BRH:0
end_of_record
TN:
SF:src/utils/error-handler.ts
FN:9,(anonymous_0)
FN:61,(anonymous_1)
FN:73,(anonymous_2)
FN:88,(anonymous_3)
FN:101,handleError
FN:106,(anonymous_5)
FN:130,(anonymous_6)
FN:190,mapErrorCodeToTRPC
FN:236,formatZodError
FN:250,createNotFoundError
FN:264,createValidationError
FN:275,createUnauthorizedError
FN:284,createForbiddenError
FN:293,createDatabaseError
FN:303,createExternalServiceError
FN:320,createGoogleApiError
FN:333,formatErrorResponse
FN:341,(anonymous_17)
FNF:18
FNH:16
FNDA:1,(anonymous_0)
FNDA:14,(anonymous_1)
FNDA:14,(anonymous_2)
FNDA:1,(anonymous_3)
FNDA:17,handleError
FNDA:17,(anonymous_5)
FNDA:4,(anonymous_6)
FNDA:2,mapErrorCodeToTRPC
FNDA:2,formatZodError
FNDA:2,createNotFoundError
FNDA:1,createValidationError
FNDA:2,createUnauthorizedError
FNDA:2,createForbiddenError
FNDA:1,createDatabaseError
FNDA:1,createExternalServiceError
FNDA:1,createGoogleApiError
FNDA:0,formatErrorResponse
FNDA:0,(anonymous_17)
DA:4,1
DA:5,1
DA:6,1
DA:9,1
DA:11,1
DA:12,1
DA:13,1
DA:16,1
DA:17,1
DA:18,1
DA:21,1
DA:22,1
DA:23,1
DA:26,1
DA:27,1
DA:28,1
DA:31,1
DA:32,1
DA:35,1
DA:36,1
DA:37,1
DA:40,1
DA:41,1
DA:44,1
DA:45,1
DA:49,1
DA:62,14
DA:63,14
DA:64,14
DA:78,14
DA:89,1
DA:101,1
DA:103,17
DA:106,17
DA:107,17
DA:119,17
DA:121,2
DA:126,15
DA:128,2
DA:129,2
DA:130,4
DA:133,2
DA:138,13
DA:140,1
DA:141,12
DA:143,8
DA:144,2
DA:149,6
DA:152,2
DA:157,4
DA:160,2
DA:167,2
DA:175,4
DA:179,4
DA:191,2
DA:193,2
DA:197,0
DA:201,0
DA:205,0
DA:208,2
DA:212,0
DA:215,0
DA:218,0
DA:229,0
DA:237,2
DA:239,2
DA:240,4
DA:241,4
DA:244,2
DA:250,1
DA:251,2
DA:255,2
DA:264,1
DA:265,1
DA:275,1
DA:276,2
DA:284,1
DA:285,2
DA:293,1
DA:294,1
DA:303,1
DA:308,1
DA:320,1
DA:321,1
DA:333,1
DA:335,0
DA:341,0
DA:342,0
DA:355,0
DA:356,0
DA:362,0
DA:365,0
DA:366,0
DA:368,0
DA:369,0
DA:371,0
DA:372,0
DA:374,0
DA:375,0
DA:377,0
DA:378,0
DA:380,0
DA:383,0
DA:389,0
DA:390,0
DA:393,0
DA:394,0
DA:395,0
DA:397,0
DA:398,0
DA:400,0
DA:401,0
DA:403,0
DA:406,0
DA:413,0
LF:115
LH:78
BRDA:9,0,0,1
BRDA:9,0,1,1
BRDA:66,1,0,14
BRDA:66,1,1,14
BRDA:108,2,0,17
BRDA:108,2,1,17
BRDA:108,2,2,13
BRDA:108,2,3,13
BRDA:108,2,4,2
BRDA:108,2,5,2
BRDA:108,2,6,2
BRDA:108,2,7,2
BRDA:119,3,0,2
BRDA:119,3,1,15
BRDA:126,4,0,2
BRDA:126,4,1,13
BRDA:138,5,0,1
BRDA:138,5,1,12
BRDA:141,6,0,8
BRDA:141,6,1,4
BRDA:143,7,0,2
BRDA:143,7,1,6
BRDA:143,8,0,8
BRDA:143,8,1,6
BRDA:149,9,0,2
BRDA:149,9,1,4
BRDA:149,10,0,6
BRDA:149,10,1,4
BRDA:149,10,2,4
BRDA:157,11,0,2
BRDA:157,11,1,2
BRDA:157,12,0,4
BRDA:157,12,1,4
BRDA:157,12,2,4
BRDA:175,13,0,2
BRDA:175,13,1,2
BRDA:191,14,0,2
BRDA:191,14,1,0
BRDA:193,15,0,0
BRDA:193,15,1,0
BRDA:193,15,2,0
BRDA:193,15,3,0
BRDA:193,15,4,0
BRDA:193,15,5,0
BRDA:193,15,6,0
BRDA:193,15,7,2
BRDA:193,15,8,0
BRDA:193,15,9,0
BRDA:193,15,10,0
BRDA:193,15,11,0
BRDA:193,15,12,0
BRDA:193,15,13,0
BRDA:193,15,14,0
BRDA:193,15,15,0
BRDA:193,15,16,0
BRDA:193,15,17,0
BRDA:193,15,18,0
BRDA:193,15,19,0
BRDA:193,15,20,0
BRDA:240,16,0,4
BRDA:240,16,1,0
BRDA:251,17,0,1
BRDA:251,17,1,1
BRDA:257,18,0,1
BRDA:257,18,1,1
BRDA:275,19,0,1
BRDA:284,20,0,1
BRDA:312,21,0,1
BRDA:312,21,1,0
BRDA:343,22,0,0
BRDA:343,22,1,0
BRDA:343,22,2,0
BRDA:343,22,3,0
BRDA:343,22,4,0
BRDA:343,22,5,0
BRDA:343,22,6,0
BRDA:343,22,7,0
BRDA:355,23,0,0
BRDA:355,23,1,0
BRDA:362,24,0,0
BRDA:362,24,1,0
BRDA:362,25,0,0
BRDA:362,25,1,0
BRDA:362,25,2,0
BRDA:362,25,3,0
BRDA:366,26,0,0
BRDA:366,26,1,0
BRDA:366,26,2,0
BRDA:366,26,3,0
BRDA:366,26,4,0
BRDA:384,27,0,0
BRDA:384,27,1,0
BRDA:389,28,0,0
BRDA:393,29,0,0
BRDA:393,29,1,0
BRDA:395,30,0,0
BRDA:395,30,1,0
BRDA:395,31,0,0
BRDA:395,31,1,0
BRDA:398,32,0,0
BRDA:398,32,1,0
BRDA:398,33,0,0
BRDA:398,33,1,0
BRDA:401,34,0,0
BRDA:401,35,0,0
BRDA:401,35,1,0
BRF:106
BRH:46
end_of_record
